E:\Chockalingam\Projects\SSDL\Drawing1.dwg,Layout1,30/12/2017 13:27:16,nithish,AutoCAD PDF (General Documentation).pc3,ISO full bleed A4 (210.00 x 297.00 MM),1:1,
E:\Chockalingam\Projects\SSDL\Drawing1.dwg,Layout1,30/12/2017 13:28:36,nithish,AutoCAD PDF (General Documentation).pc3,ISO full bleed A4 (210.00 x 297.00 MM),1:1,
E:\Chockalingam\Projects\SSDL\Drawing1.dwg,Layout1,30/12/2017 13:31:11,nithish,AutoCAD PDF (General Documentation).pc3,ISO full bleed A4 (210.00 x 297.00 MM),1:1,
E:\Chockalingam\Projects\SSDL\Drawing1.dwg,Layout1,30/12/2017 13:31:14,nithish,AutoCAD PDF (General Documentation).pc3,ISO full bleed A4 (210.00 x 297.00 MM),1:1,
E:\Chockalingam\Projects\SSDL\Drawing1.dwg,Layout1,30/12/2017 13:31:18,nithish,AutoCAD PDF (General Documentation).pc3,ISO full bleed A4 (210.00 x 297.00 MM),1:1,
E:\Chockalingam\Projects\SSDL\Drawing1.dwg,Layout1,30/12/2017 13:37:56,nithish,AutoCAD PDF (General Documentation).pc3,ISO full bleed A4 (210.00 x 297.00 MM),1:1,
E:\Chockalingam\Projects\SSDL\Drawing1.dwg,Layout1,30/12/2017 14:03:41,nithish,AutoCAD PDF (General Documentation).pc3,ISO full bleed A4 (210.00 x 297.00 MM),1:1,
E:\Chockalingam\Projects\SSDL\Drawing12.dwg,Layout1,30/12/2017 15:09:04,nithish,AutoCAD PDF (General Documentation).pc3,ISO full bleed A4 (210.00 x 297.00 MM),1:1,
E:\Chockalingam\Projects\SSDL\Drawing12.dwg,Layout1,30/12/2017 15:11:23,nithish,AutoCAD PDF (General Documentation).pc3,ISO full bleed A4 (210.00 x 297.00 MM),1:1,
E:\Chockalingam\Projects\SSDL\Drawing12.dwg,Layout1,30/12/2017 15:34:20,nithish,AutoCAD PDF (General Documentation).pc3,ISO full bleed A4 (210.00 x 297.00 MM),1:1,
E:\Chockalingam\Projects\SSDL\Drawing12.dwg,Layout1,30/12/2017 15:34:26,nithish,AutoCAD PDF (General Documentation).pc3,ISO full bleed A4 (210.00 x 297.00 MM),1:1,
E:\Chockalingam\Projects\SSDL\Drawing12.dwg,Layout1,30/12/2017 15:34:27,nithish,AutoCAD PDF (General Documentation).pc3,ISO full bleed A4 (210.00 x 297.00 MM),1:1,
E:\Chockalingam\Projects\SSDL\Drawing12.dwg,Layout1,30/12/2017 15:49:06,nithish,AutoCAD PDF (General Documentation).pc3,ISO full bleed A4 (210.00 x 297.00 MM),1:1,
E:\Chockalingam\Projects\SSDL\Drawing12.dwg,Layout1,30/12/2017 16:33:11,nithish,AutoCAD PDF (General Documentation).pc3,ISO full bleed A4 (210.00 x 297.00 MM),1:1,
E:\Chockalingam\Projects\SSDL\Drawing12.dwg,Layout1,30/12/2017 16:56:50,nithish,AutoCAD PDF (General Documentation).pc3,ISO full bleed A4 (210.00 x 297.00 MM),1:1,
E:\Chockalingam\Projects\SSDL\Drawing12.dwg,Layout1,31/12/2017 13:40:10,nithish,AutoCAD PDF (General Documentation).pc3,ISO full bleed A4 (210.00 x 297.00 MM),1:1,
E:\Chockalingam\Projects\SSDL\Drawing1.dwg,Layout1,31/12/2017 13:48:50,nithish,AutoCAD PDF (General Documentation).pc3,ISO full bleed A4 (210.00 x 297.00 MM),1:1,
E:\Chockalingam\Projects\SSDL\Drawing1.dwg,Layout1,01/01/2018 06:19:08,nithish,AutoCAD PDF (General Documentation).pc3,ISO full bleed A4 (210.00 x 297.00 MM),1:1,
E:\Chockalingam\Projects\SSDL\Drawing1.dwg,Layout1,01/01/2018 06:24:27,nithish,AutoCAD PDF (General Documentation).pc3,ISO full bleed A4 (210.00 x 297.00 MM),1:1,
E:\Chockalingam\Projects\SSDL\Drawing1.dwg,Layout1,01/01/2018 06:28:43,nithish,AutoCAD PDF (General Documentation).pc3,ISO full bleed A4 (210.00 x 297.00 MM),1:1,
E:\Chockalingam\Projects\SSDL\Drawing1.dwg,Layout1,01/01/2018 06:33:04,nithish,AutoCAD PDF (General Documentation).pc3,ISO full bleed A4 (210.00 x 297.00 MM),1:1,
E:\Chockalingam\Projects\SSDL\Drawing1.dwg,Layout1,01/01/2018 06:44:31,nithish,AutoCAD PDF (General Documentation).pc3,ISO full bleed A4 (210.00 x 297.00 MM),1:1,
E:\Chockalingam\Projects\SSDL\Drawing1.dwg,Layout1,01/01/2018 06:44:45,nithish,AutoCAD PDF (General Documentation).pc3,ISO full bleed A4 (210.00 x 297.00 MM),1:1,
E:\Chockalingam\Projects\SSDL\Drawing1.dwg,Layout1,01/01/2018 06:45:04,nithish,AutoCAD PDF (General Documentation).pc3,ISO full bleed A4 (210.00 x 297.00 MM),1:1,
E:\Chockalingam\Projects\SSDL\Drawing1.dwg,Layout1,01/01/2018 06:45:08,nithish,AutoCAD PDF (General Documentation).pc3,ISO full bleed A4 (210.00 x 297.00 MM),1:1,
E:\Chockalingam\Projects\SSDL\Drawing1.dwg,Layout1,01/01/2018 06:47:07,nithish,AutoCAD PDF (General Documentation).pc3,ISO full bleed A4 (210.00 x 297.00 MM),1:1,
E:\Chockalingam\Projects\SSDL\Drawing1.dwg,Layout1,01/01/2018 06:47:08,nithish,AutoCAD PDF (General Documentation).pc3,ISO full bleed A4 (210.00 x 297.00 MM),1:1,
E:\Chockalingam\Projects\SSDL\Drawing1.dwg,Layout1,01/01/2018 06:47:09,nithish,AutoCAD PDF (General Documentation).pc3,ISO full bleed A4 (210.00 x 297.00 MM),1:1,
E:\Chockalingam\Projects\SSDL\Drawing1.dwg,Layout1,01/01/2018 06:47:09,nithish,AutoCAD PDF (General Documentation).pc3,ISO full bleed A4 (210.00 x 297.00 MM),1:1,
E:\Chockalingam\Projects\SSDL\Drawing1.dwg,Layout1,01/01/2018 06:48:23,nithish,AutoCAD PDF (General Documentation).pc3,ISO full bleed A4 (210.00 x 297.00 MM),1:1,
E:\Chockalingam\Projects\SSDL\Drawing1.dwg,Layout1,01/01/2018 07:12:42,nithish,AutoCAD PDF (General Documentation).pc3,ISO full bleed A4 (210.00 x 297.00 MM),1:1,
E:\Chockalingam\Projects\SSDL\Drawing1.dwg,Layout1,01/01/2018 07:12:43,nithish,AutoCAD PDF (General Documentation).pc3,ISO full bleed A4 (210.00 x 297.00 MM),1:1,
E:\Chockalingam\Projects\SSDL\Drawing1.dwg,Layout1,01/01/2018 07:12:43,nithish,AutoCAD PDF (General Documentation).pc3,ISO full bleed A4 (210.00 x 297.00 MM),1:1,
E:\Chockalingam\Projects\SSDL\Drawing1.dwg,Layout1,01/01/2018 07:12:44,nithish,AutoCAD PDF (General Documentation).pc3,ISO full bleed A4 (210.00 x 297.00 MM),1:1,
E:\Chockalingam\Projects\SSDL\Drawing1.dwg,Layout1,01/01/2018 07:12:44,nithish,AutoCAD PDF (General Documentation).pc3,ISO full bleed A4 (210.00 x 297.00 MM),1:1,
E:\Chockalingam\Projects\SSDL\Drawing1.dwg,Layout1,01/01/2018 07:12:44,nithish,AutoCAD PDF (General Documentation).pc3,ISO full bleed A4 (210.00 x 297.00 MM),1:1,
E:\Chockalingam\Projects\SSDL\Drawing1.dwg,Layout1,01/01/2018 07:12:45,nithish,AutoCAD PDF (General Documentation).pc3,ISO full bleed A4 (210.00 x 297.00 MM),1:1,
E:\Chockalingam\Projects\SSDL\Drawing1.dwg,Layout1,01/01/2018 07:12:45,nithish,AutoCAD PDF (General Documentation).pc3,ISO full bleed A4 (210.00 x 297.00 MM),1:1,
E:\Chockalingam\Projects\SSDL\Drawing1.dwg,Layout1,01/01/2018 07:12:45,nithish,AutoCAD PDF (General Documentation).pc3,ISO full bleed A4 (210.00 x 297.00 MM),1:1,
E:\Chockalingam\Projects\SSDL\Drawing1.dwg,Layout1,01/01/2018 07:12:46,nithish,AutoCAD PDF (General Documentation).pc3,ISO full bleed A4 (210.00 x 297.00 MM),1:1,
E:\Chockalingam\Projects\SSDL\Drawing1.dwg,Layout1,01/01/2018 07:12:46,nithish,AutoCAD PDF (General Documentation).pc3,ISO full bleed A4 (210.00 x 297.00 MM),1:1,
E:\Chockalingam\Projects\SSDL\Drawing1.dwg,Layout1,01/01/2018 07:12:47,nithish,AutoCAD PDF (General Documentation).pc3,ISO full bleed A4 (210.00 x 297.00 MM),1:1,
E:\Chockalingam\Projects\SSDL\Drawing1.dwg,Layout1,01/01/2018 07:12:47,nithish,AutoCAD PDF (General Documentation).pc3,ISO full bleed A4 (210.00 x 297.00 MM),1:1,
E:\Chockalingam\Projects\SSDL\Drawing1.dwg,Layout1,01/01/2018 07:12:47,nithish,AutoCAD PDF (General Documentation).pc3,ISO full bleed A4 (210.00 x 297.00 MM),1:1,
E:\Chockalingam\Projects\SSDL\Drawing1.dwg,Layout1,01/01/2018 07:12:48,nithish,AutoCAD PDF (General Documentation).pc3,ISO full bleed A4 (210.00 x 297.00 MM),1:1,
E:\Chockalingam\Projects\SSDL\Drawing1.dwg,Layout1,01/01/2018 07:12:48,nithish,AutoCAD PDF (General Documentation).pc3,ISO full bleed A4 (210.00 x 297.00 MM),1:1,
E:\Chockalingam\Projects\SSDL\Drawing1.dwg,Layout1,01/01/2018 07:12:48,nithish,AutoCAD PDF (General Documentation).pc3,ISO full bleed A4 (210.00 x 297.00 MM),1:1,
E:\Chockalingam\Projects\SSDL\Drawing1.dwg,Layout1,01/01/2018 07:12:49,nithish,AutoCAD PDF (General Documentation).pc3,ISO full bleed A4 (210.00 x 297.00 MM),1:1,
E:\Chockalingam\Projects\SSDL\Drawing1.dwg,Layout1,01/01/2018 07:12:49,nithish,AutoCAD PDF (General Documentation).pc3,ISO full bleed A4 (210.00 x 297.00 MM),1:1,
E:\Chockalingam\Projects\SSDL\Drawing1.dwg,Layout1,01/01/2018 07:22:32,nithish,AutoCAD PDF (General Documentation).pc3,ISO full bleed A4 (210.00 x 297.00 MM),1:1,
E:\Chockalingam\Projects\SSDL\Drawing1.dwg,Layout1,01/01/2018 07:22:33,nithish,AutoCAD PDF (General Documentation).pc3,ISO full bleed A4 (210.00 x 297.00 MM),1:1,
E:\Chockalingam\Projects\SSDL\Drawing1.dwg,Layout1,01/01/2018 07:22:34,nithish,AutoCAD PDF (General Documentation).pc3,ISO full bleed A4 (210.00 x 297.00 MM),1:1,
E:\Chockalingam\Projects\SSDL\Drawing1.dwg,Layout1,01/01/2018 07:22:34,nithish,AutoCAD PDF (General Documentation).pc3,ISO full bleed A4 (210.00 x 297.00 MM),1:1,
E:\Chockalingam\Projects\SSDL\Drawing1.dwg,Layout1,01/01/2018 07:22:35,nithish,AutoCAD PDF (General Documentation).pc3,ISO full bleed A4 (210.00 x 297.00 MM),1:1,
E:\Chockalingam\Projects\SSDL\Drawing1.dwg,Layout1,01/01/2018 07:22:35,nithish,AutoCAD PDF (General Documentation).pc3,ISO full bleed A4 (210.00 x 297.00 MM),1:1,
E:\Chockalingam\Projects\SSDL\Drawing1.dwg,Layout1,01/01/2018 07:22:35,nithish,AutoCAD PDF (General Documentation).pc3,ISO full bleed A4 (210.00 x 297.00 MM),1:1,
E:\Chockalingam\Projects\SSDL\Drawing1.dwg,Layout1,01/01/2018 07:22:36,nithish,AutoCAD PDF (General Documentation).pc3,ISO full bleed A4 (210.00 x 297.00 MM),1:1,
E:\Chockalingam\Projects\SSDL\Drawing1.dwg,Layout1,01/01/2018 07:22:36,nithish,AutoCAD PDF (General Documentation).pc3,ISO full bleed A4 (210.00 x 297.00 MM),1:1,
E:\Chockalingam\Projects\SSDL\Drawing1.dwg,Layout1,01/01/2018 07:22:36,nithish,AutoCAD PDF (General Documentation).pc3,ISO full bleed A4 (210.00 x 297.00 MM),1:1,
E:\Chockalingam\Projects\SSDL\Drawing1.dwg,Layout1,01/01/2018 07:22:37,nithish,AutoCAD PDF (General Documentation).pc3,ISO full bleed A4 (210.00 x 297.00 MM),1:1,
E:\Chockalingam\Projects\SSDL\Drawing1.dwg,Layout1,01/01/2018 07:22:37,nithish,AutoCAD PDF (General Documentation).pc3,ISO full bleed A4 (210.00 x 297.00 MM),1:1,
E:\Chockalingam\Projects\SSDL\Drawing1.dwg,Layout1,01/01/2018 07:22:37,nithish,AutoCAD PDF (General Documentation).pc3,ISO full bleed A4 (210.00 x 297.00 MM),1:1,
E:\Chockalingam\Projects\SSDL\Drawing1.dwg,Layout1,01/01/2018 07:22:38,nithish,AutoCAD PDF (General Documentation).pc3,ISO full bleed A4 (210.00 x 297.00 MM),1:1,
E:\Chockalingam\Projects\SSDL\Drawing1.dwg,Layout1,01/01/2018 07:22:38,nithish,AutoCAD PDF (General Documentation).pc3,ISO full bleed A4 (210.00 x 297.00 MM),1:1,
E:\Chockalingam\Projects\SSDL\Drawing1.dwg,Layout1,01/01/2018 07:22:39,nithish,AutoCAD PDF (General Documentation).pc3,ISO full bleed A4 (210.00 x 297.00 MM),1:1,
E:\Chockalingam\Projects\SSDL\Drawing1.dwg,Layout1,01/01/2018 07:22:39,nithish,AutoCAD PDF (General Documentation).pc3,ISO full bleed A4 (210.00 x 297.00 MM),1:1,
E:\Chockalingam\Projects\SSDL\Drawing1.dwg,Layout1,01/01/2018 07:22:39,nithish,AutoCAD PDF (General Documentation).pc3,ISO full bleed A4 (210.00 x 297.00 MM),1:1,
E:\Chockalingam\Projects\SSDL\Drawing1.dwg,Layout1,01/01/2018 07:22:40,nithish,AutoCAD PDF (General Documentation).pc3,ISO full bleed A4 (210.00 x 297.00 MM),1:1,
E:\Chockalingam\Projects\SSDL\Drawing1.dwg,Layout1,01/01/2018 07:22:40,nithish,AutoCAD PDF (General Documentation).pc3,ISO full bleed A4 (210.00 x 297.00 MM),1:1,
E:\Chockalingam\Projects\SSDL\Drawing1.dwg,Layout1,01/01/2018 07:28:21,nithish,AutoCAD PDF (General Documentation).pc3,ISO full bleed A4 (210.00 x 297.00 MM),1:1,
E:\Chockalingam\Projects\SSDL\Drawing1.dwg,Layout1,01/01/2018 07:28:22,nithish,AutoCAD PDF (General Documentation).pc3,ISO full bleed A4 (210.00 x 297.00 MM),1:1,
E:\Chockalingam\Projects\SSDL\Drawing1.dwg,Layout1,01/01/2018 07:28:22,nithish,AutoCAD PDF (General Documentation).pc3,ISO full bleed A4 (210.00 x 297.00 MM),1:1,
E:\Chockalingam\Projects\SSDL\Drawing1.dwg,Layout1,01/01/2018 07:28:22,nithish,AutoCAD PDF (General Documentation).pc3,ISO full bleed A4 (210.00 x 297.00 MM),1:1,
E:\Chockalingam\Projects\SSDL\Drawing1.dwg,Layout1,01/01/2018 07:28:23,nithish,AutoCAD PDF (General Documentation).pc3,ISO full bleed A4 (210.00 x 297.00 MM),1:1,
E:\Chockalingam\Projects\SSDL\Drawing1.dwg,Layout1,01/01/2018 07:28:23,nithish,AutoCAD PDF (General Documentation).pc3,ISO full bleed A4 (210.00 x 297.00 MM),1:1,
E:\Chockalingam\Projects\SSDL\Drawing1.dwg,Layout1,01/01/2018 07:28:24,nithish,AutoCAD PDF (General Documentation).pc3,ISO full bleed A4 (210.00 x 297.00 MM),1:1,
E:\Chockalingam\Projects\SSDL\Drawing1.dwg,Layout1,01/01/2018 07:28:24,nithish,AutoCAD PDF (General Documentation).pc3,ISO full bleed A4 (210.00 x 297.00 MM),1:1,
E:\Chockalingam\Projects\SSDL\Drawing1.dwg,Layout1,01/01/2018 07:28:24,nithish,AutoCAD PDF (General Documentation).pc3,ISO full bleed A4 (210.00 x 297.00 MM),1:1,
E:\Chockalingam\Projects\SSDL\Drawing1.dwg,Layout1,01/01/2018 07:28:25,nithish,AutoCAD PDF (General Documentation).pc3,ISO full bleed A4 (210.00 x 297.00 MM),1:1,
E:\Chockalingam\Projects\SSDL\Drawing1.dwg,Layout1,01/01/2018 07:28:25,nithish,AutoCAD PDF (General Documentation).pc3,ISO full bleed A4 (210.00 x 297.00 MM),1:1,
E:\Chockalingam\Projects\SSDL\Drawing1.dwg,Layout1,01/01/2018 07:28:26,nithish,AutoCAD PDF (General Documentation).pc3,ISO full bleed A4 (210.00 x 297.00 MM),1:1,
E:\Chockalingam\Projects\SSDL\Drawing1.dwg,Layout1,01/01/2018 07:28:26,nithish,AutoCAD PDF (General Documentation).pc3,ISO full bleed A4 (210.00 x 297.00 MM),1:1,
E:\Chockalingam\Projects\SSDL\Drawing1.dwg,Layout1,01/01/2018 07:28:26,nithish,AutoCAD PDF (General Documentation).pc3,ISO full bleed A4 (210.00 x 297.00 MM),1:1,
E:\Chockalingam\Projects\SSDL\Drawing1.dwg,Layout1,01/01/2018 07:28:27,nithish,AutoCAD PDF (General Documentation).pc3,ISO full bleed A4 (210.00 x 297.00 MM),1:1,
E:\Chockalingam\Projects\SSDL\Drawing1.dwg,Layout1,01/01/2018 07:28:27,nithish,AutoCAD PDF (General Documentation).pc3,ISO full bleed A4 (210.00 x 297.00 MM),1:1,
E:\Chockalingam\Projects\SSDL\Drawing1.dwg,Layout1,01/01/2018 07:28:28,nithish,AutoCAD PDF (General Documentation).pc3,ISO full bleed A4 (210.00 x 297.00 MM),1:1,
E:\Chockalingam\Projects\SSDL\Drawing1.dwg,Layout1,01/01/2018 07:28:28,nithish,AutoCAD PDF (General Documentation).pc3,ISO full bleed A4 (210.00 x 297.00 MM),1:1,
E:\Chockalingam\Projects\SSDL\Drawing1.dwg,Layout1,01/01/2018 07:28:28,nithish,AutoCAD PDF (General Documentation).pc3,ISO full bleed A4 (210.00 x 297.00 MM),1:1,
E:\Chockalingam\Projects\SSDL\Drawing1.dwg,Layout1,01/01/2018 07:28:29,nithish,AutoCAD PDF (General Documentation).pc3,ISO full bleed A4 (210.00 x 297.00 MM),1:1,
E:\Chockalingam\Projects\SSDL\Drawing1.dwg,Layout1,01/01/2018 07:29:49,nithish,AutoCAD PDF (General Documentation).pc3,ISO full bleed A4 (210.00 x 297.00 MM),1:1,
E:\Chockalingam\Projects\SSDL\Drawing1.dwg,Layout1,01/01/2018 07:29:49,nithish,AutoCAD PDF (General Documentation).pc3,ISO full bleed A4 (210.00 x 297.00 MM),1:1,
E:\Chockalingam\Projects\SSDL\Drawing1.dwg,Layout1,01/01/2018 07:31:41,nithish,AutoCAD PDF (General Documentation).pc3,ISO full bleed A4 (210.00 x 297.00 MM),1:1,
E:\Chockalingam\Projects\SSDL\Drawing1.dwg,Layout1,01/01/2018 07:31:41,nithish,AutoCAD PDF (General Documentation).pc3,ISO full bleed A4 (210.00 x 297.00 MM),1:1,
E:\Chockalingam\Projects\SSDL\Drawing1.dwg,Layout1,01/01/2018 07:36:53,nithish,AutoCAD PDF (General Documentation).pc3,ISO full bleed A4 (210.00 x 297.00 MM),1:1,
E:\Chockalingam\Projects\SSDL\Drawing1.dwg,Layout1,01/01/2018 07:36:53,nithish,AutoCAD PDF (General Documentation).pc3,ISO full bleed A4 (210.00 x 297.00 MM),1:1,
E:\Chockalingam\Projects\SSDL\Drawing1.dwg,Layout1,01/01/2018 07:47:13,nithish,AutoCAD PDF (General Documentation).pc3,ISO full bleed A4 (210.00 x 297.00 MM),1:1,
E:\Chockalingam\Projects\SSDL\Drawing1.dwg,Layout1,01/01/2018 07:47:14,nithish,AutoCAD PDF (General Documentation).pc3,ISO full bleed A4 (210.00 x 297.00 MM),1:1,
E:\Chockalingam\Projects\SSDL\Drawing1.dwg,Layout1,01/01/2018 07:48:25,nithish,AutoCAD PDF (General Documentation).pc3,ISO full bleed A4 (210.00 x 297.00 MM),1:1,
E:\Chockalingam\Projects\SSDL\Drawing1.dwg,Layout1,01/01/2018 07:48:26,nithish,AutoCAD PDF (General Documentation).pc3,ISO full bleed A4 (210.00 x 297.00 MM),1:1,
E:\Chockalingam\Projects\SSDL\Drawing1.dwg,Layout1,01/01/2018 07:57:56,nithish,AutoCAD PDF (General Documentation).pc3,ISO full bleed A4 (210.00 x 297.00 MM),1:1,
E:\Chockalingam\Projects\SSDL\Drawing1.dwg,Layout1,01/01/2018 07:57:56,nithish,AutoCAD PDF (General Documentation).pc3,ISO full bleed A4 (210.00 x 297.00 MM),1:1,
E:\Chockalingam\Projects\SSDL\Drawing1.dwg,Layout1,01/01/2018 08:02:34,nithish,AutoCAD PDF (General Documentation).pc3,ISO full bleed A4 (210.00 x 297.00 MM),1:1,
E:\Chockalingam\Projects\SSDL\Drawing1.dwg,Layout1,01/01/2018 08:02:35,nithish,AutoCAD PDF (General Documentation).pc3,ISO full bleed A4 (210.00 x 297.00 MM),1:1,
E:\Chockalingam\Projects\SSDL\Drawing21.dwg,Model,01/01/2018 13:48:36,nithish,AutoCAD PDF (General Documentation).pc3,ISO A4 (210.00 x 297.00 MM),1:4.28642,
E:\Chockalingam\Projects\SSDL\Drawing21.dwg,Model,01/01/2018 13:48:37,nithish,AutoCAD PDF (General Documentation).pc3,ISO A4 (210.00 x 297.00 MM),1:4.28642,
E:\Chockalingam\Projects\SSDL\Drawing21.dwg,Model,01/01/2018 13:48:37,nithish,AutoCAD PDF (General Documentation).pc3,ISO A4 (210.00 x 297.00 MM),1:4.28642,
E:\Chockalingam\Projects\SSDL\Drawing21.dwg,Model,01/01/2018 13:48:38,nithish,AutoCAD PDF (General Documentation).pc3,ISO A4 (210.00 x 297.00 MM),1:4.28642,
E:\Chockalingam\Projects\SSDL\Drawing21.dwg,Model,01/01/2018 13:48:58,nithish,AutoCAD PDF (General Documentation).pc3,ISO A4 (210.00 x 297.00 MM),1:1.67521,
E:\Chockalingam\Projects\SSDL\Drawing21.dwg,Model,01/01/2018 13:48:59,nithish,AutoCAD PDF (General Documentation).pc3,ISO A4 (210.00 x 297.00 MM),1:1.67521,
E:\Chockalingam\Projects\SSDL\Drawing21.dwg,Model,01/01/2018 13:48:59,nithish,AutoCAD PDF (General Documentation).pc3,ISO A4 (210.00 x 297.00 MM),1:1.67521,
E:\Chockalingam\Projects\SSDL\Drawing21.dwg,Model,01/01/2018 13:49:00,nithish,AutoCAD PDF (General Documentation).pc3,ISO A4 (210.00 x 297.00 MM),1:1.67521,
E:\Chockalingam\Projects\SSDL\Drawing21.dwg,Model,01/01/2018 13:51:30,nithish,AutoCAD PDF (General Documentation).pc3,ISO A4 (210.00 x 297.00 MM),1:1.67521,
E:\Chockalingam\Projects\SSDL\Drawing21.dwg,Model,01/01/2018 13:54:53,nithish,AutoCAD PDF (General Documentation).pc3,ISO A4 (210.00 x 297.00 MM),1:1.95784,
E:\Chockalingam\Projects\SSDL\Drawing21.dwg,Model,01/01/2018 13:58:11,nithish,AutoCAD PDF (General Documentation).pc3,ISO A4 (210.00 x 297.00 MM),1:8.03798,
E:\Chockalingam\Projects\SSDL\Drawing21.dwg,Model,01/01/2018 13:58:12,nithish,AutoCAD PDF (General Documentation).pc3,ISO A4 (210.00 x 297.00 MM),1:8.03798,
E:\Chockalingam\Projects\SSDL\Drawing21.dwg,Model,01/01/2018 13:58:12,nithish,AutoCAD PDF (General Documentation).pc3,ISO A4 (210.00 x 297.00 MM),1:8.03798,
E:\Chockalingam\Projects\SSDL\Drawing21.dwg,Model,01/01/2018 13:58:13,nithish,AutoCAD PDF (General Documentation).pc3,ISO A4 (210.00 x 297.00 MM),1:8.03798,
E:\Chockalingam\Projects\SSDL\Drawing21.dwg,Model,01/01/2018 13:58:13,nithish,AutoCAD PDF (General Documentation).pc3,ISO A4 (210.00 x 297.00 MM),1:8.03798,
E:\Chockalingam\Projects\SSDL\Drawing21.dwg,Model,01/01/2018 14:00:41,nithish,AutoCAD PDF (General Documentation).pc3,ISO A4 (210.00 x 297.00 MM),1:2.90487,
E:\Chockalingam\Projects\SSDL\Drawing21.dwg,Model,01/01/2018 14:08:21,nithish,AutoCAD PDF (General Documentation).pc3,ISO A4 (210.00 x 297.00 MM),1:4.64665,
E:\Chockalingam\Projects\SSDL\Drawing21.dwg,Model,01/01/2018 14:19:28,nithish,AutoCAD PDF (General Documentation).pc3,ISO A4 (210.00 x 297.00 MM),1:2.0851,
E:\Chockalingam\Projects\SSDL\Drawing21.dwg,Model,01/01/2018 14:22:31,nithish,AutoCAD PDF (General Documentation).pc3,ISO A4 (210.00 x 297.00 MM),1:1.67521,
E:\Chockalingam\Projects\SSDL\Drawing21.dwg,Model,01/01/2018 19:18:53,nithish,AutoCAD PDF (General Documentation).pc3,ISO A4 (210.00 x 297.00 MM),1:4.29005,
E:\Chockalingam\Projects\SSDL\Drawing21.dwg,Model,01/01/2018 19:22:05,nithish,AutoCAD PDF (General Documentation).pc3,ISO A4 (210.00 x 297.00 MM),1:4.29051,
E:\Chockalingam\Projects\SSDL\Drawing21.dwg,Model,01/01/2018 19:39:35,nithish,DWG To PDF.pc3,ISO A4 (210.00 x 297.00 MM),1:2.34651,
E:\Chockalingam\Projects\SSDL\Drawing21.dwg,Model,01/01/2018 19:43:20,nithish,DWG To PDF.pc3,ISO A4 (210.00 x 297.00 MM),1:2.90487,
E:\Chockalingam\Projects\SSDL\Drawing21.dwg,Model,01/01/2018 19:43:23,nithish,DWG To PDF.pc3,ISO A4 (210.00 x 297.00 MM),1:2.90487,
E:\Chockalingam\Projects\SSDL\Drawing21.dwg,Model,01/01/2018 19:43:26,nithish,DWG To PDF.pc3,ISO A4 (210.00 x 297.00 MM),1:2.90487,
E:\Chockalingam\Projects\SSDL\Drawing21.dwg,Model,01/01/2018 19:47:58,nithish,DWG To PDF.pc3,ISO A4 (210.00 x 297.00 MM),1:2.90487,
E:\Chockalingam\Projects\SSDL\Drawing21.dwg,Model,01/01/2018 19:48:00,nithish,DWG To PDF.pc3,ISO A4 (210.00 x 297.00 MM),1:2.90487,
E:\Chockalingam\Projects\SSDL\Drawing21.dwg,Model,01/01/2018 19:48:01,nithish,DWG To PDF.pc3,ISO A4 (210.00 x 297.00 MM),1:2.90487,
E:\Chockalingam\Projects\SSDL\Drawing21.dwg,Model,01/01/2018 19:50:15,nithish,DWG To PDF.pc3,ISO A4 (210.00 x 297.00 MM),1:2.90487,
E:\Chockalingam\Projects\SSDL\Drawing21.dwg,Model,01/01/2018 19:51:55,nithish,DWG To PDF.pc3,ISO A4 (210.00 x 297.00 MM),1:2.90487,
E:\Chockalingam\Projects\SSDL\Drawing21.dwg,Model,01/01/2018 19:52:37,nithish,DWG To PDF.pc3,ISO A4 (210.00 x 297.00 MM),1:2.90487,
E:\Chockalingam\Projects\SSDL\Drawing21.dwg,Model,01/01/2018 20:00:48,nithish,DWG To PDF.pc3,ISO A4 (210.00 x 297.00 MM),1:2.90487,
E:\Chockalingam\Projects\SSDL\Drawing21.dwg,Model,01/01/2018 20:01:59,nithish,DWG To PDF.pc3,ISO A4 (210.00 x 297.00 MM),1:2.90487,
E:\Chockalingam\Projects\SSDL\Drawing21.dwg,Model,01/01/2018 20:08:07,nithish,DWG To PDF.pc3,ISO A4 (210.00 x 297.00 MM),1:2.90487,
E:\Chockalingam\Projects\SSDL\Drawing21.dwg,Model,01/01/2018 20:08:09,nithish,DWG To PDF.pc3,ISO A4 (210.00 x 297.00 MM),1:2.90487,
E:\Chockalingam\Projects\SSDL\Drawing21.dwg,Model,01/01/2018 20:08:11,nithish,DWG To PDF.pc3,ISO A4 (210.00 x 297.00 MM),1:2.90487,
E:\Chockalingam\Projects\SSDL\Drawing21.dwg,Model,01/01/2018 20:08:15,nithish,DWG To PDF.pc3,ISO A4 (210.00 x 297.00 MM),1:2.90487,
E:\Chockalingam\Projects\SSDL\Drawing21.dwg,Model,01/01/2018 20:08:19,nithish,DWG To PDF.pc3,ISO A4 (210.00 x 297.00 MM),1:2.90487,
E:\Chockalingam\Projects\SSDL\Drawing21.dwg,Model,01/01/2018 20:08:21,nithish,DWG To PDF.pc3,ISO A4 (210.00 x 297.00 MM),1:2.90487,
E:\Chockalingam\Projects\SSDL\Drawing21.dwg,Model,01/01/2018 21:43:24,nithish,DWG To PDF.pc3,ISO A4 (210.00 x 297.00 MM),1:2.90487,
E:\Chockalingam\Projects\SSDL\Drawing21.dwg,Model,01/01/2018 21:43:25,nithish,DWG To PDF.pc3,ISO A4 (210.00 x 297.00 MM),1:2.90487,
E:\Chockalingam\Projects\SSDL\Drawing21.dwg,Model,01/01/2018 21:43:27,nithish,DWG To PDF.pc3,ISO A4 (210.00 x 297.00 MM),1:2.90487,
E:\Chockalingam\Projects\SSDL\Drawing21.dwg,Model,01/01/2018 21:43:28,nithish,DWG To PDF.pc3,ISO A4 (210.00 x 297.00 MM),1:2.90487,
E:\Chockalingam\Projects\SSDL\Drawing21.dwg,Model,01/01/2018 21:43:30,nithish,DWG To PDF.pc3,ISO A4 (210.00 x 297.00 MM),1:2.90487,
E:\Chockalingam\Projects\SSDL\Drawing21.dwg,Model,01/01/2018 21:43:53,nithish,DWG To PDF.pc3,ISO A4 (210.00 x 297.00 MM),1:2.90487,
E:\Chockalingam\Projects\SSDL\Drawing21.dwg,Model,01/01/2018 21:43:55,nithish,DWG To PDF.pc3,ISO A4 (210.00 x 297.00 MM),1:2.90487,
E:\Chockalingam\Projects\SSDL\Drawing21.dwg,Model,01/01/2018 21:43:56,nithish,DWG To PDF.pc3,ISO A4 (210.00 x 297.00 MM),1:2.90487,
E:\Chockalingam\Projects\SSDL\Drawing21.dwg,Model,01/01/2018 21:43:58,nithish,DWG To PDF.pc3,ISO A4 (210.00 x 297.00 MM),1:2.90487,
E:\Chockalingam\Projects\SSDL\Drawing21.dwg,Model,01/01/2018 21:43:59,nithish,DWG To PDF.pc3,ISO A4 (210.00 x 297.00 MM),1:2.90487,
E:\Chockalingam\Projects\SSDL\Drawing21.dwg,Model,02/01/2018 09:56:43,nithish,DWG To PDF.pc3,ISO A4 (210.00 x 297.00 MM),1:2.66652,
E:\Chockalingam\Projects\SSDL\Drawing21.dwg,Model,02/01/2018 09:56:45,nithish,DWG To PDF.pc3,ISO A4 (210.00 x 297.00 MM),1:2.66652,
E:\Chockalingam\Projects\SSDL\Drawing21.dwg,Model,02/01/2018 09:57:26,nithish,DWG To PDF.pc3,ISO A4 (210.00 x 297.00 MM),1:2.66652,
E:\Chockalingam\Projects\SSDL\Drawing21.dwg,Model,02/01/2018 13:06:29,nithish,DWG To PDF.pc3,ISO A4 (210.00 x 297.00 MM),1:2.66652,
E:\Chockalingam\Projects\SSDL\Drawing21.dwg,Model,02/01/2018 13:06:32,nithish,DWG To PDF.pc3,ISO A4 (210.00 x 297.00 MM),1:2.66652,
E:\Chockalingam\Projects\SSDL\Drawing21.dwg,Model,02/01/2018 13:06:40,nithish,DWG To PDF.pc3,ISO A4 (210.00 x 297.00 MM),1:2.66652,
E:\Chockalingam\Projects\SSDL\Drawing21.dwg,Model,02/01/2018 13:24:52,nithish,DWG To PDF.pc3,ISO A4 (210.00 x 297.00 MM),1:2.66652,
E:\Chockalingam\Projects\SSDL\Drawing21.dwg,Model,02/01/2018 13:24:53,nithish,DWG To PDF.pc3,ISO A4 (210.00 x 297.00 MM),1:2.66652,
E:\Chockalingam\Projects\SSDL\Drawing21.dwg,Model,02/01/2018 13:25:53,nithish,DWG To PDF.pc3,ISO A4 (210.00 x 297.00 MM),1:2.66652,
E:\Chockalingam\Projects\SSDL\Drawing21.dwg,Model,02/01/2018 13:25:55,nithish,DWG To PDF.pc3,ISO A4 (210.00 x 297.00 MM),1:2.66652,
E:\Chockalingam\Projects\SSDL\Drawing21.dwg,Model,04/01/2018 08:40:34,nithish,DWG To PDF.pc3,ISO A4 (210.00 x 297.00 MM),1:2.6651,
E:\Chockalingam\Projects\SSDL\Drawing21.dwg,Model,04/01/2018 08:40:36,nithish,DWG To PDF.pc3,ISO A4 (210.00 x 297.00 MM),1:2.66652,
E:\Chockalingam\Projects\SSDL\Drawing21.dwg,Model,04/01/2018 08:40:38,nithish,DWG To PDF.pc3,ISO A4 (210.00 x 297.00 MM),1:2.66652,
E:\Chockalingam\Projects\SSDL\Drawing21.dwg,Model,04/01/2018 10:20:09,nithish,DWG To PDF.pc3,ISO A4 (210.00 x 297.00 MM),1:2.6651,
E:\Chockalingam\Projects\SSDL\Drawing21.dwg,Model,04/01/2018 10:22:49,nithish,DWG To PDF.pc3,ISO A4 (210.00 x 297.00 MM),1:2.17559,
E:\Chockalingam\Projects\SSDL\Drawing21.dwg,Model,04/01/2018 10:27:36,nithish,DWG To PDF.pc3,ISO A4 (210.00 x 297.00 MM),1:2.66652,
E:\Chockalingam\Projects\SSDL\Drawing21.dwg,Model,04/01/2018 11:09:37,nithish,DWG To PDF.pc3,ISO A4 (210.00 x 297.00 MM),1:2.66652,
E:\Chockalingam\Projects\SSDL\Drawing21.dwg,Model,07/01/2018 15:22:14,nithish,DWG To PDF.pc3,ISO A4 (210.00 x 297.00 MM),1:2.66652,
E:\Chockalingam\Projects\SSDL\Drawing21.dwg,Model,07/01/2018 15:22:15,nithish,DWG To PDF.pc3,ISO A4 (210.00 x 297.00 MM),1:2.66652,
E:\Chockalingam\Projects\SSDL\Drawing21.dwg,Model,07/01/2018 15:22:23,nithish,DWG To PDF.pc3,ISO A4 (210.00 x 297.00 MM),1:2.66652,
E:\Chockalingam\Projects\SSDL\Drawing21.dwg,Model,07/01/2018 15:22:25,nithish,DWG To PDF.pc3,ISO A4 (210.00 x 297.00 MM),1:2.66652,
E:\Chockalingam\Projects\SSDL\Drawing21.dwg,Model,07/01/2018 15:22:29,nithish,DWG To PDF.pc3,ISO A4 (210.00 x 297.00 MM),1:2.66652,
E:\Chockalingam\Projects\SSDL\Drawing21.dwg,Model,07/01/2018 15:22:31,nithish,DWG To PDF.pc3,ISO A4 (210.00 x 297.00 MM),1:2.66652,
E:\Chockalingam\Projects\SSDL\Drawing21.dwg,Model,07/01/2018 15:22:34,nithish,DWG To PDF.pc3,ISO A4 (210.00 x 297.00 MM),1:2.66652,
E:\Chockalingam\Projects\SSDL\Drawing21.dwg,Model,07/01/2018 15:22:36,nithish,DWG To PDF.pc3,ISO A4 (210.00 x 297.00 MM),1:2.66652,
E:\Chockalingam\Projects\SSDL\Drawing21.dwg,Model,07/01/2018 15:22:40,nithish,DWG To PDF.pc3,ISO A4 (210.00 x 297.00 MM),1:2.66652,
E:\Chockalingam\Projects\SSDL\Drawing21.dwg,Model,07/01/2018 15:22:42,nithish,DWG To PDF.pc3,ISO A4 (210.00 x 297.00 MM),1:2.66652,
E:\Chockalingam\Projects\SSDL\Drawing21.dwg,Model,07/01/2018 15:25:36,nithish,DWG To PDF.pc3,ISO A4 (210.00 x 297.00 MM),1:2.66652,
E:\Chockalingam\Projects\SSDL\Drawing21.dwg,Model,07/01/2018 15:25:38,nithish,DWG To PDF.pc3,ISO A4 (210.00 x 297.00 MM),1:2.66652,
E:\Chockalingam\Projects\SSDL\Drawing21.dwg,Model,07/01/2018 15:25:39,nithish,DWG To PDF.pc3,ISO A4 (210.00 x 297.00 MM),1:2.66652,
E:\Chockalingam\Projects\SSDL\Drawing21.dwg,Model,07/01/2018 15:25:53,nithish,DWG To PDF.pc3,ISO A4 (210.00 x 297.00 MM),1:2.66652,
E:\Chockalingam\Projects\SSDL\Drawing21.dwg,Model,07/01/2018 15:25:55,nithish,DWG To PDF.pc3,ISO A4 (210.00 x 297.00 MM),1:2.66652,
E:\Chockalingam\Projects\SSDL\Drawing21.dwg,Model,07/01/2018 15:25:57,nithish,DWG To PDF.pc3,ISO A4 (210.00 x 297.00 MM),1:2.66652,
E:\Chockalingam\Projects\SSDL\Drawing21.dwg,Model,07/01/2018 15:26:01,nithish,DWG To PDF.pc3,ISO A4 (210.00 x 297.00 MM),1:2.66652,
E:\Chockalingam\Projects\SSDL\Drawing21.dwg,Model,07/01/2018 15:26:03,nithish,DWG To PDF.pc3,ISO A4 (210.00 x 297.00 MM),1:2.66652,
E:\Chockalingam\Projects\SSDL\Drawing21.dwg,Model,07/01/2018 15:26:04,nithish,DWG To PDF.pc3,ISO A4 (210.00 x 297.00 MM),1:2.66652,
E:\Chockalingam\Projects\SSDL\Drawing21.dwg,Model,07/01/2018 15:26:17,nithish,DWG To PDF.pc3,ISO A4 (210.00 x 297.00 MM),1:2.66652,
E:\Chockalingam\Projects\SSDL\Drawing21.dwg,Model,07/01/2018 15:26:18,nithish,DWG To PDF.pc3,ISO A4 (210.00 x 297.00 MM),1:2.66652,
E:\Chockalingam\Projects\SSDL\Drawing21.dwg,Model,07/01/2018 15:26:20,nithish,DWG To PDF.pc3,ISO A4 (210.00 x 297.00 MM),1:2.66652,
E:\Chockalingam\Projects\SSDL\Drawing21.dwg,Model,07/01/2018 15:28:04,nithish,DWG To PDF.pc3,ISO A4 (210.00 x 297.00 MM),1:2.66652,
E:\Chockalingam\Projects\SSDL\Drawing21.dwg,Model,07/01/2018 15:28:22,nithish,DWG To PDF.pc3,ISO A4 (210.00 x 297.00 MM),1:2.66652,
E:\Chockalingam\Projects\SSDL\Drawing21.dwg,Model,07/01/2018 15:28:40,nithish,DWG To PDF.pc3,ISO A4 (210.00 x 297.00 MM),1:2.66652,
E:\Chockalingam\Projects\SSDL\Drawing21.dwg,Model,07/01/2018 15:33:51,nithish,DWG To PDF.pc3,ISO A4 (210.00 x 297.00 MM),1:2.66652,
E:\Chockalingam\Projects\SSDL\Drawing21.dwg,Model,07/01/2018 15:33:52,nithish,DWG To PDF.pc3,ISO A4 (210.00 x 297.00 MM),1:2.66652,
E:\Chockalingam\Projects\SSDL\Drawing21.dwg,Model,07/01/2018 15:33:54,nithish,DWG To PDF.pc3,ISO A4 (210.00 x 297.00 MM),1:2.66652,
E:\Chockalingam\Projects\SSDL\Drawing21.dwg,Model,07/01/2018 15:33:55,nithish,DWG To PDF.pc3,ISO A4 (210.00 x 297.00 MM),1:2.66652,
E:\Chockalingam\Projects\SSDL\Drawing21.dwg,Model,07/01/2018 15:33:57,nithish,DWG To PDF.pc3,ISO A4 (210.00 x 297.00 MM),1:2.66652,
E:\Chockalingam\Projects\SSDL\Drawing21.dwg,Model,07/01/2018 15:45:58,nithish,DWG To PDF.pc3,ISO A4 (210.00 x 297.00 MM),1:2.66652,
E:\Chockalingam\Projects\SSDL\Drawing21.dwg,Model,07/01/2018 15:45:59,nithish,DWG To PDF.pc3,ISO A4 (210.00 x 297.00 MM),1:2.66652,
E:\Chockalingam\Projects\SSDL\Drawing21.dwg,Model,07/01/2018 15:46:01,nithish,DWG To PDF.pc3,ISO A4 (210.00 x 297.00 MM),1:2.66652,
E:\Chockalingam\Projects\SSDL\Drawing21.dwg,Model,07/01/2018 15:46:02,nithish,DWG To PDF.pc3,ISO A4 (210.00 x 297.00 MM),1:2.66652,
E:\Chockalingam\Projects\SSDL\Drawing21.dwg,Model,07/01/2018 15:46:04,nithish,DWG To PDF.pc3,ISO A4 (210.00 x 297.00 MM),1:2.66652,
E:\Chockalingam\Projects\SSDL\Drawing12.dwg,Layout1,09/01/2018 06:52:23,nithish,DWG To PDF.pc3,ISO full bleed A4 (210.00 x 297.00 MM),1:1,
E:\Chockalingam\Projects\SSDL\Drawing12.dwg,Layout1,09/01/2018 06:56:27,nithish,DWG To PDF.pc3,ISO full bleed A4 (210.00 x 297.00 MM),1:1,
E:\Chockalingam\Projects\SSDL\Drawing12.dwg,Layout1,09/01/2018 06:56:29,nithish,DWG To PDF.pc3,ISO full bleed A4 (210.00 x 297.00 MM),1:1,
E:\Chockalingam\Projects\SSDL\Drawing12.dwg,Layout1,09/01/2018 06:56:30,nithish,DWG To PDF.pc3,ISO full bleed A4 (210.00 x 297.00 MM),1:1,
E:\Chockalingam\Projects\SSDL\Drawing12.dwg,Layout1,09/01/2018 06:56:31,nithish,DWG To PDF.pc3,ISO full bleed A4 (210.00 x 297.00 MM),1:1,
E:\Chockalingam\Projects\SSDL\Drawing12.dwg,Layout1,09/01/2018 06:56:33,nithish,DWG To PDF.pc3,ISO full bleed A4 (210.00 x 297.00 MM),1:1,
E:\Chockalingam\Projects\SSDL\Drawing12.dwg,Layout1,09/01/2018 06:56:34,nithish,DWG To PDF.pc3,ISO full bleed A4 (210.00 x 297.00 MM),1:1,
E:\Chockalingam\Projects\SSDL\Drawing12.dwg,Layout1,09/01/2018 06:56:36,nithish,DWG To PDF.pc3,ISO full bleed A4 (210.00 x 297.00 MM),1:1,
E:\Chockalingam\Projects\SSDL\Drawing12.dwg,Layout1,09/01/2018 06:56:37,nithish,DWG To PDF.pc3,ISO full bleed A4 (210.00 x 297.00 MM),1:1,
E:\Chockalingam\Projects\SSDL\Drawing12.dwg,Layout1,09/01/2018 06:56:38,nithish,DWG To PDF.pc3,ISO full bleed A4 (210.00 x 297.00 MM),1:1,
E:\Chockalingam\Projects\SSDL\Drawing12.dwg,Layout1,09/01/2018 06:56:39,nithish,DWG To PDF.pc3,ISO full bleed A4 (210.00 x 297.00 MM),1:1,
E:\Chockalingam\Projects\SSDL\Drawing12.dwg,Layout1,09/01/2018 06:56:41,nithish,DWG To PDF.pc3,ISO full bleed A4 (210.00 x 297.00 MM),1:1,
E:\Chockalingam\Projects\SSDL\Drawing12.dwg,Layout1,09/01/2018 06:56:42,nithish,DWG To PDF.pc3,ISO full bleed A4 (210.00 x 297.00 MM),1:1,
E:\Chockalingam\Projects\SSDL\Drawing12.dwg,Layout1,09/01/2018 06:56:43,nithish,DWG To PDF.pc3,ISO full bleed A4 (210.00 x 297.00 MM),1:1,
E:\Chockalingam\Projects\SSDL\Drawing12.dwg,Layout1,09/01/2018 06:56:45,nithish,DWG To PDF.pc3,ISO full bleed A4 (210.00 x 297.00 MM),1:1,
E:\Chockalingam\Projects\SSDL\Drawing12.dwg,Layout1,09/01/2018 06:56:46,nithish,DWG To PDF.pc3,ISO full bleed A4 (210.00 x 297.00 MM),1:1,
E:\Chockalingam\Projects\SSDL\Drawing12.dwg,Layout1,09/01/2018 07:09:19,nithish,DWG To PDF.pc3,ISO full bleed A4 (210.00 x 297.00 MM),1:1,
E:\Chockalingam\Projects\SSDL\Drawing12.dwg,Layout1,09/01/2018 07:09:21,nithish,DWG To PDF.pc3,ISO full bleed A4 (210.00 x 297.00 MM),1:1,
E:\Chockalingam\Projects\SSDL\Drawing12.dwg,Layout1,09/01/2018 07:12:02,nithish,DWG To PDF.pc3,ISO full bleed A4 (210.00 x 297.00 MM),1:1,
E:\Chockalingam\Projects\SSDL\Drawing12.dwg,Layout1,09/01/2018 07:12:11,nithish,DWG To PDF.pc3,ISO full bleed A4 (210.00 x 297.00 MM),1:1,
E:\Chockalingam\Projects\SSDL\Drawing12.dwg,Layout1,09/01/2018 07:18:21,nithish,DWG To PDF.pc3,ISO full bleed A4 (210.00 x 297.00 MM),1:1,
C:\Users\Nithish\Desktop\P_023502001B.dwg,Layout1,09/01/2018 08:38:40,nithish,DWG To PDF.pc3,ISO A4 (210.00 x 297.00 MM),1:1,
C:\Users\Nithish\Desktop\P_023502001B.dwg,Layout1,09/01/2018 09:03:44,nithish,DWG To PDF.pc3,ISO A4 (210.00 x 297.00 MM),1:1,
C:\Users\Nithish\Desktop\P_023502001B.dwg,Layout1,09/01/2018 09:20:18,nithish,DWG To PDF.pc3,ISO A4 (210.00 x 297.00 MM),1:1,
C:\Users\Nithish\Desktop\P_023502001B.dwg,Layout1,09/01/2018 09:20:20,nithish,DWG To PDF.pc3,ISO A4 (210.00 x 297.00 MM),1:1,
C:\Users\Nithish\Desktop\P_023502001B.dwg,Layout1,09/01/2018 09:20:21,nithish,DWG To PDF.pc3,ISO A4 (210.00 x 297.00 MM),1:1,
C:\Users\Nithish\Desktop\P_023502001B.dwg,Layout1,09/01/2018 09:20:23,nithish,DWG To PDF.pc3,ISO A4 (210.00 x 297.00 MM),1:1,
C:\Users\Nithish\Desktop\P_023502001B.dwg,Layout1,09/01/2018 09:20:25,nithish,DWG To PDF.pc3,ISO A4 (210.00 x 297.00 MM),1:1,
C:\Users\Nithish\Desktop\P_023502001B.dwg,Layout1,09/01/2018 09:26:21,nithish,DWG To PDF.pc3,ISO A4 (210.00 x 297.00 MM),1:1,
C:\Users\Nithish\Desktop\P_023502001B.dwg,Layout1,09/01/2018 09:26:23,nithish,DWG To PDF.pc3,ISO A4 (210.00 x 297.00 MM),1:1,
C:\Users\Nithish\Desktop\P_023502001B.dwg,Layout1,09/01/2018 09:26:25,nithish,DWG To PDF.pc3,ISO A4 (210.00 x 297.00 MM),1:1,
C:\Users\Nithish\Desktop\P_023502001B.dwg,Layout1,09/01/2018 09:30:40,nithish,DWG To PDF.pc3,ISO A4 (210.00 x 297.00 MM),1:1,
C:\Users\Nithish\Desktop\P_023502001B.dwg,Layout1,09/01/2018 09:30:42,nithish,DWG To PDF.pc3,ISO A4 (210.00 x 297.00 MM),1:1,
C:\Users\Nithish\Desktop\P_023502001B.dwg,Layout1,09/01/2018 09:36:52,nithish,DWG To PDF.pc3,ISO A4 (210.00 x 297.00 MM),1:1,
C:\Users\Nithish\Desktop\P_023502001B.dwg,Layout1,09/01/2018 09:36:53,nithish,DWG To PDF.pc3,ISO A4 (210.00 x 297.00 MM),1:1,
C:\Users\Nithish\Desktop\P_023502001B - Copy.dwg,Layout1,12/01/2018 17:59:11,nithish,DWG To PDF.pc3,ISO A4 (210.00 x 297.00 MM),1:1,
C:\Users\Nithish\Desktop\P_023502001B - Copy.dwg,Layout1,12/01/2018 17:59:13,nithish,DWG To PDF.pc3,ISO A4 (210.00 x 297.00 MM),1:1,
C:\Users\Nithish\Desktop\P_023502001B - Copy.dwg,Layout1,18/01/2018 07:51:25,nithish,DWG To PDF.pc3,ISO A4 (210.00 x 297.00 MM),1:1,
C:\Users\Nithish\Desktop\SSDL\P_023502001B - Copy.dwg,Layout1,18/01/2018 08:06:40,nithish,DWG To PDF.pc3,ISO full bleed A4 (210.00 x 297.00 MM),1:1,
C:\Users\Nithish\Desktop\SSDL\P_023502001B - Copy.dwg,Layout1,18/01/2018 08:27:14,nithish,DWG To PDF.pc3,ISO full bleed A4 (210.00 x 297.00 MM),1:1,
C:\Users\Nithish\Desktop\SSDL\P_023502001B - Copy.dwg,Layout1,18/01/2018 08:49:19,nithish,DWG To PDF.pc3,ISO full bleed A4 (210.00 x 297.00 MM),1:1,
C:\Users\Nithish\Desktop\SSDL\P_023502001B.dwg,Layout1,24/01/2018 12:38:39,nithish,DWG To PDF.pc3,ISO full bleed A4 (210.00 x 297.00 MM),1:1,
C:\Users\Nithish\Desktop\SSDL\P_023502001B.dwg,Layout1,24/01/2018 12:38:50,nithish,DWG To PDF.pc3,ISO full bleed A4 (210.00 x 297.00 MM),1:1,
C:\Users\Nithish\Desktop\SSDL\P_023502001B.dwg,Layout1,24/01/2018 12:38:51,nithish,DWG To PDF.pc3,ISO full bleed A4 (210.00 x 297.00 MM),1:1,
C:\Users\Nithish\Desktop\SSDL\P_023502001B.dwg,Layout1,24/01/2018 12:38:53,nithish,DWG To PDF.pc3,ISO full bleed A4 (210.00 x 297.00 MM),1:1,
C:\Users\Nithish\Desktop\SSDL\P_023502001B.dwg,Layout1,24/01/2018 12:38:54,nithish,DWG To PDF.pc3,ISO full bleed A4 (210.00 x 297.00 MM),1:1,
C:\Users\Nithish\Desktop\SSDL\P_023502001B.dwg,Layout1,24/01/2018 12:38:56,nithish,DWG To PDF.pc3,ISO full bleed A4 (210.00 x 297.00 MM),1:1,
C:\Users\Nithish\Desktop\SSDL\P_023502001B.dwg,Layout1,24/01/2018 12:39:38,nithish,DWG To PDF.pc3,ISO full bleed A4 (210.00 x 297.00 MM),1:1,
C:\Users\Nithish\Desktop\SSDL\P_023502001B.dwg,Layout1,24/01/2018 12:39:40,nithish,DWG To PDF.pc3,ISO full bleed A4 (210.00 x 297.00 MM),1:1,
C:\Users\Nithish\Desktop\SSDL\P_023502001B.dwg,Layout1,24/01/2018 12:39:42,nithish,DWG To PDF.pc3,ISO full bleed A4 (210.00 x 297.00 MM),1:1,
C:\Users\Nithish\Desktop\SSDL\P_023502001B.dwg,Layout1,24/01/2018 12:39:43,nithish,DWG To PDF.pc3,ISO full bleed A4 (210.00 x 297.00 MM),1:1,
C:\Users\Nithish\Desktop\SSDL\P_023502001B.dwg,Layout1,24/01/2018 12:39:45,nithish,DWG To PDF.pc3,ISO full bleed A4 (210.00 x 297.00 MM),1:1,
C:\Users\Nithish\Desktop\SSDL\P_023502001B.dwg,Layout1,24/01/2018 12:39:46,nithish,DWG To PDF.pc3,ISO full bleed A4 (210.00 x 297.00 MM),1:1,
C:\Users\Nithish\Desktop\SSDL\P_023502001B.dwg,Layout1,24/01/2018 12:39:48,nithish,DWG To PDF.pc3,ISO full bleed A4 (210.00 x 297.00 MM),1:1,
C:\Users\Nithish\Desktop\SSDL\P_023502001B.dwg,Layout1,24/01/2018 12:39:49,nithish,DWG To PDF.pc3,ISO full bleed A4 (210.00 x 297.00 MM),1:1,
C:\Users\Nithish\Desktop\SSDL\P_023502001B.dwg,Layout1,24/01/2018 12:42:09,nithish,DWG To PDF.pc3,ISO full bleed A4 (210.00 x 297.00 MM),1:1,
C:\Users\Nithish\Desktop\SSDL\P_023502001B.dwg,Layout1,24/01/2018 12:42:11,nithish,DWG To PDF.pc3,ISO full bleed A4 (210.00 x 297.00 MM),1:1,
C:\Users\Nithish\Desktop\SSDL\P_023502001B.dwg,Layout1,24/01/2018 12:42:12,nithish,DWG To PDF.pc3,ISO full bleed A4 (210.00 x 297.00 MM),1:1,
C:\Users\Nithish\Desktop\SSDL\P_023502001B.dwg,Layout1,24/01/2018 12:42:14,nithish,DWG To PDF.pc3,ISO full bleed A4 (210.00 x 297.00 MM),1:1,
C:\Users\Nithish\Desktop\SSDL\P_023502001B.dwg,Layout1,24/01/2018 12:42:15,nithish,DWG To PDF.pc3,ISO full bleed A4 (210.00 x 297.00 MM),1:1,
C:\Users\Nithish\Desktop\SSDL\P_023502001B.dwg,Layout1,24/01/2018 12:42:17,nithish,DWG To PDF.pc3,ISO full bleed A4 (210.00 x 297.00 MM),1:1,
C:\Users\Nithish\Desktop\SSDL\P_023502001B.dwg,Layout1,24/01/2018 12:42:18,nithish,DWG To PDF.pc3,ISO full bleed A4 (210.00 x 297.00 MM),1:1,
C:\Users\Nithish\Desktop\SSDL\P_023502001B.dwg,Layout1,24/01/2018 12:42:19,nithish,DWG To PDF.pc3,ISO full bleed A4 (210.00 x 297.00 MM),1:1,
C:\Users\Nithish\Desktop\SSDL\P_023502001B.dwg,Layout1,24/01/2018 12:49:07,nithish,DWG To PDF.pc3,ISO full bleed A4 (210.00 x 297.00 MM),1:1,
C:\Users\Nithish\Desktop\SSDL\P_023502001B.dwg,Layout1,24/01/2018 12:49:21,nithish,DWG To PDF.pc3,ISO full bleed A4 (210.00 x 297.00 MM),1:1,
C:\Users\Nithish\Desktop\SSDL\P_023502001B.dwg,Layout1,24/01/2018 12:49:30,nithish,DWG To PDF.pc3,ISO full bleed A4 (210.00 x 297.00 MM),1:1,
C:\Users\Nithish\Desktop\SSDL\P_023502001B.dwg,Layout1,24/01/2018 12:49:38,nithish,DWG To PDF.pc3,ISO full bleed A4 (210.00 x 297.00 MM),1:1,
C:\Users\Nithish\Desktop\SSDL\P_023502001B.dwg,Layout1,24/01/2018 12:49:45,nithish,DWG To PDF.pc3,ISO full bleed A4 (210.00 x 297.00 MM),1:1,
C:\Users\Nithish\Desktop\SSDL\P_023502001B.dwg,Layout1,24/01/2018 12:50:04,nithish,DWG To PDF.pc3,ISO full bleed A4 (210.00 x 297.00 MM),1:1,
C:\Users\Nithish\Desktop\SSDL\P_023502001B.dwg,Layout1,24/01/2018 12:50:05,nithish,DWG To PDF.pc3,ISO full bleed A4 (210.00 x 297.00 MM),1:1,
C:\Users\Nithish\Desktop\SSDL\P_023502001B.dwg,Layout1,24/01/2018 12:50:07,nithish,DWG To PDF.pc3,ISO full bleed A4 (210.00 x 297.00 MM),1:1,
C:\Users\Nithish\Desktop\SSDL\P_023502001B.dwg,Layout1,24/01/2018 12:54:16,nithish,DWG To PDF.pc3,ISO full bleed A4 (210.00 x 297.00 MM),1:1,
C:\Users\Nithish\Desktop\SSDL\P_023502001B.dwg,Layout1,24/01/2018 12:54:18,nithish,DWG To PDF.pc3,ISO full bleed A4 (210.00 x 297.00 MM),1:1,
C:\Users\Nithish\Desktop\SSDL\P_023502001B.dwg,Layout1,24/01/2018 12:54:19,nithish,DWG To PDF.pc3,ISO full bleed A4 (210.00 x 297.00 MM),1:1,
C:\Users\Nithish\Desktop\SSDL\P_023502001B.dwg,Layout1,24/01/2018 12:54:21,nithish,DWG To PDF.pc3,ISO full bleed A4 (210.00 x 297.00 MM),1:1,
C:\Users\Nithish\Desktop\SSDL\P_023502001B.dwg,Layout1,24/01/2018 12:54:22,nithish,DWG To PDF.pc3,ISO full bleed A4 (210.00 x 297.00 MM),1:1,
C:\Users\Nithish\Desktop\SSDL\P_023502001B.dwg,Layout1,24/01/2018 12:54:23,nithish,DWG To PDF.pc3,ISO full bleed A4 (210.00 x 297.00 MM),1:1,
C:\Users\Nithish\Desktop\SSDL\P_023502001B.dwg,Layout1,24/01/2018 12:54:25,nithish,DWG To PDF.pc3,ISO full bleed A4 (210.00 x 297.00 MM),1:1,
C:\Users\Nithish\Desktop\SSDL\P_023502001B.dwg,Layout1,24/01/2018 12:55:04,nithish,DWG To PDF.pc3,ISO full bleed A4 (210.00 x 297.00 MM),1:1,
C:\Users\Nithish\Desktop\SSDL\P_023502001B.dwg,Layout1,24/01/2018 12:55:06,nithish,DWG To PDF.pc3,ISO full bleed A4 (210.00 x 297.00 MM),1:1,
C:\Users\Nithish\Desktop\SSDL\P_023502001B.dwg,Layout1,24/01/2018 12:55:07,nithish,DWG To PDF.pc3,ISO full bleed A4 (210.00 x 297.00 MM),1:1,
C:\Users\Nithish\Desktop\SSDL\P_023502001B.dwg,Layout1,24/01/2018 12:55:09,nithish,DWG To PDF.pc3,ISO full bleed A4 (210.00 x 297.00 MM),1:1,
C:\Users\Nithish\Desktop\SSDL\P_023502001B.dwg,Layout1,24/01/2018 12:55:10,nithish,DWG To PDF.pc3,ISO full bleed A4 (210.00 x 297.00 MM),1:1,
C:\Users\Nithish\Desktop\SSDL\P_023502001B.dwg,Layout1,24/01/2018 12:55:11,nithish,DWG To PDF.pc3,ISO full bleed A4 (210.00 x 297.00 MM),1:1,
C:\Users\Nithish\Desktop\SSDL\P_023502001B.dwg,Layout1,24/01/2018 12:55:12,nithish,DWG To PDF.pc3,ISO full bleed A4 (210.00 x 297.00 MM),1:1,
C:\Users\Nithish\Desktop\SSDL\P_023502001B.dwg,Layout1,24/01/2018 13:29:17,nithish,DWG To PDF.pc3,ISO full bleed A4 (210.00 x 297.00 MM),1:1,
C:\Users\Nithish\Desktop\SSDL\P_023502001B.dwg,Layout1,24/01/2018 13:29:18,nithish,DWG To PDF.pc3,ISO full bleed A4 (210.00 x 297.00 MM),1:1,
C:\Users\Nithish\Desktop\SSDL\P_023502001B.dwg,Layout1,24/01/2018 13:29:20,nithish,DWG To PDF.pc3,ISO full bleed A4 (210.00 x 297.00 MM),1:1,
C:\Users\Nithish\Desktop\SSDL\P_023502001B.dwg,Layout1,24/01/2018 13:29:21,nithish,DWG To PDF.pc3,ISO full bleed A4 (210.00 x 297.00 MM),1:1,
C:\Users\Nithish\Desktop\SSDL\P_023502001B.dwg,Layout1,24/01/2018 13:29:37,nithish,DWG To PDF.pc3,ISO full bleed A4 (210.00 x 297.00 MM),1:1,
C:\Users\Nithish\Desktop\DM-P_023502001B.dwg,Layout1,01/02/2018 07:33:22,nithish,DWG To PDF.pc3,ISO A4 (210.00 x 297.00 MM),1:1,
C:\Users\Nithish\Desktop\SSDL\P_023502001B.dwg,Layout1,01/02/2018 07:34:55,nithish,DWG To PDF.pc3,ISO full bleed A4 (210.00 x 297.00 MM),1:1,
C:\Users\Nithish\Desktop\TestDWG.dwg,Model,01/02/2018 07:41:26,nithish,DWG To PDF.pc3,ISO A4 (210.00 x 297.00 MM),1:56.0008,
E:\Chockalingam\Projects\SSDL\Drawing12.dwg,Layout1,26/02/2018 00:22:21,nithish,DWG To PDF.pc3,ISO full bleed A4 (210.00 x 297.00 MM),1:1,
E:\Chockalingam\Projects\SSDL\Drawing12.dwg,Layout1,26/02/2018 00:22:23,nithish,DWG To PDF.pc3,ISO full bleed A4 (210.00 x 297.00 MM),1:1,
E:\Chockalingam\Projects\SSDL\Drawing12.dwg,Layout1,26/02/2018 00:22:25,nithish,DWG To PDF.pc3,ISO full bleed A4 (210.00 x 297.00 MM),1:1,
E:\Chockalingam\Projects\SSDL\Drawing12.dwg,Layout1,26/02/2018 00:22:27,nithish,DWG To PDF.pc3,ISO full bleed A4 (210.00 x 297.00 MM),1:1,
E:\Chockalingam\Projects\SSDL\Drawing12.dwg,Layout1,26/02/2018 07:45:03,nithish,DWG To PDF.pc3,ISO full bleed A4 (210.00 x 297.00 MM),1:1,
E:\Chockalingam\Projects\SSDL\Drawing12.dwg,Layout1,26/02/2018 07:45:05,nithish,DWG To PDF.pc3,ISO full bleed A4 (210.00 x 297.00 MM),1:1,
E:\Chockalingam\Projects\SSDL\Drawing12.dwg,Layout1,26/02/2018 07:59:52,nithish,DWG To PDF.pc3,ISO full bleed A4 (210.00 x 297.00 MM),1:1,
E:\Chockalingam\Projects\SSDL\Source\P_075639020A (2).DWG,Layout1,18/07/2018 05:10:52,nithish,DWG To PDF.pc3,ISO full bleed A4 (210.00 x 297.00 MM),1:1,
E:\Chockalingam\Projects\SSDL\Source\P_075639020A (2).DWG,Model,18/07/2018 05:10:52,nithish,DWG To PDF.pc3,ISO full bleed A4 (210.00 x 297.00 MM),1:2.4735,
E:\Chockalingam\Projects\SSDL\Source\P_075639020A (2).DWG,Layout1,18/07/2018 05:36:56,nithish,DWG To PDF.pc3,ISO full bleed A4 (210.00 x 297.00 MM),1:1,
E:\Chockalingam\Projects\SSDL\Source\P_075639020A (2).DWG,Model,18/07/2018 05:36:56,nithish,DWG To PDF.pc3,ISO full bleed A4 (210.00 x 297.00 MM),1:2.4735,
E:\Chockalingam\Projects\SSDL\Source\P_075639020A (2).DWG,Model,18/07/2018 05:46:29,nithish,DWG To PDF.pc3,ISO full bleed A4 (210.00 x 297.00 MM),1:2.4735,
E:\Chockalingam\Projects\SSDL\Source\P_075639020A (2).DWG,Model,18/07/2018 06:05:16,nithish,DWG To PDF.pc3,ISO full bleed A4 (210.00 x 297.00 MM),1:1.35414,
E:\Chockalingam\Projects\SSDL\Source\P_075639020A (2).DWG,Model,18/07/2018 06:08:52,nithish,DWG To PDF.pc3,ISO full bleed A4 (210.00 x 297.00 MM),1:1.35414,
E:\Chockalingam\Projects\SSDL\Source\P_075639020A (2).DWG,Model,18/07/2018 06:08:56,nithish,DWG To PDF.pc3,ISO full bleed A4 (210.00 x 297.00 MM),1:1.35414,
E:\Chockalingam\Projects\SSDL\Source\P_075639020A (2).DWG,Model,18/07/2018 06:12:53,nithish,DWG To PDF.pc3,ISO full bleed A4 (210.00 x 297.00 MM),1:1.35414,
E:\Chockalingam\Projects\SSDL\Source\P_075639020A (2).DWG,Model,18/07/2018 06:12:55,nithish,DWG To PDF.pc3,ISO full bleed A4 (210.00 x 297.00 MM),1:1.35414,
E:\Chockalingam\Projects\SSDL\Source\P_075639020A (2).DWG,Model,18/07/2018 06:13:16,nithish,DWG To PDF.pc3,ISO full bleed A4 (210.00 x 297.00 MM),1:1.35414,
E:\Chockalingam\Projects\SSDL\Source\P_075639020A (2).DWG,Model,18/07/2018 06:13:18,nithish,DWG To PDF.pc3,ISO full bleed A4 (210.00 x 297.00 MM),1:1.35414,
E:\Chockalingam\Projects\SSDL\Source\P_075639020A (2).DWG,Model,18/07/2018 06:14:53,nithish,DWG To PDF.pc3,ISO full bleed A4 (210.00 x 297.00 MM),1:1.35414,
E:\Chockalingam\Projects\SSDL\Source\P_075639020A (2).DWG,Model,18/07/2018 06:14:57,nithish,DWG To PDF.pc3,ISO full bleed A4 (210.00 x 297.00 MM),1:1.35414,
D:\ssdl dwg\P_023597007B.dwg,Model,15/08/2018 23:51:47,nithish,DWG To PDF.pc3,ISO full bleed A4 (210.00 x 297.00 MM),1:1.35414,
D:\ssdl dwg\P_023597007B.dwg,Model,15/08/2018 23:51:55,nithish,DWG To PDF.pc3,ISO full bleed A4 (210.00 x 297.00 MM),1:1.35414,
D:\ssdl dwg\P_023597007B.dwg,Model,15/08/2018 23:51:58,nithish,DWG To PDF.pc3,ISO full bleed A4 (210.00 x 297.00 MM),1:1.35414,
D:\ssdl dwg\P_023597007B.dwg,Model,15/08/2018 23:56:41,nithish,DWG To PDF.pc3,ISO full bleed A4 (210.00 x 297.00 MM),1:1.35414,
D:\ssdl dwg\P_023597007B.dwg,Model,16/08/2018 00:04:58,nithish,DWG To PDF.pc3,ISO full bleed A4 (210.00 x 297.00 MM),1:1.35414,
D:\ssdl dwg\P_023597007B.dwg,Model,16/08/2018 00:10:19,nithish,DWG To PDF.pc3,ISO full bleed A4 (210.00 x 297.00 MM),1:1.35414,
D:\ssdl dwg\P_023597007B.dwg,Model,16/08/2018 00:10:21,nithish,DWG To PDF.pc3,ISO full bleed A4 (210.00 x 297.00 MM),1:1.35414,
D:\ssdl dwg\P_023597007B.dwg,Model,16/08/2018 00:10:22,nithish,DWG To PDF.pc3,ISO full bleed A4 (210.00 x 297.00 MM),1:1.35414,
