E:\Chockalingam\Projects\SSDL\Drawing1.dwg,Layout1,30/12/2017 13:27:16,nithish,AutoCAD PDF (General Documentation).pc3,ISO full bleed A4 (210.00 x 297.00 MM),1:1,
E:\Chockalingam\Projects\SSDL\Drawing1.dwg,Layout1,30/12/2017 13:28:36,nithish,AutoCAD PDF (General Documentation).pc3,ISO full bleed A4 (210.00 x 297.00 MM),1:1,
E:\Chockalingam\Projects\SSDL\Drawing1.dwg,Layout1,30/12/2017 13:31:11,nithish,AutoCAD PDF (General Documentation).pc3,ISO full bleed A4 (210.00 x 297.00 MM),1:1,
E:\Chockalingam\Projects\SSDL\Drawing1.dwg,Layout1,30/12/2017 13:31:14,nithish,AutoCAD PDF (General Documentation).pc3,ISO full bleed A4 (210.00 x 297.00 MM),1:1,
E:\Chockalingam\Projects\SSDL\Drawing1.dwg,Layout1,30/12/2017 13:31:18,nithish,AutoCAD PDF (General Documentation).pc3,ISO full bleed A4 (210.00 x 297.00 MM),1:1,
E:\Chockalingam\Projects\SSDL\Drawing1.dwg,Layout1,30/12/2017 13:37:56,nithish,AutoCAD PDF (General Documentation).pc3,ISO full bleed A4 (210.00 x 297.00 MM),1:1,
E:\Chockalingam\Projects\SSDL\Drawing1.dwg,Layout1,30/12/2017 14:03:41,nithish,AutoCAD PDF (General Documentation).pc3,ISO full bleed A4 (210.00 x 297.00 MM),1:1,
E:\Chockalingam\Projects\SSDL\Drawing12.dwg,Layout1,30/12/2017 15:09:04,nithish,AutoCAD PDF (General Documentation).pc3,ISO full bleed A4 (210.00 x 297.00 MM),1:1,
E:\Chockalingam\Projects\SSDL\Drawing12.dwg,Layout1,30/12/2017 15:11:23,nithish,AutoCAD PDF (General Documentation).pc3,ISO full bleed A4 (210.00 x 297.00 MM),1:1,
E:\Chockalingam\Projects\SSDL\Drawing12.dwg,Layout1,30/12/2017 15:34:20,nithish,AutoCAD PDF (General Documentation).pc3,ISO full bleed A4 (210.00 x 297.00 MM),1:1,
E:\Chockalingam\Projects\SSDL\Drawing12.dwg,Layout1,30/12/2017 15:34:26,nithish,AutoCAD PDF (General Documentation).pc3,ISO full bleed A4 (210.00 x 297.00 MM),1:1,
E:\Chockalingam\Projects\SSDL\Drawing12.dwg,Layout1,30/12/2017 15:34:27,nithish,AutoCAD PDF (General Documentation).pc3,ISO full bleed A4 (210.00 x 297.00 MM),1:1,
E:\Chockalingam\Projects\SSDL\Drawing12.dwg,Layout1,30/12/2017 15:49:06,nithish,AutoCAD PDF (General Documentation).pc3,ISO full bleed A4 (210.00 x 297.00 MM),1:1,
E:\Chockalingam\Projects\SSDL\Drawing12.dwg,Layout1,30/12/2017 16:33:11,nithish,AutoCAD PDF (General Documentation).pc3,ISO full bleed A4 (210.00 x 297.00 MM),1:1,
E:\Chockalingam\Projects\SSDL\Drawing12.dwg,Layout1,30/12/2017 16:56:50,nithish,AutoCAD PDF (General Documentation).pc3,ISO full bleed A4 (210.00 x 297.00 MM),1:1,
E:\Chockalingam\Projects\SSDL\Drawing12.dwg,Layout1,31/12/2017 13:40:10,nithish,AutoCAD PDF (General Documentation).pc3,ISO full bleed A4 (210.00 x 297.00 MM),1:1,
E:\Chockalingam\Projects\SSDL\Drawing1.dwg,Layout1,31/12/2017 13:48:50,nithish,AutoCAD PDF (General Documentation).pc3,ISO full bleed A4 (210.00 x 297.00 MM),1:1,
E:\Chockalingam\Projects\SSDL\Drawing1.dwg,Layout1,01/01/2018 06:19:08,nithish,AutoCAD PDF (General Documentation).pc3,ISO full bleed A4 (210.00 x 297.00 MM),1:1,
E:\Chockalingam\Projects\SSDL\Drawing1.dwg,Layout1,01/01/2018 06:24:27,nithish,AutoCAD PDF (General Documentation).pc3,ISO full bleed A4 (210.00 x 297.00 MM),1:1,
E:\Chockalingam\Projects\SSDL\Drawing1.dwg,Layout1,01/01/2018 06:28:43,nithish,AutoCAD PDF (General Documentation).pc3,ISO full bleed A4 (210.00 x 297.00 MM),1:1,
E:\Chockalingam\Projects\SSDL\Drawing1.dwg,Layout1,01/01/2018 06:33:04,nithish,AutoCAD PDF (General Documentation).pc3,ISO full bleed A4 (210.00 x 297.00 MM),1:1,
E:\Chockalingam\Projects\SSDL\Drawing1.dwg,Layout1,01/01/2018 06:44:31,nithish,AutoCAD PDF (General Documentation).pc3,ISO full bleed A4 (210.00 x 297.00 MM),1:1,
E:\Chockalingam\Projects\SSDL\Drawing1.dwg,Layout1,01/01/2018 06:44:45,nithish,AutoCAD PDF (General Documentation).pc3,ISO full bleed A4 (210.00 x 297.00 MM),1:1,
E:\Chockalingam\Projects\SSDL\Drawing1.dwg,Layout1,01/01/2018 06:45:04,nithish,AutoCAD PDF (General Documentation).pc3,ISO full bleed A4 (210.00 x 297.00 MM),1:1,
E:\Chockalingam\Projects\SSDL\Drawing1.dwg,Layout1,01/01/2018 06:45:08,nithish,AutoCAD PDF (General Documentation).pc3,ISO full bleed A4 (210.00 x 297.00 MM),1:1,
E:\Chockalingam\Projects\SSDL\Drawing1.dwg,Layout1,01/01/2018 06:47:07,nithish,AutoCAD PDF (General Documentation).pc3,ISO full bleed A4 (210.00 x 297.00 MM),1:1,
E:\Chockalingam\Projects\SSDL\Drawing1.dwg,Layout1,01/01/2018 06:47:08,nithish,AutoCAD PDF (General Documentation).pc3,ISO full bleed A4 (210.00 x 297.00 MM),1:1,
E:\Chockalingam\Projects\SSDL\Drawing1.dwg,Layout1,01/01/2018 06:47:09,nithish,AutoCAD PDF (General Documentation).pc3,ISO full bleed A4 (210.00 x 297.00 MM),1:1,
E:\Chockalingam\Projects\SSDL\Drawing1.dwg,Layout1,01/01/2018 06:47:09,nithish,AutoCAD PDF (General Documentation).pc3,ISO full bleed A4 (210.00 x 297.00 MM),1:1,
E:\Chockalingam\Projects\SSDL\Drawing1.dwg,Layout1,01/01/2018 06:48:23,nithish,AutoCAD PDF (General Documentation).pc3,ISO full bleed A4 (210.00 x 297.00 MM),1:1,
E:\Chockalingam\Projects\SSDL\Drawing1.dwg,Layout1,01/01/2018 07:12:42,nithish,AutoCAD PDF (General Documentation).pc3,ISO full bleed A4 (210.00 x 297.00 MM),1:1,
E:\Chockalingam\Projects\SSDL\Drawing1.dwg,Layout1,01/01/2018 07:12:43,nithish,AutoCAD PDF (General Documentation).pc3,ISO full bleed A4 (210.00 x 297.00 MM),1:1,
E:\Chockalingam\Projects\SSDL\Drawing1.dwg,Layout1,01/01/2018 07:12:43,nithish,AutoCAD PDF (General Documentation).pc3,ISO full bleed A4 (210.00 x 297.00 MM),1:1,
E:\Chockalingam\Projects\SSDL\Drawing1.dwg,Layout1,01/01/2018 07:12:44,nithish,AutoCAD PDF (General Documentation).pc3,ISO full bleed A4 (210.00 x 297.00 MM),1:1,
E:\Chockalingam\Projects\SSDL\Drawing1.dwg,Layout1,01/01/2018 07:12:44,nithish,AutoCAD PDF (General Documentation).pc3,ISO full bleed A4 (210.00 x 297.00 MM),1:1,
E:\Chockalingam\Projects\SSDL\Drawing1.dwg,Layout1,01/01/2018 07:12:44,nithish,AutoCAD PDF (General Documentation).pc3,ISO full bleed A4 (210.00 x 297.00 MM),1:1,
E:\Chockalingam\Projects\SSDL\Drawing1.dwg,Layout1,01/01/2018 07:12:45,nithish,AutoCAD PDF (General Documentation).pc3,ISO full bleed A4 (210.00 x 297.00 MM),1:1,
E:\Chockalingam\Projects\SSDL\Drawing1.dwg,Layout1,01/01/2018 07:12:45,nithish,AutoCAD PDF (General Documentation).pc3,ISO full bleed A4 (210.00 x 297.00 MM),1:1,
E:\Chockalingam\Projects\SSDL\Drawing1.dwg,Layout1,01/01/2018 07:12:45,nithish,AutoCAD PDF (General Documentation).pc3,ISO full bleed A4 (210.00 x 297.00 MM),1:1,
E:\Chockalingam\Projects\SSDL\Drawing1.dwg,Layout1,01/01/2018 07:12:46,nithish,AutoCAD PDF (General Documentation).pc3,ISO full bleed A4 (210.00 x 297.00 MM),1:1,
E:\Chockalingam\Projects\SSDL\Drawing1.dwg,Layout1,01/01/2018 07:12:46,nithish,AutoCAD PDF (General Documentation).pc3,ISO full bleed A4 (210.00 x 297.00 MM),1:1,
E:\Chockalingam\Projects\SSDL\Drawing1.dwg,Layout1,01/01/2018 07:12:47,nithish,AutoCAD PDF (General Documentation).pc3,ISO full bleed A4 (210.00 x 297.00 MM),1:1,
E:\Chockalingam\Projects\SSDL\Drawing1.dwg,Layout1,01/01/2018 07:12:47,nithish,AutoCAD PDF (General Documentation).pc3,ISO full bleed A4 (210.00 x 297.00 MM),1:1,
E:\Chockalingam\Projects\SSDL\Drawing1.dwg,Layout1,01/01/2018 07:12:47,nithish,AutoCAD PDF (General Documentation).pc3,ISO full bleed A4 (210.00 x 297.00 MM),1:1,
E:\Chockalingam\Projects\SSDL\Drawing1.dwg,Layout1,01/01/2018 07:12:48,nithish,AutoCAD PDF (General Documentation).pc3,ISO full bleed A4 (210.00 x 297.00 MM),1:1,
E:\Chockalingam\Projects\SSDL\Drawing1.dwg,Layout1,01/01/2018 07:12:48,nithish,AutoCAD PDF (General Documentation).pc3,ISO full bleed A4 (210.00 x 297.00 MM),1:1,
E:\Chockalingam\Projects\SSDL\Drawing1.dwg,Layout1,01/01/2018 07:12:48,nithish,AutoCAD PDF (General Documentation).pc3,ISO full bleed A4 (210.00 x 297.00 MM),1:1,
E:\Chockalingam\Projects\SSDL\Drawing1.dwg,Layout1,01/01/2018 07:12:49,nithish,AutoCAD PDF (General Documentation).pc3,ISO full bleed A4 (210.00 x 297.00 MM),1:1,
E:\Chockalingam\Projects\SSDL\Drawing1.dwg,Layout1,01/01/2018 07:12:49,nithish,AutoCAD PDF (General Documentation).pc3,ISO full bleed A4 (210.00 x 297.00 MM),1:1,
E:\Chockalingam\Projects\SSDL\Drawing1.dwg,Layout1,01/01/2018 07:22:32,nithish,AutoCAD PDF (General Documentation).pc3,ISO full bleed A4 (210.00 x 297.00 MM),1:1,
E:\Chockalingam\Projects\SSDL\Drawing1.dwg,Layout1,01/01/2018 07:22:33,nithish,AutoCAD PDF (General Documentation).pc3,ISO full bleed A4 (210.00 x 297.00 MM),1:1,
E:\Chockalingam\Projects\SSDL\Drawing1.dwg,Layout1,01/01/2018 07:22:34,nithish,AutoCAD PDF (General Documentation).pc3,ISO full bleed A4 (210.00 x 297.00 MM),1:1,
E:\Chockalingam\Projects\SSDL\Drawing1.dwg,Layout1,01/01/2018 07:22:34,nithish,AutoCAD PDF (General Documentation).pc3,ISO full bleed A4 (210.00 x 297.00 MM),1:1,
E:\Chockalingam\Projects\SSDL\Drawing1.dwg,Layout1,01/01/2018 07:22:35,nithish,AutoCAD PDF (General Documentation).pc3,ISO full bleed A4 (210.00 x 297.00 MM),1:1,
E:\Chockalingam\Projects\SSDL\Drawing1.dwg,Layout1,01/01/2018 07:22:35,nithish,AutoCAD PDF (General Documentation).pc3,ISO full bleed A4 (210.00 x 297.00 MM),1:1,
E:\Chockalingam\Projects\SSDL\Drawing1.dwg,Layout1,01/01/2018 07:22:35,nithish,AutoCAD PDF (General Documentation).pc3,ISO full bleed A4 (210.00 x 297.00 MM),1:1,
E:\Chockalingam\Projects\SSDL\Drawing1.dwg,Layout1,01/01/2018 07:22:36,nithish,AutoCAD PDF (General Documentation).pc3,ISO full bleed A4 (210.00 x 297.00 MM),1:1,
E:\Chockalingam\Projects\SSDL\Drawing1.dwg,Layout1,01/01/2018 07:22:36,nithish,AutoCAD PDF (General Documentation).pc3,ISO full bleed A4 (210.00 x 297.00 MM),1:1,
E:\Chockalingam\Projects\SSDL\Drawing1.dwg,Layout1,01/01/2018 07:22:36,nithish,AutoCAD PDF (General Documentation).pc3,ISO full bleed A4 (210.00 x 297.00 MM),1:1,
E:\Chockalingam\Projects\SSDL\Drawing1.dwg,Layout1,01/01/2018 07:22:37,nithish,AutoCAD PDF (General Documentation).pc3,ISO full bleed A4 (210.00 x 297.00 MM),1:1,
E:\Chockalingam\Projects\SSDL\Drawing1.dwg,Layout1,01/01/2018 07:22:37,nithish,AutoCAD PDF (General Documentation).pc3,ISO full bleed A4 (210.00 x 297.00 MM),1:1,
E:\Chockalingam\Projects\SSDL\Drawing1.dwg,Layout1,01/01/2018 07:22:37,nithish,AutoCAD PDF (General Documentation).pc3,ISO full bleed A4 (210.00 x 297.00 MM),1:1,
E:\Chockalingam\Projects\SSDL\Drawing1.dwg,Layout1,01/01/2018 07:22:38,nithish,AutoCAD PDF (General Documentation).pc3,ISO full bleed A4 (210.00 x 297.00 MM),1:1,
E:\Chockalingam\Projects\SSDL\Drawing1.dwg,Layout1,01/01/2018 07:22:38,nithish,AutoCAD PDF (General Documentation).pc3,ISO full bleed A4 (210.00 x 297.00 MM),1:1,
E:\Chockalingam\Projects\SSDL\Drawing1.dwg,Layout1,01/01/2018 07:22:39,nithish,AutoCAD PDF (General Documentation).pc3,ISO full bleed A4 (210.00 x 297.00 MM),1:1,
E:\Chockalingam\Projects\SSDL\Drawing1.dwg,Layout1,01/01/2018 07:22:39,nithish,AutoCAD PDF (General Documentation).pc3,ISO full bleed A4 (210.00 x 297.00 MM),1:1,
E:\Chockalingam\Projects\SSDL\Drawing1.dwg,Layout1,01/01/2018 07:22:39,nithish,AutoCAD PDF (General Documentation).pc3,ISO full bleed A4 (210.00 x 297.00 MM),1:1,
E:\Chockalingam\Projects\SSDL\Drawing1.dwg,Layout1,01/01/2018 07:22:40,nithish,AutoCAD PDF (General Documentation).pc3,ISO full bleed A4 (210.00 x 297.00 MM),1:1,
E:\Chockalingam\Projects\SSDL\Drawing1.dwg,Layout1,01/01/2018 07:22:40,nithish,AutoCAD PDF (General Documentation).pc3,ISO full bleed A4 (210.00 x 297.00 MM),1:1,
E:\Chockalingam\Projects\SSDL\Drawing1.dwg,Layout1,01/01/2018 07:28:21,nithish,AutoCAD PDF (General Documentation).pc3,ISO full bleed A4 (210.00 x 297.00 MM),1:1,
E:\Chockalingam\Projects\SSDL\Drawing1.dwg,Layout1,01/01/2018 07:28:22,nithish,AutoCAD PDF (General Documentation).pc3,ISO full bleed A4 (210.00 x 297.00 MM),1:1,
E:\Chockalingam\Projects\SSDL\Drawing1.dwg,Layout1,01/01/2018 07:28:22,nithish,AutoCAD PDF (General Documentation).pc3,ISO full bleed A4 (210.00 x 297.00 MM),1:1,
E:\Chockalingam\Projects\SSDL\Drawing1.dwg,Layout1,01/01/2018 07:28:22,nithish,AutoCAD PDF (General Documentation).pc3,ISO full bleed A4 (210.00 x 297.00 MM),1:1,
E:\Chockalingam\Projects\SSDL\Drawing1.dwg,Layout1,01/01/2018 07:28:23,nithish,AutoCAD PDF (General Documentation).pc3,ISO full bleed A4 (210.00 x 297.00 MM),1:1,
E:\Chockalingam\Projects\SSDL\Drawing1.dwg,Layout1,01/01/2018 07:28:23,nithish,AutoCAD PDF (General Documentation).pc3,ISO full bleed A4 (210.00 x 297.00 MM),1:1,
E:\Chockalingam\Projects\SSDL\Drawing1.dwg,Layout1,01/01/2018 07:28:24,nithish,AutoCAD PDF (General Documentation).pc3,ISO full bleed A4 (210.00 x 297.00 MM),1:1,
E:\Chockalingam\Projects\SSDL\Drawing1.dwg,Layout1,01/01/2018 07:28:24,nithish,AutoCAD PDF (General Documentation).pc3,ISO full bleed A4 (210.00 x 297.00 MM),1:1,
E:\Chockalingam\Projects\SSDL\Drawing1.dwg,Layout1,01/01/2018 07:28:24,nithish,AutoCAD PDF (General Documentation).pc3,ISO full bleed A4 (210.00 x 297.00 MM),1:1,
E:\Chockalingam\Projects\SSDL\Drawing1.dwg,Layout1,01/01/2018 07:28:25,nithish,AutoCAD PDF (General Documentation).pc3,ISO full bleed A4 (210.00 x 297.00 MM),1:1,
E:\Chockalingam\Projects\SSDL\Drawing1.dwg,Layout1,01/01/2018 07:28:25,nithish,AutoCAD PDF (General Documentation).pc3,ISO full bleed A4 (210.00 x 297.00 MM),1:1,
E:\Chockalingam\Projects\SSDL\Drawing1.dwg,Layout1,01/01/2018 07:28:26,nithish,AutoCAD PDF (General Documentation).pc3,ISO full bleed A4 (210.00 x 297.00 MM),1:1,
E:\Chockalingam\Projects\SSDL\Drawing1.dwg,Layout1,01/01/2018 07:28:26,nithish,AutoCAD PDF (General Documentation).pc3,ISO full bleed A4 (210.00 x 297.00 MM),1:1,
E:\Chockalingam\Projects\SSDL\Drawing1.dwg,Layout1,01/01/2018 07:28:26,nithish,AutoCAD PDF (General Documentation).pc3,ISO full bleed A4 (210.00 x 297.00 MM),1:1,
E:\Chockalingam\Projects\SSDL\Drawing1.dwg,Layout1,01/01/2018 07:28:27,nithish,AutoCAD PDF (General Documentation).pc3,ISO full bleed A4 (210.00 x 297.00 MM),1:1,
E:\Chockalingam\Projects\SSDL\Drawing1.dwg,Layout1,01/01/2018 07:28:27,nithish,AutoCAD PDF (General Documentation).pc3,ISO full bleed A4 (210.00 x 297.00 MM),1:1,
E:\Chockalingam\Projects\SSDL\Drawing1.dwg,Layout1,01/01/2018 07:28:28,nithish,AutoCAD PDF (General Documentation).pc3,ISO full bleed A4 (210.00 x 297.00 MM),1:1,
E:\Chockalingam\Projects\SSDL\Drawing1.dwg,Layout1,01/01/2018 07:28:28,nithish,AutoCAD PDF (General Documentation).pc3,ISO full bleed A4 (210.00 x 297.00 MM),1:1,
E:\Chockalingam\Projects\SSDL\Drawing1.dwg,Layout1,01/01/2018 07:28:28,nithish,AutoCAD PDF (General Documentation).pc3,ISO full bleed A4 (210.00 x 297.00 MM),1:1,
E:\Chockalingam\Projects\SSDL\Drawing1.dwg,Layout1,01/01/2018 07:28:29,nithish,AutoCAD PDF (General Documentation).pc3,ISO full bleed A4 (210.00 x 297.00 MM),1:1,
E:\Chockalingam\Projects\SSDL\Drawing1.dwg,Layout1,01/01/2018 07:29:49,nithish,AutoCAD PDF (General Documentation).pc3,ISO full bleed A4 (210.00 x 297.00 MM),1:1,
E:\Chockalingam\Projects\SSDL\Drawing1.dwg,Layout1,01/01/2018 07:29:49,nithish,AutoCAD PDF (General Documentation).pc3,ISO full bleed A4 (210.00 x 297.00 MM),1:1,
E:\Chockalingam\Projects\SSDL\Drawing1.dwg,Layout1,01/01/2018 07:31:41,nithish,AutoCAD PDF (General Documentation).pc3,ISO full bleed A4 (210.00 x 297.00 MM),1:1,
E:\Chockalingam\Projects\SSDL\Drawing1.dwg,Layout1,01/01/2018 07:31:41,nithish,AutoCAD PDF (General Documentation).pc3,ISO full bleed A4 (210.00 x 297.00 MM),1:1,
E:\Chockalingam\Projects\SSDL\Drawing1.dwg,Layout1,01/01/2018 07:36:53,nithish,AutoCAD PDF (General Documentation).pc3,ISO full bleed A4 (210.00 x 297.00 MM),1:1,
E:\Chockalingam\Projects\SSDL\Drawing1.dwg,Layout1,01/01/2018 07:36:53,nithish,AutoCAD PDF (General Documentation).pc3,ISO full bleed A4 (210.00 x 297.00 MM),1:1,
E:\Chockalingam\Projects\SSDL\Drawing1.dwg,Layout1,01/01/2018 07:47:13,nithish,AutoCAD PDF (General Documentation).pc3,ISO full bleed A4 (210.00 x 297.00 MM),1:1,
E:\Chockalingam\Projects\SSDL\Drawing1.dwg,Layout1,01/01/2018 07:47:14,nithish,AutoCAD PDF (General Documentation).pc3,ISO full bleed A4 (210.00 x 297.00 MM),1:1,
E:\Chockalingam\Projects\SSDL\Drawing1.dwg,Layout1,01/01/2018 07:48:25,nithish,AutoCAD PDF (General Documentation).pc3,ISO full bleed A4 (210.00 x 297.00 MM),1:1,
E:\Chockalingam\Projects\SSDL\Drawing1.dwg,Layout1,01/01/2018 07:48:26,nithish,AutoCAD PDF (General Documentation).pc3,ISO full bleed A4 (210.00 x 297.00 MM),1:1,
E:\Chockalingam\Projects\SSDL\Drawing1.dwg,Layout1,01/01/2018 07:57:56,nithish,AutoCAD PDF (General Documentation).pc3,ISO full bleed A4 (210.00 x 297.00 MM),1:1,
E:\Chockalingam\Projects\SSDL\Drawing1.dwg,Layout1,01/01/2018 07:57:56,nithish,AutoCAD PDF (General Documentation).pc3,ISO full bleed A4 (210.00 x 297.00 MM),1:1,
E:\Chockalingam\Projects\SSDL\Drawing1.dwg,Layout1,01/01/2018 08:02:34,nithish,AutoCAD PDF (General Documentation).pc3,ISO full bleed A4 (210.00 x 297.00 MM),1:1,
E:\Chockalingam\Projects\SSDL\Drawing1.dwg,Layout1,01/01/2018 08:02:35,nithish,AutoCAD PDF (General Documentation).pc3,ISO full bleed A4 (210.00 x 297.00 MM),1:1,
E:\Chockalingam\Projects\SSDL\Drawing21.dwg,Model,01/01/2018 13:48:36,nithish,AutoCAD PDF (General Documentation).pc3,ISO A4 (210.00 x 297.00 MM),1:4.28642,
E:\Chockalingam\Projects\SSDL\Drawing21.dwg,Model,01/01/2018 13:48:37,nithish,AutoCAD PDF (General Documentation).pc3,ISO A4 (210.00 x 297.00 MM),1:4.28642,
E:\Chockalingam\Projects\SSDL\Drawing21.dwg,Model,01/01/2018 13:48:37,nithish,AutoCAD PDF (General Documentation).pc3,ISO A4 (210.00 x 297.00 MM),1:4.28642,
E:\Chockalingam\Projects\SSDL\Drawing21.dwg,Model,01/01/2018 13:48:38,nithish,AutoCAD PDF (General Documentation).pc3,ISO A4 (210.00 x 297.00 MM),1:4.28642,
E:\Chockalingam\Projects\SSDL\Drawing21.dwg,Model,01/01/2018 13:48:58,nithish,AutoCAD PDF (General Documentation).pc3,ISO A4 (210.00 x 297.00 MM),1:1.67521,
E:\Chockalingam\Projects\SSDL\Drawing21.dwg,Model,01/01/2018 13:48:59,nithish,AutoCAD PDF (General Documentation).pc3,ISO A4 (210.00 x 297.00 MM),1:1.67521,
E:\Chockalingam\Projects\SSDL\Drawing21.dwg,Model,01/01/2018 13:48:59,nithish,AutoCAD PDF (General Documentation).pc3,ISO A4 (210.00 x 297.00 MM),1:1.67521,
E:\Chockalingam\Projects\SSDL\Drawing21.dwg,Model,01/01/2018 13:49:00,nithish,AutoCAD PDF (General Documentation).pc3,ISO A4 (210.00 x 297.00 MM),1:1.67521,
E:\Chockalingam\Projects\SSDL\Drawing21.dwg,Model,01/01/2018 13:51:30,nithish,AutoCAD PDF (General Documentation).pc3,ISO A4 (210.00 x 297.00 MM),1:1.67521,
E:\Chockalingam\Projects\SSDL\Drawing21.dwg,Model,01/01/2018 13:54:53,nithish,AutoCAD PDF (General Documentation).pc3,ISO A4 (210.00 x 297.00 MM),1:1.95784,
E:\Chockalingam\Projects\SSDL\Drawing21.dwg,Model,01/01/2018 13:58:11,nithish,AutoCAD PDF (General Documentation).pc3,ISO A4 (210.00 x 297.00 MM),1:8.03798,
E:\Chockalingam\Projects\SSDL\Drawing21.dwg,Model,01/01/2018 13:58:12,nithish,AutoCAD PDF (General Documentation).pc3,ISO A4 (210.00 x 297.00 MM),1:8.03798,
E:\Chockalingam\Projects\SSDL\Drawing21.dwg,Model,01/01/2018 13:58:12,nithish,AutoCAD PDF (General Documentation).pc3,ISO A4 (210.00 x 297.00 MM),1:8.03798,
E:\Chockalingam\Projects\SSDL\Drawing21.dwg,Model,01/01/2018 13:58:13,nithish,AutoCAD PDF (General Documentation).pc3,ISO A4 (210.00 x 297.00 MM),1:8.03798,
E:\Chockalingam\Projects\SSDL\Drawing21.dwg,Model,01/01/2018 13:58:13,nithish,AutoCAD PDF (General Documentation).pc3,ISO A4 (210.00 x 297.00 MM),1:8.03798,
E:\Chockalingam\Projects\SSDL\Drawing21.dwg,Model,01/01/2018 14:00:41,nithish,AutoCAD PDF (General Documentation).pc3,ISO A4 (210.00 x 297.00 MM),1:2.90487,
E:\Chockalingam\Projects\SSDL\Drawing21.dwg,Model,01/01/2018 14:08:21,nithish,AutoCAD PDF (General Documentation).pc3,ISO A4 (210.00 x 297.00 MM),1:4.64665,
E:\Chockalingam\Projects\SSDL\Drawing21.dwg,Model,01/01/2018 14:19:28,nithish,AutoCAD PDF (General Documentation).pc3,ISO A4 (210.00 x 297.00 MM),1:2.0851,
E:\Chockalingam\Projects\SSDL\Drawing21.dwg,Model,01/01/2018 14:22:31,nithish,AutoCAD PDF (General Documentation).pc3,ISO A4 (210.00 x 297.00 MM),1:1.67521,
E:\Chockalingam\Projects\SSDL\Drawing21.dwg,Model,01/01/2018 19:18:53,nithish,AutoCAD PDF (General Documentation).pc3,ISO A4 (210.00 x 297.00 MM),1:4.29005,
E:\Chockalingam\Projects\SSDL\Drawing21.dwg,Model,01/01/2018 19:22:05,nithish,AutoCAD PDF (General Documentation).pc3,ISO A4 (210.00 x 297.00 MM),1:4.29051,
E:\Chockalingam\Projects\SSDL\Drawing21.dwg,Model,01/01/2018 19:39:35,nithish,DWG To PDF.pc3,ISO A4 (210.00 x 297.00 MM),1:2.34651,
E:\Chockalingam\Projects\SSDL\Drawing21.dwg,Model,01/01/2018 19:43:20,nithish,DWG To PDF.pc3,ISO A4 (210.00 x 297.00 MM),1:2.90487,
E:\Chockalingam\Projects\SSDL\Drawing21.dwg,Model,01/01/2018 19:43:23,nithish,DWG To PDF.pc3,ISO A4 (210.00 x 297.00 MM),1:2.90487,
E:\Chockalingam\Projects\SSDL\Drawing21.dwg,Model,01/01/2018 19:43:26,nithish,DWG To PDF.pc3,ISO A4 (210.00 x 297.00 MM),1:2.90487,
E:\Chockalingam\Projects\SSDL\Drawing21.dwg,Model,01/01/2018 19:47:58,nithish,DWG To PDF.pc3,ISO A4 (210.00 x 297.00 MM),1:2.90487,
E:\Chockalingam\Projects\SSDL\Drawing21.dwg,Model,01/01/2018 19:48:00,nithish,DWG To PDF.pc3,ISO A4 (210.00 x 297.00 MM),1:2.90487,
E:\Chockalingam\Projects\SSDL\Drawing21.dwg,Model,01/01/2018 19:48:01,nithish,DWG To PDF.pc3,ISO A4 (210.00 x 297.00 MM),1:2.90487,
E:\Chockalingam\Projects\SSDL\Drawing21.dwg,Model,01/01/2018 19:50:15,nithish,DWG To PDF.pc3,ISO A4 (210.00 x 297.00 MM),1:2.90487,
E:\Chockalingam\Projects\SSDL\Drawing21.dwg,Model,01/01/2018 19:51:55,nithish,DWG To PDF.pc3,ISO A4 (210.00 x 297.00 MM),1:2.90487,
E:\Chockalingam\Projects\SSDL\Drawing21.dwg,Model,01/01/2018 19:52:37,nithish,DWG To PDF.pc3,ISO A4 (210.00 x 297.00 MM),1:2.90487,
E:\Chockalingam\Projects\SSDL\Drawing21.dwg,Model,01/01/2018 20:00:48,nithish,DWG To PDF.pc3,ISO A4 (210.00 x 297.00 MM),1:2.90487,
E:\Chockalingam\Projects\SSDL\Drawing21.dwg,Model,01/01/2018 20:01:59,nithish,DWG To PDF.pc3,ISO A4 (210.00 x 297.00 MM),1:2.90487,
E:\Chockalingam\Projects\SSDL\Drawing21.dwg,Model,01/01/2018 20:08:07,nithish,DWG To PDF.pc3,ISO A4 (210.00 x 297.00 MM),1:2.90487,
E:\Chockalingam\Projects\SSDL\Drawing21.dwg,Model,01/01/2018 20:08:09,nithish,DWG To PDF.pc3,ISO A4 (210.00 x 297.00 MM),1:2.90487,
E:\Chockalingam\Projects\SSDL\Drawing21.dwg,Model,01/01/2018 20:08:11,nithish,DWG To PDF.pc3,ISO A4 (210.00 x 297.00 MM),1:2.90487,
E:\Chockalingam\Projects\SSDL\Drawing21.dwg,Model,01/01/2018 20:08:15,nithish,DWG To PDF.pc3,ISO A4 (210.00 x 297.00 MM),1:2.90487,
E:\Chockalingam\Projects\SSDL\Drawing21.dwg,Model,01/01/2018 20:08:19,nithish,DWG To PDF.pc3,ISO A4 (210.00 x 297.00 MM),1:2.90487,
E:\Chockalingam\Projects\SSDL\Drawing21.dwg,Model,01/01/2018 20:08:21,nithish,DWG To PDF.pc3,ISO A4 (210.00 x 297.00 MM),1:2.90487,
E:\Chockalingam\Projects\SSDL\Drawing21.dwg,Model,01/01/2018 21:43:24,nithish,DWG To PDF.pc3,ISO A4 (210.00 x 297.00 MM),1:2.90487,
E:\Chockalingam\Projects\SSDL\Drawing21.dwg,Model,01/01/2018 21:43:25,nithish,DWG To PDF.pc3,ISO A4 (210.00 x 297.00 MM),1:2.90487,
E:\Chockalingam\Projects\SSDL\Drawing21.dwg,Model,01/01/2018 21:43:27,nithish,DWG To PDF.pc3,ISO A4 (210.00 x 297.00 MM),1:2.90487,
E:\Chockalingam\Projects\SSDL\Drawing21.dwg,Model,01/01/2018 21:43:28,nithish,DWG To PDF.pc3,ISO A4 (210.00 x 297.00 MM),1:2.90487,
E:\Chockalingam\Projects\SSDL\Drawing21.dwg,Model,01/01/2018 21:43:30,nithish,DWG To PDF.pc3,ISO A4 (210.00 x 297.00 MM),1:2.90487,
E:\Chockalingam\Projects\SSDL\Drawing21.dwg,Model,01/01/2018 21:43:53,nithish,DWG To PDF.pc3,ISO A4 (210.00 x 297.00 MM),1:2.90487,
E:\Chockalingam\Projects\SSDL\Drawing21.dwg,Model,01/01/2018 21:43:55,nithish,DWG To PDF.pc3,ISO A4 (210.00 x 297.00 MM),1:2.90487,
E:\Chockalingam\Projects\SSDL\Drawing21.dwg,Model,01/01/2018 21:43:56,nithish,DWG To PDF.pc3,ISO A4 (210.00 x 297.00 MM),1:2.90487,
E:\Chockalingam\Projects\SSDL\Drawing21.dwg,Model,01/01/2018 21:43:58,nithish,DWG To PDF.pc3,ISO A4 (210.00 x 297.00 MM),1:2.90487,
E:\Chockalingam\Projects\SSDL\Drawing21.dwg,Model,01/01/2018 21:43:59,nithish,DWG To PDF.pc3,ISO A4 (210.00 x 297.00 MM),1:2.90487,
E:\Chockalingam\Projects\SSDL\Drawing21.dwg,Model,02/01/2018 09:56:43,nithish,DWG To PDF.pc3,ISO A4 (210.00 x 297.00 MM),1:2.66652,
E:\Chockalingam\Projects\SSDL\Drawing21.dwg,Model,02/01/2018 09:56:45,nithish,DWG To PDF.pc3,ISO A4 (210.00 x 297.00 MM),1:2.66652,
E:\Chockalingam\Projects\SSDL\Drawing21.dwg,Model,02/01/2018 09:57:26,nithish,DWG To PDF.pc3,ISO A4 (210.00 x 297.00 MM),1:2.66652,
E:\Chockalingam\Projects\SSDL\Drawing21.dwg,Model,02/01/2018 13:06:29,nithish,DWG To PDF.pc3,ISO A4 (210.00 x 297.00 MM),1:2.66652,
E:\Chockalingam\Projects\SSDL\Drawing21.dwg,Model,02/01/2018 13:06:32,nithish,DWG To PDF.pc3,ISO A4 (210.00 x 297.00 MM),1:2.66652,
E:\Chockalingam\Projects\SSDL\Drawing21.dwg,Model,02/01/2018 13:06:40,nithish,DWG To PDF.pc3,ISO A4 (210.00 x 297.00 MM),1:2.66652,
E:\Chockalingam\Projects\SSDL\Drawing21.dwg,Model,02/01/2018 13:24:52,nithish,DWG To PDF.pc3,ISO A4 (210.00 x 297.00 MM),1:2.66652,
E:\Chockalingam\Projects\SSDL\Drawing21.dwg,Model,02/01/2018 13:24:53,nithish,DWG To PDF.pc3,ISO A4 (210.00 x 297.00 MM),1:2.66652,
E:\Chockalingam\Projects\SSDL\Drawing21.dwg,Model,02/01/2018 13:25:53,nithish,DWG To PDF.pc3,ISO A4 (210.00 x 297.00 MM),1:2.66652,
E:\Chockalingam\Projects\SSDL\Drawing21.dwg,Model,02/01/2018 13:25:55,nithish,DWG To PDF.pc3,ISO A4 (210.00 x 297.00 MM),1:2.66652,
E:\Chockalingam\Projects\SSDL\Drawing21.dwg,Model,04/01/2018 08:40:34,nithish,DWG To PDF.pc3,ISO A4 (210.00 x 297.00 MM),1:2.6651,
E:\Chockalingam\Projects\SSDL\Drawing21.dwg,Model,04/01/2018 08:40:36,nithish,DWG To PDF.pc3,ISO A4 (210.00 x 297.00 MM),1:2.66652,
E:\Chockalingam\Projects\SSDL\Drawing21.dwg,Model,04/01/2018 08:40:38,nithish,DWG To PDF.pc3,ISO A4 (210.00 x 297.00 MM),1:2.66652,
E:\Chockalingam\Projects\SSDL\Drawing21.dwg,Model,04/01/2018 10:20:09,nithish,DWG To PDF.pc3,ISO A4 (210.00 x 297.00 MM),1:2.6651,
E:\Chockalingam\Projects\SSDL\Drawing21.dwg,Model,04/01/2018 10:22:49,nithish,DWG To PDF.pc3,ISO A4 (210.00 x 297.00 MM),1:2.17559,
E:\Chockalingam\Projects\SSDL\Drawing21.dwg,Model,04/01/2018 10:27:36,nithish,DWG To PDF.pc3,ISO A4 (210.00 x 297.00 MM),1:2.66652,
E:\Chockalingam\Projects\SSDL\Drawing21.dwg,Model,04/01/2018 11:09:37,nithish,DWG To PDF.pc3,ISO A4 (210.00 x 297.00 MM),1:2.66652,
E:\Chockalingam\Projects\SSDL\Drawing21.dwg,Model,07/01/2018 15:22:14,nithish,DWG To PDF.pc3,ISO A4 (210.00 x 297.00 MM),1:2.66652,
E:\Chockalingam\Projects\SSDL\Drawing21.dwg,Model,07/01/2018 15:22:15,nithish,DWG To PDF.pc3,ISO A4 (210.00 x 297.00 MM),1:2.66652,
E:\Chockalingam\Projects\SSDL\Drawing21.dwg,Model,07/01/2018 15:22:23,nithish,DWG To PDF.pc3,ISO A4 (210.00 x 297.00 MM),1:2.66652,
E:\Chockalingam\Projects\SSDL\Drawing21.dwg,Model,07/01/2018 15:22:25,nithish,DWG To PDF.pc3,ISO A4 (210.00 x 297.00 MM),1:2.66652,
E:\Chockalingam\Projects\SSDL\Drawing21.dwg,Model,07/01/2018 15:22:29,nithish,DWG To PDF.pc3,ISO A4 (210.00 x 297.00 MM),1:2.66652,
E:\Chockalingam\Projects\SSDL\Drawing21.dwg,Model,07/01/2018 15:22:31,nithish,DWG To PDF.pc3,ISO A4 (210.00 x 297.00 MM),1:2.66652,
E:\Chockalingam\Projects\SSDL\Drawing21.dwg,Model,07/01/2018 15:22:34,nithish,DWG To PDF.pc3,ISO A4 (210.00 x 297.00 MM),1:2.66652,
E:\Chockalingam\Projects\SSDL\Drawing21.dwg,Model,07/01/2018 15:22:36,nithish,DWG To PDF.pc3,ISO A4 (210.00 x 297.00 MM),1:2.66652,
E:\Chockalingam\Projects\SSDL\Drawing21.dwg,Model,07/01/2018 15:22:40,nithish,DWG To PDF.pc3,ISO A4 (210.00 x 297.00 MM),1:2.66652,
E:\Chockalingam\Projects\SSDL\Drawing21.dwg,Model,07/01/2018 15:22:42,nithish,DWG To PDF.pc3,ISO A4 (210.00 x 297.00 MM),1:2.66652,
E:\Chockalingam\Projects\SSDL\Drawing21.dwg,Model,07/01/2018 15:25:36,nithish,DWG To PDF.pc3,ISO A4 (210.00 x 297.00 MM),1:2.66652,
E:\Chockalingam\Projects\SSDL\Drawing21.dwg,Model,07/01/2018 15:25:38,nithish,DWG To PDF.pc3,ISO A4 (210.00 x 297.00 MM),1:2.66652,
E:\Chockalingam\Projects\SSDL\Drawing21.dwg,Model,07/01/2018 15:25:39,nithish,DWG To PDF.pc3,ISO A4 (210.00 x 297.00 MM),1:2.66652,
E:\Chockalingam\Projects\SSDL\Drawing21.dwg,Model,07/01/2018 15:25:53,nithish,DWG To PDF.pc3,ISO A4 (210.00 x 297.00 MM),1:2.66652,
E:\Chockalingam\Projects\SSDL\Drawing21.dwg,Model,07/01/2018 15:25:55,nithish,DWG To PDF.pc3,ISO A4 (210.00 x 297.00 MM),1:2.66652,
E:\Chockalingam\Projects\SSDL\Drawing21.dwg,Model,07/01/2018 15:25:57,nithish,DWG To PDF.pc3,ISO A4 (210.00 x 297.00 MM),1:2.66652,
E:\Chockalingam\Projects\SSDL\Drawing21.dwg,Model,07/01/2018 15:26:01,nithish,DWG To PDF.pc3,ISO A4 (210.00 x 297.00 MM),1:2.66652,
E:\Chockalingam\Projects\SSDL\Drawing21.dwg,Model,07/01/2018 15:26:03,nithish,DWG To PDF.pc3,ISO A4 (210.00 x 297.00 MM),1:2.66652,
E:\Chockalingam\Projects\SSDL\Drawing21.dwg,Model,07/01/2018 15:26:04,nithish,DWG To PDF.pc3,ISO A4 (210.00 x 297.00 MM),1:2.66652,
E:\Chockalingam\Projects\SSDL\Drawing21.dwg,Model,07/01/2018 15:26:17,nithish,DWG To PDF.pc3,ISO A4 (210.00 x 297.00 MM),1:2.66652,
E:\Chockalingam\Projects\SSDL\Drawing21.dwg,Model,07/01/2018 15:26:18,nithish,DWG To PDF.pc3,ISO A4 (210.00 x 297.00 MM),1:2.66652,
E:\Chockalingam\Projects\SSDL\Drawing21.dwg,Model,07/01/2018 15:26:20,nithish,DWG To PDF.pc3,ISO A4 (210.00 x 297.00 MM),1:2.66652,
E:\Chockalingam\Projects\SSDL\Drawing21.dwg,Model,07/01/2018 15:28:04,nithish,DWG To PDF.pc3,ISO A4 (210.00 x 297.00 MM),1:2.66652,
E:\Chockalingam\Projects\SSDL\Drawing21.dwg,Model,07/01/2018 15:28:22,nithish,DWG To PDF.pc3,ISO A4 (210.00 x 297.00 MM),1:2.66652,
E:\Chockalingam\Projects\SSDL\Drawing21.dwg,Model,07/01/2018 15:28:40,nithish,DWG To PDF.pc3,ISO A4 (210.00 x 297.00 MM),1:2.66652,
E:\Chockalingam\Projects\SSDL\Drawing21.dwg,Model,07/01/2018 15:33:51,nithish,DWG To PDF.pc3,ISO A4 (210.00 x 297.00 MM),1:2.66652,
E:\Chockalingam\Projects\SSDL\Drawing21.dwg,Model,07/01/2018 15:33:52,nithish,DWG To PDF.pc3,ISO A4 (210.00 x 297.00 MM),1:2.66652,
E:\Chockalingam\Projects\SSDL\Drawing21.dwg,Model,07/01/2018 15:33:54,nithish,DWG To PDF.pc3,ISO A4 (210.00 x 297.00 MM),1:2.66652,
E:\Chockalingam\Projects\SSDL\Drawing21.dwg,Model,07/01/2018 15:33:55,nithish,DWG To PDF.pc3,ISO A4 (210.00 x 297.00 MM),1:2.66652,
E:\Chockalingam\Projects\SSDL\Drawing21.dwg,Model,07/01/2018 15:33:57,nithish,DWG To PDF.pc3,ISO A4 (210.00 x 297.00 MM),1:2.66652,
E:\Chockalingam\Projects\SSDL\Drawing21.dwg,Model,07/01/2018 15:45:58,nithish,DWG To PDF.pc3,ISO A4 (210.00 x 297.00 MM),1:2.66652,
E:\Chockalingam\Projects\SSDL\Drawing21.dwg,Model,07/01/2018 15:45:59,nithish,DWG To PDF.pc3,ISO A4 (210.00 x 297.00 MM),1:2.66652,
E:\Chockalingam\Projects\SSDL\Drawing21.dwg,Model,07/01/2018 15:46:01,nithish,DWG To PDF.pc3,ISO A4 (210.00 x 297.00 MM),1:2.66652,
E:\Chockalingam\Projects\SSDL\Drawing21.dwg,Model,07/01/2018 15:46:02,nithish,DWG To PDF.pc3,ISO A4 (210.00 x 297.00 MM),1:2.66652,
E:\Chockalingam\Projects\SSDL\Drawing21.dwg,Model,07/01/2018 15:46:04,nithish,DWG To PDF.pc3,ISO A4 (210.00 x 297.00 MM),1:2.66652,
E:\Chockalingam\Projects\SSDL\Drawing12.dwg,Layout1,09/01/2018 06:52:23,nithish,DWG To PDF.pc3,ISO full bleed A4 (210.00 x 297.00 MM),1:1,
E:\Chockalingam\Projects\SSDL\Drawing12.dwg,Layout1,09/01/2018 06:56:27,nithish,DWG To PDF.pc3,ISO full bleed A4 (210.00 x 297.00 MM),1:1,
E:\Chockalingam\Projects\SSDL\Drawing12.dwg,Layout1,09/01/2018 06:56:29,nithish,DWG To PDF.pc3,ISO full bleed A4 (210.00 x 297.00 MM),1:1,
E:\Chockalingam\Projects\SSDL\Drawing12.dwg,Layout1,09/01/2018 06:56:30,nithish,DWG To PDF.pc3,ISO full bleed A4 (210.00 x 297.00 MM),1:1,
E:\Chockalingam\Projects\SSDL\Drawing12.dwg,Layout1,09/01/2018 06:56:31,nithish,DWG To PDF.pc3,ISO full bleed A4 (210.00 x 297.00 MM),1:1,
E:\Chockalingam\Projects\SSDL\Drawing12.dwg,Layout1,09/01/2018 06:56:33,nithish,DWG To PDF.pc3,ISO full bleed A4 (210.00 x 297.00 MM),1:1,
E:\Chockalingam\Projects\SSDL\Drawing12.dwg,Layout1,09/01/2018 06:56:34,nithish,DWG To PDF.pc3,ISO full bleed A4 (210.00 x 297.00 MM),1:1,
E:\Chockalingam\Projects\SSDL\Drawing12.dwg,Layout1,09/01/2018 06:56:36,nithish,DWG To PDF.pc3,ISO full bleed A4 (210.00 x 297.00 MM),1:1,
E:\Chockalingam\Projects\SSDL\Drawing12.dwg,Layout1,09/01/2018 06:56:37,nithish,DWG To PDF.pc3,ISO full bleed A4 (210.00 x 297.00 MM),1:1,
E:\Chockalingam\Projects\SSDL\Drawing12.dwg,Layout1,09/01/2018 06:56:38,nithish,DWG To PDF.pc3,ISO full bleed A4 (210.00 x 297.00 MM),1:1,
E:\Chockalingam\Projects\SSDL\Drawing12.dwg,Layout1,09/01/2018 06:56:39,nithish,DWG To PDF.pc3,ISO full bleed A4 (210.00 x 297.00 MM),1:1,
E:\Chockalingam\Projects\SSDL\Drawing12.dwg,Layout1,09/01/2018 06:56:41,nithish,DWG To PDF.pc3,ISO full bleed A4 (210.00 x 297.00 MM),1:1,
E:\Chockalingam\Projects\SSDL\Drawing12.dwg,Layout1,09/01/2018 06:56:42,nithish,DWG To PDF.pc3,ISO full bleed A4 (210.00 x 297.00 MM),1:1,
E:\Chockalingam\Projects\SSDL\Drawing12.dwg,Layout1,09/01/2018 06:56:43,nithish,DWG To PDF.pc3,ISO full bleed A4 (210.00 x 297.00 MM),1:1,
E:\Chockalingam\Projects\SSDL\Drawing12.dwg,Layout1,09/01/2018 06:56:45,nithish,DWG To PDF.pc3,ISO full bleed A4 (210.00 x 297.00 MM),1:1,
E:\Chockalingam\Projects\SSDL\Drawing12.dwg,Layout1,09/01/2018 06:56:46,nithish,DWG To PDF.pc3,ISO full bleed A4 (210.00 x 297.00 MM),1:1,
E:\Chockalingam\Projects\SSDL\Drawing12.dwg,Layout1,09/01/2018 07:09:19,nithish,DWG To PDF.pc3,ISO full bleed A4 (210.00 x 297.00 MM),1:1,
E:\Chockalingam\Projects\SSDL\Drawing12.dwg,Layout1,09/01/2018 07:09:21,nithish,DWG To PDF.pc3,ISO full bleed A4 (210.00 x 297.00 MM),1:1,
E:\Chockalingam\Projects\SSDL\Drawing12.dwg,Layout1,09/01/2018 07:12:02,nithish,DWG To PDF.pc3,ISO full bleed A4 (210.00 x 297.00 MM),1:1,
E:\Chockalingam\Projects\SSDL\Drawing12.dwg,Layout1,09/01/2018 07:12:11,nithish,DWG To PDF.pc3,ISO full bleed A4 (210.00 x 297.00 MM),1:1,
E:\Chockalingam\Projects\SSDL\Drawing12.dwg,Layout1,09/01/2018 07:18:21,nithish,DWG To PDF.pc3,ISO full bleed A4 (210.00 x 297.00 MM),1:1,
C:\Users\Nithish\Desktop\P_023502001B.dwg,Layout1,09/01/2018 08:38:40,nithish,DWG To PDF.pc3,ISO A4 (210.00 x 297.00 MM),1:1,
C:\Users\Nithish\Desktop\P_023502001B.dwg,Layout1,09/01/2018 09:03:44,nithish,DWG To PDF.pc3,ISO A4 (210.00 x 297.00 MM),1:1,
C:\Users\Nithish\Desktop\P_023502001B.dwg,Layout1,09/01/2018 09:20:18,nithish,DWG To PDF.pc3,ISO A4 (210.00 x 297.00 MM),1:1,
C:\Users\Nithish\Desktop\P_023502001B.dwg,Layout1,09/01/2018 09:20:20,nithish,DWG To PDF.pc3,ISO A4 (210.00 x 297.00 MM),1:1,
C:\Users\Nithish\Desktop\P_023502001B.dwg,Layout1,09/01/2018 09:20:21,nithish,DWG To PDF.pc3,ISO A4 (210.00 x 297.00 MM),1:1,
C:\Users\Nithish\Desktop\P_023502001B.dwg,Layout1,09/01/2018 09:20:23,nithish,DWG To PDF.pc3,ISO A4 (210.00 x 297.00 MM),1:1,
C:\Users\Nithish\Desktop\P_023502001B.dwg,Layout1,09/01/2018 09:20:25,nithish,DWG To PDF.pc3,ISO A4 (210.00 x 297.00 MM),1:1,
C:\Users\Nithish\Desktop\P_023502001B.dwg,Layout1,09/01/2018 09:26:21,nithish,DWG To PDF.pc3,ISO A4 (210.00 x 297.00 MM),1:1,
C:\Users\Nithish\Desktop\P_023502001B.dwg,Layout1,09/01/2018 09:26:23,nithish,DWG To PDF.pc3,ISO A4 (210.00 x 297.00 MM),1:1,
C:\Users\Nithish\Desktop\P_023502001B.dwg,Layout1,09/01/2018 09:26:25,nithish,DWG To PDF.pc3,ISO A4 (210.00 x 297.00 MM),1:1,
C:\Users\Nithish\Desktop\P_023502001B.dwg,Layout1,09/01/2018 09:30:40,nithish,DWG To PDF.pc3,ISO A4 (210.00 x 297.00 MM),1:1,
C:\Users\Nithish\Desktop\P_023502001B.dwg,Layout1,09/01/2018 09:30:42,nithish,DWG To PDF.pc3,ISO A4 (210.00 x 297.00 MM),1:1,
C:\Users\Nithish\Desktop\P_023502001B.dwg,Layout1,09/01/2018 09:36:52,nithish,DWG To PDF.pc3,ISO A4 (210.00 x 297.00 MM),1:1,
C:\Users\Nithish\Desktop\P_023502001B.dwg,Layout1,09/01/2018 09:36:53,nithish,DWG To PDF.pc3,ISO A4 (210.00 x 297.00 MM),1:1,
C:\Users\Nithish\Desktop\P_023502001B - Copy.dwg,Layout1,12/01/2018 17:59:11,nithish,DWG To PDF.pc3,ISO A4 (210.00 x 297.00 MM),1:1,
C:\Users\Nithish\Desktop\P_023502001B - Copy.dwg,Layout1,12/01/2018 17:59:13,nithish,DWG To PDF.pc3,ISO A4 (210.00 x 297.00 MM),1:1,
C:\Users\Nithish\Desktop\P_023502001B - Copy.dwg,Layout1,18/01/2018 07:51:25,nithish,DWG To PDF.pc3,ISO A4 (210.00 x 297.00 MM),1:1,
C:\Users\Nithish\Desktop\SSDL\P_023502001B - Copy.dwg,Layout1,18/01/2018 08:06:40,nithish,DWG To PDF.pc3,ISO full bleed A4 (210.00 x 297.00 MM),1:1,
C:\Users\Nithish\Desktop\SSDL\P_023502001B - Copy.dwg,Layout1,18/01/2018 08:27:14,nithish,DWG To PDF.pc3,ISO full bleed A4 (210.00 x 297.00 MM),1:1,
C:\Users\Nithish\Desktop\SSDL\P_023502001B - Copy.dwg,Layout1,18/01/2018 08:49:19,nithish,DWG To PDF.pc3,ISO full bleed A4 (210.00 x 297.00 MM),1:1,
C:\Users\Nithish\Desktop\SSDL\P_023502001B.dwg,Layout1,24/01/2018 12:38:39,nithish,DWG To PDF.pc3,ISO full bleed A4 (210.00 x 297.00 MM),1:1,
C:\Users\Nithish\Desktop\SSDL\P_023502001B.dwg,Layout1,24/01/2018 12:38:50,nithish,DWG To PDF.pc3,ISO full bleed A4 (210.00 x 297.00 MM),1:1,
C:\Users\Nithish\Desktop\SSDL\P_023502001B.dwg,Layout1,24/01/2018 12:38:51,nithish,DWG To PDF.pc3,ISO full bleed A4 (210.00 x 297.00 MM),1:1,
C:\Users\Nithish\Desktop\SSDL\P_023502001B.dwg,Layout1,24/01/2018 12:38:53,nithish,DWG To PDF.pc3,ISO full bleed A4 (210.00 x 297.00 MM),1:1,
C:\Users\Nithish\Desktop\SSDL\P_023502001B.dwg,Layout1,24/01/2018 12:38:54,nithish,DWG To PDF.pc3,ISO full bleed A4 (210.00 x 297.00 MM),1:1,
C:\Users\Nithish\Desktop\SSDL\P_023502001B.dwg,Layout1,24/01/2018 12:38:56,nithish,DWG To PDF.pc3,ISO full bleed A4 (210.00 x 297.00 MM),1:1,
C:\Users\Nithish\Desktop\SSDL\P_023502001B.dwg,Layout1,24/01/2018 12:39:38,nithish,DWG To PDF.pc3,ISO full bleed A4 (210.00 x 297.00 MM),1:1,
C:\Users\Nithish\Desktop\SSDL\P_023502001B.dwg,Layout1,24/01/2018 12:39:40,nithish,DWG To PDF.pc3,ISO full bleed A4 (210.00 x 297.00 MM),1:1,
C:\Users\Nithish\Desktop\SSDL\P_023502001B.dwg,Layout1,24/01/2018 12:39:42,nithish,DWG To PDF.pc3,ISO full bleed A4 (210.00 x 297.00 MM),1:1,
C:\Users\Nithish\Desktop\SSDL\P_023502001B.dwg,Layout1,24/01/2018 12:39:43,nithish,DWG To PDF.pc3,ISO full bleed A4 (210.00 x 297.00 MM),1:1,
C:\Users\Nithish\Desktop\SSDL\P_023502001B.dwg,Layout1,24/01/2018 12:39:45,nithish,DWG To PDF.pc3,ISO full bleed A4 (210.00 x 297.00 MM),1:1,
C:\Users\Nithish\Desktop\SSDL\P_023502001B.dwg,Layout1,24/01/2018 12:39:46,nithish,DWG To PDF.pc3,ISO full bleed A4 (210.00 x 297.00 MM),1:1,
C:\Users\Nithish\Desktop\SSDL\P_023502001B.dwg,Layout1,24/01/2018 12:39:48,nithish,DWG To PDF.pc3,ISO full bleed A4 (210.00 x 297.00 MM),1:1,
C:\Users\Nithish\Desktop\SSDL\P_023502001B.dwg,Layout1,24/01/2018 12:39:49,nithish,DWG To PDF.pc3,ISO full bleed A4 (210.00 x 297.00 MM),1:1,
C:\Users\Nithish\Desktop\SSDL\P_023502001B.dwg,Layout1,24/01/2018 12:42:09,nithish,DWG To PDF.pc3,ISO full bleed A4 (210.00 x 297.00 MM),1:1,
C:\Users\Nithish\Desktop\SSDL\P_023502001B.dwg,Layout1,24/01/2018 12:42:11,nithish,DWG To PDF.pc3,ISO full bleed A4 (210.00 x 297.00 MM),1:1,
C:\Users\Nithish\Desktop\SSDL\P_023502001B.dwg,Layout1,24/01/2018 12:42:12,nithish,DWG To PDF.pc3,ISO full bleed A4 (210.00 x 297.00 MM),1:1,
C:\Users\Nithish\Desktop\SSDL\P_023502001B.dwg,Layout1,24/01/2018 12:42:14,nithish,DWG To PDF.pc3,ISO full bleed A4 (210.00 x 297.00 MM),1:1,
C:\Users\Nithish\Desktop\SSDL\P_023502001B.dwg,Layout1,24/01/2018 12:42:15,nithish,DWG To PDF.pc3,ISO full bleed A4 (210.00 x 297.00 MM),1:1,
C:\Users\Nithish\Desktop\SSDL\P_023502001B.dwg,Layout1,24/01/2018 12:42:17,nithish,DWG To PDF.pc3,ISO full bleed A4 (210.00 x 297.00 MM),1:1,
C:\Users\Nithish\Desktop\SSDL\P_023502001B.dwg,Layout1,24/01/2018 12:42:18,nithish,DWG To PDF.pc3,ISO full bleed A4 (210.00 x 297.00 MM),1:1,
C:\Users\Nithish\Desktop\SSDL\P_023502001B.dwg,Layout1,24/01/2018 12:42:19,nithish,DWG To PDF.pc3,ISO full bleed A4 (210.00 x 297.00 MM),1:1,
C:\Users\Nithish\Desktop\SSDL\P_023502001B.dwg,Layout1,24/01/2018 12:49:07,nithish,DWG To PDF.pc3,ISO full bleed A4 (210.00 x 297.00 MM),1:1,
C:\Users\Nithish\Desktop\SSDL\P_023502001B.dwg,Layout1,24/01/2018 12:49:21,nithish,DWG To PDF.pc3,ISO full bleed A4 (210.00 x 297.00 MM),1:1,
C:\Users\Nithish\Desktop\SSDL\P_023502001B.dwg,Layout1,24/01/2018 12:49:30,nithish,DWG To PDF.pc3,ISO full bleed A4 (210.00 x 297.00 MM),1:1,
C:\Users\Nithish\Desktop\SSDL\P_023502001B.dwg,Layout1,24/01/2018 12:49:38,nithish,DWG To PDF.pc3,ISO full bleed A4 (210.00 x 297.00 MM),1:1,
C:\Users\Nithish\Desktop\SSDL\P_023502001B.dwg,Layout1,24/01/2018 12:49:45,nithish,DWG To PDF.pc3,ISO full bleed A4 (210.00 x 297.00 MM),1:1,
C:\Users\Nithish\Desktop\SSDL\P_023502001B.dwg,Layout1,24/01/2018 12:50:04,nithish,DWG To PDF.pc3,ISO full bleed A4 (210.00 x 297.00 MM),1:1,
C:\Users\Nithish\Desktop\SSDL\P_023502001B.dwg,Layout1,24/01/2018 12:50:05,nithish,DWG To PDF.pc3,ISO full bleed A4 (210.00 x 297.00 MM),1:1,
C:\Users\Nithish\Desktop\SSDL\P_023502001B.dwg,Layout1,24/01/2018 12:50:07,nithish,DWG To PDF.pc3,ISO full bleed A4 (210.00 x 297.00 MM),1:1,
C:\Users\Nithish\Desktop\SSDL\P_023502001B.dwg,Layout1,24/01/2018 12:54:16,nithish,DWG To PDF.pc3,ISO full bleed A4 (210.00 x 297.00 MM),1:1,
C:\Users\Nithish\Desktop\SSDL\P_023502001B.dwg,Layout1,24/01/2018 12:54:18,nithish,DWG To PDF.pc3,ISO full bleed A4 (210.00 x 297.00 MM),1:1,
C:\Users\Nithish\Desktop\SSDL\P_023502001B.dwg,Layout1,24/01/2018 12:54:19,nithish,DWG To PDF.pc3,ISO full bleed A4 (210.00 x 297.00 MM),1:1,
C:\Users\Nithish\Desktop\SSDL\P_023502001B.dwg,Layout1,24/01/2018 12:54:21,nithish,DWG To PDF.pc3,ISO full bleed A4 (210.00 x 297.00 MM),1:1,
C:\Users\Nithish\Desktop\SSDL\P_023502001B.dwg,Layout1,24/01/2018 12:54:22,nithish,DWG To PDF.pc3,ISO full bleed A4 (210.00 x 297.00 MM),1:1,
C:\Users\Nithish\Desktop\SSDL\P_023502001B.dwg,Layout1,24/01/2018 12:54:23,nithish,DWG To PDF.pc3,ISO full bleed A4 (210.00 x 297.00 MM),1:1,
C:\Users\Nithish\Desktop\SSDL\P_023502001B.dwg,Layout1,24/01/2018 12:54:25,nithish,DWG To PDF.pc3,ISO full bleed A4 (210.00 x 297.00 MM),1:1,
C:\Users\Nithish\Desktop\SSDL\P_023502001B.dwg,Layout1,24/01/2018 12:55:04,nithish,DWG To PDF.pc3,ISO full bleed A4 (210.00 x 297.00 MM),1:1,
C:\Users\Nithish\Desktop\SSDL\P_023502001B.dwg,Layout1,24/01/2018 12:55:06,nithish,DWG To PDF.pc3,ISO full bleed A4 (210.00 x 297.00 MM),1:1,
C:\Users\Nithish\Desktop\SSDL\P_023502001B.dwg,Layout1,24/01/2018 12:55:07,nithish,DWG To PDF.pc3,ISO full bleed A4 (210.00 x 297.00 MM),1:1,
C:\Users\Nithish\Desktop\SSDL\P_023502001B.dwg,Layout1,24/01/2018 12:55:09,nithish,DWG To PDF.pc3,ISO full bleed A4 (210.00 x 297.00 MM),1:1,
C:\Users\Nithish\Desktop\SSDL\P_023502001B.dwg,Layout1,24/01/2018 12:55:10,nithish,DWG To PDF.pc3,ISO full bleed A4 (210.00 x 297.00 MM),1:1,
C:\Users\Nithish\Desktop\SSDL\P_023502001B.dwg,Layout1,24/01/2018 12:55:11,nithish,DWG To PDF.pc3,ISO full bleed A4 (210.00 x 297.00 MM),1:1,
C:\Users\Nithish\Desktop\SSDL\P_023502001B.dwg,Layout1,24/01/2018 12:55:12,nithish,DWG To PDF.pc3,ISO full bleed A4 (210.00 x 297.00 MM),1:1,
C:\Users\Nithish\Desktop\SSDL\P_023502001B.dwg,Layout1,24/01/2018 13:29:17,nithish,DWG To PDF.pc3,ISO full bleed A4 (210.00 x 297.00 MM),1:1,
C:\Users\Nithish\Desktop\SSDL\P_023502001B.dwg,Layout1,24/01/2018 13:29:18,nithish,DWG To PDF.pc3,ISO full bleed A4 (210.00 x 297.00 MM),1:1,
C:\Users\Nithish\Desktop\SSDL\P_023502001B.dwg,Layout1,24/01/2018 13:29:20,nithish,DWG To PDF.pc3,ISO full bleed A4 (210.00 x 297.00 MM),1:1,
C:\Users\Nithish\Desktop\SSDL\P_023502001B.dwg,Layout1,24/01/2018 13:29:21,nithish,DWG To PDF.pc3,ISO full bleed A4 (210.00 x 297.00 MM),1:1,
C:\Users\Nithish\Desktop\SSDL\P_023502001B.dwg,Layout1,24/01/2018 13:29:37,nithish,DWG To PDF.pc3,ISO full bleed A4 (210.00 x 297.00 MM),1:1,
C:\Users\Nithish\Desktop\DM-P_023502001B.dwg,Layout1,01/02/2018 07:33:22,nithish,DWG To PDF.pc3,ISO A4 (210.00 x 297.00 MM),1:1,
C:\Users\Nithish\Desktop\SSDL\P_023502001B.dwg,Layout1,01/02/2018 07:34:55,nithish,DWG To PDF.pc3,ISO full bleed A4 (210.00 x 297.00 MM),1:1,
C:\Users\Nithish\Desktop\TestDWG.dwg,Model,01/02/2018 07:41:26,nithish,DWG To PDF.pc3,ISO A4 (210.00 x 297.00 MM),1:56.0008,
E:\Chockalingam\Projects\SSDL\Drawing12.dwg,Layout1,26/02/2018 00:22:21,nithish,DWG To PDF.pc3,ISO full bleed A4 (210.00 x 297.00 MM),1:1,
E:\Chockalingam\Projects\SSDL\Drawing12.dwg,Layout1,26/02/2018 00:22:23,nithish,DWG To PDF.pc3,ISO full bleed A4 (210.00 x 297.00 MM),1:1,
E:\Chockalingam\Projects\SSDL\Drawing12.dwg,Layout1,26/02/2018 00:22:25,nithish,DWG To PDF.pc3,ISO full bleed A4 (210.00 x 297.00 MM),1:1,
E:\Chockalingam\Projects\SSDL\Drawing12.dwg,Layout1,26/02/2018 00:22:27,nithish,DWG To PDF.pc3,ISO full bleed A4 (210.00 x 297.00 MM),1:1,
E:\Chockalingam\Projects\SSDL\Drawing12.dwg,Layout1,26/02/2018 07:45:03,nithish,DWG To PDF.pc3,ISO full bleed A4 (210.00 x 297.00 MM),1:1,
E:\Chockalingam\Projects\SSDL\Drawing12.dwg,Layout1,26/02/2018 07:45:05,nithish,DWG To PDF.pc3,ISO full bleed A4 (210.00 x 297.00 MM),1:1,
E:\Chockalingam\Projects\SSDL\Drawing12.dwg,Layout1,26/02/2018 07:59:52,nithish,DWG To PDF.pc3,ISO full bleed A4 (210.00 x 297.00 MM),1:1,
E:\Chockalingam\Projects\SSDL\Source\P_075639020A (2).DWG,Layout1,18/07/2018 05:10:52,nithish,DWG To PDF.pc3,ISO full bleed A4 (210.00 x 297.00 MM),1:1,
E:\Chockalingam\Projects\SSDL\Source\P_075639020A (2).DWG,Model,18/07/2018 05:10:52,nithish,DWG To PDF.pc3,ISO full bleed A4 (210.00 x 297.00 MM),1:2.4735,
E:\Chockalingam\Projects\SSDL\Source\P_075639020A (2).DWG,Layout1,18/07/2018 05:36:56,nithish,DWG To PDF.pc3,ISO full bleed A4 (210.00 x 297.00 MM),1:1,
E:\Chockalingam\Projects\SSDL\Source\P_075639020A (2).DWG,Model,18/07/2018 05:36:56,nithish,DWG To PDF.pc3,ISO full bleed A4 (210.00 x 297.00 MM),1:2.4735,
E:\Chockalingam\Projects\SSDL\Source\P_075639020A (2).DWG,Model,18/07/2018 05:46:29,nithish,DWG To PDF.pc3,ISO full bleed A4 (210.00 x 297.00 MM),1:2.4735,
E:\Chockalingam\Projects\SSDL\Source\P_075639020A (2).DWG,Model,18/07/2018 06:05:16,nithish,DWG To PDF.pc3,ISO full bleed A4 (210.00 x 297.00 MM),1:1.35414,
E:\Chockalingam\Projects\SSDL\Source\P_075639020A (2).DWG,Model,18/07/2018 06:08:52,nithish,DWG To PDF.pc3,ISO full bleed A4 (210.00 x 297.00 MM),1:1.35414,
E:\Chockalingam\Projects\SSDL\Source\P_075639020A (2).DWG,Model,18/07/2018 06:08:56,nithish,DWG To PDF.pc3,ISO full bleed A4 (210.00 x 297.00 MM),1:1.35414,
E:\Chockalingam\Projects\SSDL\Source\P_075639020A (2).DWG,Model,18/07/2018 06:12:53,nithish,DWG To PDF.pc3,ISO full bleed A4 (210.00 x 297.00 MM),1:1.35414,
E:\Chockalingam\Projects\SSDL\Source\P_075639020A (2).DWG,Model,18/07/2018 06:12:55,nithish,DWG To PDF.pc3,ISO full bleed A4 (210.00 x 297.00 MM),1:1.35414,
E:\Chockalingam\Projects\SSDL\Source\P_075639020A (2).DWG,Model,18/07/2018 06:13:16,nithish,DWG To PDF.pc3,ISO full bleed A4 (210.00 x 297.00 MM),1:1.35414,
E:\Chockalingam\Projects\SSDL\Source\P_075639020A (2).DWG,Model,18/07/2018 06:13:18,nithish,DWG To PDF.pc3,ISO full bleed A4 (210.00 x 297.00 MM),1:1.35414,
E:\Chockalingam\Projects\SSDL\Source\P_075639020A (2).DWG,Model,18/07/2018 06:14:53,nithish,DWG To PDF.pc3,ISO full bleed A4 (210.00 x 297.00 MM),1:1.35414,
E:\Chockalingam\Projects\SSDL\Source\P_075639020A (2).DWG,Model,18/07/2018 06:14:57,nithish,DWG To PDF.pc3,ISO full bleed A4 (210.00 x 297.00 MM),1:1.35414,
D:\ssdl dwg\P_023597007B.dwg,Model,15/08/2018 23:51:47,nithish,DWG To PDF.pc3,ISO full bleed A4 (210.00 x 297.00 MM),1:1.35414,
D:\ssdl dwg\P_023597007B.dwg,Model,15/08/2018 23:51:55,nithish,DWG To PDF.pc3,ISO full bleed A4 (210.00 x 297.00 MM),1:1.35414,
D:\ssdl dwg\P_023597007B.dwg,Model,15/08/2018 23:51:58,nithish,DWG To PDF.pc3,ISO full bleed A4 (210.00 x 297.00 MM),1:1.35414,
D:\ssdl dwg\P_023597007B.dwg,Model,15/08/2018 23:56:41,nithish,DWG To PDF.pc3,ISO full bleed A4 (210.00 x 297.00 MM),1:1.35414,
D:\ssdl dwg\P_023597007B.dwg,Model,16/08/2018 00:04:58,nithish,DWG To PDF.pc3,ISO full bleed A4 (210.00 x 297.00 MM),1:1.35414,
D:\ssdl dwg\P_023597007B.dwg,Model,16/08/2018 00:10:19,nithish,DWG To PDF.pc3,ISO full bleed A4 (210.00 x 297.00 MM),1:1.35414,
D:\ssdl dwg\P_023597007B.dwg,Model,16/08/2018 00:10:21,nithish,DWG To PDF.pc3,ISO full bleed A4 (210.00 x 297.00 MM),1:1.35414,
D:\ssdl dwg\P_023597007B.dwg,Model,16/08/2018 00:10:22,nithish,DWG To PDF.pc3,ISO full bleed A4 (210.00 x 297.00 MM),1:1.35414,
C:\Users\Nithish\Desktop\TestBM\P_076056002C.dwg,Model,23/08/2018 8:11:46 AM,nithish,DWG To PDF.pc3,ISO full bleed A4 (210.00 x 297.00 MM),1:1.35414,
C:\Users\Nithish\Desktop\TestBM\P_076056002C.dwg,Model,23/08/2018 8:11:48 AM,nithish,DWG To PDF.pc3,ISO full bleed A4 (210.00 x 297.00 MM),1:1.35414,
C:\Users\Nithish\Desktop\TestBM\P_076056002C.dwg,Model,23/08/2018 8:11:50 AM,nithish,DWG To PDF.pc3,ISO full bleed A4 (210.00 x 297.00 MM),1:1.35414,
C:\Users\Nithish\Desktop\TestBM\P_076056002C.dwg,Model,23/08/2018 8:11:51 AM,nithish,DWG To PDF.pc3,ISO full bleed A4 (210.00 x 297.00 MM),1:1.35414,
C:\Users\Nithish\Desktop\TestBM\P_076056002C.dwg,Model,23/08/2018 8:15:46 AM,nithish,DWG To PDF.pc3,ISO full bleed A4 (210.00 x 297.00 MM),1:1.35414,
C:\Users\Nithish\Desktop\TestBM\P_076056002C.dwg,Model,23/08/2018 8:15:47 AM,nithish,DWG To PDF.pc3,ISO full bleed A4 (210.00 x 297.00 MM),1:1.35414,
C:\Users\Nithish\Desktop\TestBM\P_076056002C.dwg,Model,23/08/2018 8:15:49 AM,nithish,DWG To PDF.pc3,ISO full bleed A4 (210.00 x 297.00 MM),1:1.35414,
C:\Users\Nithish\Desktop\TestBM\P_076056002C.dwg,Model,23/08/2018 8:15:50 AM,nithish,DWG To PDF.pc3,ISO full bleed A4 (210.00 x 297.00 MM),1:1.35414,
C:\Users\Nithish\Desktop\TestBM\P_076056002C.dwg,Model,23/08/2018 8:19:20 AM,nithish,DWG To PDF.pc3,ISO full bleed A4 (210.00 x 297.00 MM),1:1.59603,
C:\Users\Nithish\Desktop\TestBM\P_076056002C.dwg,Model,23/08/2018 8:19:22 AM,nithish,DWG To PDF.pc3,ISO full bleed A4 (210.00 x 297.00 MM),1:1.59603,
C:\Users\Nithish\Desktop\TestBM\P_076056002C.dwg,Model,23/08/2018 8:19:23 AM,nithish,DWG To PDF.pc3,ISO full bleed A4 (210.00 x 297.00 MM),1:1.61371,
C:\Users\Nithish\Desktop\TestBM\P_076056002C.dwg,Model,23/08/2018 8:19:25 AM,nithish,DWG To PDF.pc3,ISO full bleed A4 (210.00 x 297.00 MM),1:1.61371,
C:\Users\Nithish\Desktop\TestBM\P_076056002C.dwg,Model,23/08/2018 8:19:27 AM,nithish,DWG To PDF.pc3,ISO full bleed A4 (210.00 x 297.00 MM),1:1.61371,
C:\Users\Nithish\Desktop\TestBM\P_076056002C.dwg,Model,23/08/2018 8:19:28 AM,nithish,DWG To PDF.pc3,ISO full bleed A4 (210.00 x 297.00 MM),1:1.61371,
C:\Users\Nithish\Desktop\TestBM\P_076056002C.dwg,Model,23/08/2018 8:20:30 AM,nithish,DWG To PDF.pc3,ISO full bleed A4 (210.00 x 297.00 MM),1:1.61371,
C:\Users\Nithish\Desktop\TestBM\P_076056002C.dwg,Model,23/08/2018 8:20:46 AM,nithish,DWG To PDF.pc3,ISO full bleed A4 (210.00 x 297.00 MM),1:1.61371,
C:\Users\Nithish\Desktop\TestBM\P_076056002C.dwg,Model,23/08/2018 8:20:48 AM,nithish,DWG To PDF.pc3,ISO full bleed A4 (210.00 x 297.00 MM),1:1.61371,
C:\Users\Nithish\Desktop\TestBM\P_076056002C.dwg,Model,23/08/2018 8:29:24 AM,nithish,DWG To PDF.pc3,ISO full bleed A4 (210.00 x 297.00 MM),1:1.6138,
C:\Users\Nithish\Desktop\TestBM\P_076056002C.dwg,Model,23/08/2018 8:29:26 AM,nithish,DWG To PDF.pc3,ISO full bleed A4 (210.00 x 297.00 MM),1:1.6138,
C:\Users\Nithish\Desktop\TestBM\P_076056002C.dwg,Model,23/08/2018 8:29:28 AM,nithish,DWG To PDF.pc3,ISO full bleed A4 (210.00 x 297.00 MM),1:1.6138,
C:\Users\Nithish\Desktop\TestBM\P_076056002C.dwg,Model,23/08/2018 8:29:30 AM,nithish,DWG To PDF.pc3,ISO full bleed A4 (210.00 x 297.00 MM),1:1.6138,
C:\Users\Nithish\Desktop\TestBM\P_076056002C.dwg,Model,24/08/2018 7:00:18 AM,nithish,DWG To PDF.pc3,ISO full bleed A4 (210.00 x 297.00 MM),1:1.61376,
C:\Users\Nithish\Desktop\TestBM\P_076056002C.dwg,Model,24/08/2018 7:00:20 AM,nithish,DWG To PDF.pc3,ISO full bleed A4 (210.00 x 297.00 MM),1:1.61376,
C:\Users\Nithish\Desktop\TestBM\P_076056002C.dwg,Model,24/08/2018 7:00:42 AM,nithish,DWG To PDF.pc3,ISO full bleed A4 (210.00 x 297.00 MM),1:1.61376,
C:\Users\Nithish\Desktop\TestBM\P_076056002C.dwg,Model,24/08/2018 7:00:44 AM,nithish,DWG To PDF.pc3,ISO full bleed A4 (210.00 x 297.00 MM),1:1.61376,
C:\Users\Nithish\Desktop\TestBM\P_076056002C.dwg,Model,24/08/2018 7:00:45 AM,nithish,DWG To PDF.pc3,ISO full bleed A4 (210.00 x 297.00 MM),1:1.61376,
C:\Users\Nithish\Desktop\TestBM\P_076056002C.dwg,Model,24/08/2018 7:04:00 AM,nithish,DWG To PDF.pc3,ISO full bleed A4 (210.00 x 297.00 MM),1:1.61376,
C:\Users\Nithish\Desktop\TestBM\P_076056002C.dwg,Model,24/08/2018 7:05:52 AM,nithish,DWG To PDF.pc3,ISO full bleed A4 (210.00 x 297.00 MM),1:1.61376,
C:\Users\Nithish\Desktop\TestBM\P_076056002C.dwg,Model,24/08/2018 7:06:19 AM,nithish,DWG To PDF.pc3,ISO full bleed A4 (210.00 x 297.00 MM),1:1.61376,
C:\Users\Nithish\Desktop\TestBM\P_076056002C.dwg,Model,24/08/2018 7:11:59 AM,nithish,DWG To PDF.pc3,ISO full bleed A4 (210.00 x 297.00 MM),1:1.35425,
C:\Users\Nithish\Desktop\TestBM\P_076056002C.dwg,Model,24/08/2018 7:12:01 AM,nithish,DWG To PDF.pc3,ISO full bleed A4 (210.00 x 297.00 MM),1:1.35425,
C:\Users\Nithish\Desktop\TestBM\P_076056002C.dwg,Model,24/08/2018 7:12:02 AM,nithish,DWG To PDF.pc3,ISO full bleed A4 (210.00 x 297.00 MM),1:1.35425,
C:\Users\Nithish\Desktop\TestBM\P_076056002C.dwg,Model,24/08/2018 7:12:04 AM,nithish,DWG To PDF.pc3,ISO full bleed A4 (210.00 x 297.00 MM),1:1.35425,
C:\Users\Nithish\Desktop\TestBM\P_076056002C.dwg,Model,24/08/2018 7:12:06 AM,nithish,DWG To PDF.pc3,ISO full bleed A4 (210.00 x 297.00 MM),1:1.35425,
C:\Users\Nithish\Desktop\TestBM\P_076056002C.dwg,Model,24/08/2018 7:37:27 AM,nithish,DWG To PDF.pc3,ISO full bleed A4 (210.00 x 297.00 MM),1:1.35414,
C:\Users\Nithish\Desktop\TestBM\P_076056002C.dwg,Model,24/08/2018 7:37:29 AM,nithish,DWG To PDF.pc3,ISO full bleed A4 (210.00 x 297.00 MM),1:1.35414,
C:\Users\Nithish\Desktop\TestBM\P_076056002C.dwg,Model,24/08/2018 7:37:31 AM,nithish,DWG To PDF.pc3,ISO full bleed A4 (210.00 x 297.00 MM),1:1.35414,
C:\Users\Nithish\Desktop\TestBM\P_076056002C.dwg,Model,24/08/2018 7:37:32 AM,nithish,DWG To PDF.pc3,ISO full bleed A4 (210.00 x 297.00 MM),1:1.35414,
C:\Users\Nithish\Desktop\TestBM\P_076056002C.dwg,Model,13/09/2018 10:16:08 PM,nithish,DWG To PDF.pc3,ISO full bleed A4 (210.00 x 297.00 MM),1:1.35414,
C:\Users\Nithish\Desktop\TestBM\P_076056002C.dwg,Model,13/09/2018 10:16:25 PM,nithish,DWG To PDF.pc3,ISO full bleed A4 (210.00 x 297.00 MM),1:1.35414,
C:\Users\Nithish\Desktop\TestBM\P_076056002C.dwg,Model,13/09/2018 10:16:41 PM,nithish,DWG To PDF.pc3,ISO full bleed A4 (210.00 x 297.00 MM),1:1.35414,
C:\Users\Nithish\Desktop\TestBM\P_076056002C.dwg,Model,13/09/2018 10:16:43 PM,nithish,DWG To PDF.pc3,ISO full bleed A4 (210.00 x 297.00 MM),1:1.35414,
C:\Users\Nithish\Desktop\TestBM\P_076056002C.dwg,Model,13/09/2018 10:16:45 PM,nithish,DWG To PDF.pc3,ISO full bleed A4 (210.00 x 297.00 MM),1:1.35414,
C:\Users\Nithish\Desktop\TestBM\P_076056002C.dwg,Model,13/09/2018 10:16:46 PM,nithish,DWG To PDF.pc3,ISO full bleed A4 (210.00 x 297.00 MM),1:1.35414,
C:\Users\Nithish\Desktop\TestBM\P_076056002C.dwg,Model,13/09/2018 10:16:48 PM,nithish,DWG To PDF.pc3,ISO full bleed A4 (210.00 x 297.00 MM),1:1.35414,
C:\Users\Nithish\Desktop\TestBM\P_076056002C.dwg,Model,13/09/2018 10:16:49 PM,nithish,DWG To PDF.pc3,ISO full bleed A4 (210.00 x 297.00 MM),1:1.35414,
C:\Users\Nithish\Desktop\TestBM\P_076056002C.dwg,Model,13/09/2018 10:24:54 PM,nithish,DWG To PDF.pc3,ISO full bleed A4 (210.00 x 297.00 MM),1:1.35414,
C:\Users\Nithish\Desktop\TestBM\P_076056002C.dwg,Model,13/09/2018 10:24:56 PM,nithish,DWG To PDF.pc3,ISO full bleed A4 (210.00 x 297.00 MM),1:1.35414,
C:\Users\Nithish\Desktop\TestBM\P_076056002C.dwg,Model,13/09/2018 10:24:57 PM,nithish,DWG To PDF.pc3,ISO full bleed A4 (210.00 x 297.00 MM),1:1.35414,
C:\Users\Nithish\Desktop\TestBM\P_076056002C.dwg,Model,13/09/2018 10:24:59 PM,nithish,DWG To PDF.pc3,ISO full bleed A4 (210.00 x 297.00 MM),1:1.35414,
C:\Users\Nithish\Desktop\TestBM\P_076056002C.dwg,Model,13/09/2018 10:25:00 PM,nithish,DWG To PDF.pc3,ISO full bleed A4 (210.00 x 297.00 MM),1:1.35414,
C:\Users\Nithish\Desktop\TestBM\P_076056002C.dwg,Model,13/09/2018 10:25:02 PM,nithish,DWG To PDF.pc3,ISO full bleed A4 (210.00 x 297.00 MM),1:1.35414,
C:\Users\Nithish\Desktop\TestBM\P_076056002C.dwg,Model,13/09/2018 10:25:03 PM,nithish,DWG To PDF.pc3,ISO full bleed A4 (210.00 x 297.00 MM),1:1.35414,
C:\Users\Nithish\Desktop\TestBM\P_076056002C.dwg,Model,13/09/2018 10:25:05 PM,nithish,DWG To PDF.pc3,ISO full bleed A4 (210.00 x 297.00 MM),1:1.35414,
C:\Users\Nithish\Desktop\TestBM\P_076056002C.dwg,Model,13/09/2018 10:25:06 PM,nithish,DWG To PDF.pc3,ISO full bleed A4 (210.00 x 297.00 MM),1:1.35414,
C:\Users\Nithish\Desktop\TestBM\P_076056002C.dwg,Model,13/09/2018 10:25:34 PM,nithish,DWG To PDF.pc3,ISO full bleed A4 (210.00 x 297.00 MM),1:1.35414,
C:\Users\Nithish\Desktop\TestBM\P_076056002C.dwg,Model,13/09/2018 10:25:37 PM,nithish,DWG To PDF.pc3,ISO full bleed A4 (210.00 x 297.00 MM),1:1.35414,
C:\Users\Nithish\Desktop\TestBM\P_076056002C.dwg,Model,13/09/2018 10:25:39 PM,nithish,DWG To PDF.pc3,ISO full bleed A4 (210.00 x 297.00 MM),1:1.35414,
C:\Users\Nithish\Desktop\TestBM\P_076056002C.dwg,Model,13/09/2018 10:25:41 PM,nithish,DWG To PDF.pc3,ISO full bleed A4 (210.00 x 297.00 MM),1:1.35414,
C:\Users\Nithish\Desktop\TestBM\P_076056002C.dwg,Model,13/09/2018 10:25:42 PM,nithish,DWG To PDF.pc3,ISO full bleed A4 (210.00 x 297.00 MM),1:1.35414,
C:\Users\Nithish\Desktop\TestBM\P_076056002C.dwg,Model,13/09/2018 10:25:44 PM,nithish,DWG To PDF.pc3,ISO full bleed A4 (210.00 x 297.00 MM),1:1.35414,
C:\Users\Nithish\Desktop\TestBM\P_076056002C.dwg,Model,13/09/2018 10:25:45 PM,nithish,DWG To PDF.pc3,ISO full bleed A4 (210.00 x 297.00 MM),1:1.35414,
C:\Users\Nithish\Desktop\TestBM\P_076056002C.dwg,Model,13/09/2018 10:25:47 PM,nithish,DWG To PDF.pc3,ISO full bleed A4 (210.00 x 297.00 MM),1:1.35414,
C:\Users\Nithish\Desktop\TestBM\P_076056002C.dwg,Model,13/09/2018 10:25:48 PM,nithish,DWG To PDF.pc3,ISO full bleed A4 (210.00 x 297.00 MM),1:1.35414,
C:\Users\Nithish\Desktop\TestBM\P_076056002C.dwg,Model,13/09/2018 10:28:35 PM,nithish,DWG To PDF.pc3,ISO full bleed A4 (210.00 x 297.00 MM),1:1.35414,
C:\Users\Nithish\Desktop\TestBM\P_076056002C.dwg,Model,13/09/2018 10:28:41 PM,nithish,DWG To PDF.pc3,ISO full bleed A4 (210.00 x 297.00 MM),1:1.35414,
C:\Users\Nithish\Desktop\TestBM\P_076056002C.dwg,Model,13/09/2018 10:28:42 PM,nithish,DWG To PDF.pc3,ISO full bleed A4 (210.00 x 297.00 MM),1:1.35414,
C:\Users\Nithish\Desktop\TestBM\P_076056002C.dwg,Model,13/09/2018 10:28:44 PM,nithish,DWG To PDF.pc3,ISO full bleed A4 (210.00 x 297.00 MM),1:1.35414,
C:\Users\Nithish\Desktop\TestBM\P_076056002C.dwg,Model,13/09/2018 10:28:46 PM,nithish,DWG To PDF.pc3,ISO full bleed A4 (210.00 x 297.00 MM),1:1.35414,
C:\Users\Nithish\Desktop\TestBM\P_076056002C.dwg,Model,13/09/2018 10:28:47 PM,nithish,DWG To PDF.pc3,ISO full bleed A4 (210.00 x 297.00 MM),1:1.35414,
C:\Users\Nithish\Desktop\TestBM\P_076056002C.dwg,Model,13/09/2018 10:28:49 PM,nithish,DWG To PDF.pc3,ISO full bleed A4 (210.00 x 297.00 MM),1:1.35414,
C:\Users\Nithish\Desktop\TestBM\P_076056002C.dwg,Model,13/09/2018 10:28:50 PM,nithish,DWG To PDF.pc3,ISO full bleed A4 (210.00 x 297.00 MM),1:1.35414,
C:\Users\Nithish\Desktop\TestBM\P_076056002C.dwg,Model,13/09/2018 10:28:52 PM,nithish,DWG To PDF.pc3,ISO full bleed A4 (210.00 x 297.00 MM),1:1.35414,
C:\Users\Nithish\Desktop\TestBM\P_076056002C.dwg,Model,24/10/2018 12:36:39 AM,nithish,DWG To PDF.pc3,ISO full bleed A4 (210.00 x 297.00 MM),1:3.63386,
C:\Users\Nithish\Desktop\TestBM\P_076056002C.dwg,Model,24/10/2018 12:36:43 AM,nithish,DWG To PDF.pc3,ISO full bleed A4 (210.00 x 297.00 MM),1:3.63386,
C:\Users\Nithish\Desktop\bomdata\SSDL\Source\P_075639020A (2).DWG,Model,24/10/2018 11:08:32 AM,nithish,DWG To PDF.pc3,ISO full bleed A4 (210.00 x 297.00 MM),1:1.35414,
C:\Users\Nithish\Desktop\bomdata\SSDL\Source\P_075639020A (2).DWG,Model,24/10/2018 11:17:47 AM,nithish,DWG To PDF.pc3,ISO full bleed A4 (210.00 x 297.00 MM),1:1.35414,
C:\Users\Nithish\Desktop\bomdata\SSDL\Source\P_075639020A (2).DWG,Model,24/10/2018 11:19:48 AM,nithish,DWG To PDF.pc3,ISO full bleed A4 (210.00 x 297.00 MM),1:1.35414,
C:\Users\Nithish\Desktop\bomdata\SSDL\Source\P_075639020A (2).DWG,Model,24/10/2018 11:22:44 AM,nithish,DWG To PDF.pc3,ISO full bleed A4 (210.00 x 297.00 MM),1:1.35414,
C:\Users\Nithish\Desktop\bomdata\SSDL\Source\P_075639020A (2).DWG,Model,24/10/2018 11:24:48 AM,nithish,DWG To PDF.pc3,ISO full bleed A4 (210.00 x 297.00 MM),1:1.35414,
C:\Users\Nithish\Desktop\bomdata\SSDL\Source\P_075639020A (2).DWG,Model,24/10/2018 11:39:59 AM,nithish,DWG To PDF.pc3,ISO full bleed A4 (210.00 x 297.00 MM),1:1.35414,
C:\Users\Nithish\Desktop\bomdata\SSDL\Source\P_075639020A (2).DWG,Model,24/10/2018 11:44:32 AM,nithish,DWG To PDF.pc3,ISO full bleed A4 (210.00 x 297.00 MM),1:1.39112,
C:\Users\Nithish\Desktop\bomdata\SSDL\Source\P_075639020A (2).DWG,Model,24/10/2018 11:46:38 AM,nithish,DWG To PDF.pc3,ISO full bleed A4 (210.00 x 297.00 MM),1:1.39109,
C:\Users\Nithish\Desktop\bomdata\SSDL\Source\P_075639020A (2).DWG,Model,24/10/2018 11:51:08 AM,nithish,DWG To PDF.pc3,ISO full bleed A4 (210.00 x 297.00 MM),1:1.39109,
C:\Users\Nithish\Desktop\bomdata\SSDL\Source\P_075639020A (2).DWG,Model,24/10/2018 12:30:52 PM,nithish,DWG To PDF.pc3,ISO full bleed A4 (210.00 x 297.00 MM),1:1.39109,
C:\Users\Nithish\Desktop\bomdata\SSDL\Source\P_075639020A (2).DWG,Model,24/10/2018 12:32:16 PM,nithish,DWG To PDF.pc3,ISO full bleed A4 (210.00 x 297.00 MM),1:1.39109,
C:\Users\Nithish\Desktop\bomdata\SSDL\Source\P_075639020A (2).DWG,Model,24/10/2018 12:35:08 PM,nithish,DWG To PDF.pc3,ISO full bleed A4 (210.00 x 297.00 MM),1:1.39114,
C:\Users\Nithish\Desktop\bomdata\SSDL\Source\P_075639020A (2).DWG,Model,24/10/2018 12:40:37 PM,nithish,DWG To PDF.pc3,ISO full bleed A4 (210.00 x 297.00 MM),1:1.39109,
C:\Users\Nithish\Desktop\bomdata\SSDL\Source\P_075639020A (2).DWG,Model,24/10/2018 12:48:58 PM,nithish,DWG To PDF.pc3,ISO full bleed A4 (210.00 x 297.00 MM),1:1.39109,
C:\Users\Nithish\Desktop\bomdata\SSDL\Source\P_075639020A (2).DWG,Model,24/10/2018 12:51:06 PM,nithish,DWG To PDF.pc3,ISO full bleed A4 (210.00 x 297.00 MM),1:1.39109,
C:\Users\Nithish\Desktop\bomdata\SSDL\Source\P_075639020A (2).DWG,Model,24/10/2018 1:02:49 PM,nithish,DWG To PDF.pc3,ISO full bleed A4 (210.00 x 297.00 MM),1:1.39114,
C:\Users\Nithish\Desktop\bomdata\SSDL\Source\P_075639020A (2).DWG,Model,24/10/2018 1:06:13 PM,nithish,DWG To PDF.pc3,ISO full bleed A4 (210.00 x 297.00 MM),1:1.39109,
C:\Users\Nithish\Desktop\bomdata\SSDL\Source\P_075639020A (2).DWG,Model,24/10/2018 1:08:40 PM,nithish,DWG To PDF.pc3,ISO full bleed A4 (210.00 x 297.00 MM),1:1.39109,
C:\Users\Nithish\Desktop\bomdata\SSDL\Source\P_075639020A (2).DWG,Model,24/10/2018 3:12:48 PM,nithish,DWG To PDF.pc3,ISO full bleed A4 (210.00 x 297.00 MM),1:1.39109,
C:\Users\Nithish\Desktop\bomdata\SSDL\Source\P_075639020A (2).DWG,Model,24/10/2018 3:15:53 PM,nithish,DWG To PDF.pc3,ISO full bleed A4 (210.00 x 297.00 MM),1:1.39109,
C:\Users\Nithish\Desktop\bomdata\SSDL\Source\P_075639020A (2).DWG,Model,24/10/2018 3:18:45 PM,nithish,DWG To PDF.pc3,ISO full bleed A4 (210.00 x 297.00 MM),1:1.39109,
C:\Users\Nithish\Desktop\bomdata\SSDL\P_076056002C.dwg,Model,24/10/2018 3:37:06 PM,nithish,DWG To PDF.pc3,ISO full bleed A4 (210.00 x 297.00 MM),1:3.63385,
C:\Users\Nithish\Desktop\bomdata\SSDL\P_076056002C.dwg,Model,24/10/2018 3:40:16 PM,nithish,DWG To PDF.pc3,ISO full bleed A4 (210.00 x 297.00 MM),1:3.63385,
C:\Users\Nithish\Desktop\bomdata\SSDL\Source\P_075639020A (2).DWG,Model,24/10/2018 3:44:02 PM,nithish,DWG To PDF.pc3,ISO full bleed A4 (210.00 x 297.00 MM),1:1.39107,
C:\Users\Nithish\Desktop\bomdata\SSDL\Source\P_075639020A (2).DWG,Model,24/10/2018 4:58:13 PM,nithish,DWG To PDF.pc3,ISO full bleed A4 (210.00 x 297.00 MM),1:1.39109,
C:\Users\Nithish\Desktop\bomdata\SSDL\Source\P_075639020A (2).DWG,Model,24/10/2018 5:11:45 PM,nithish,DWG To PDF.pc3,ISO full bleed A4 (210.00 x 297.00 MM),1:1.39109,
C:\Users\Nithish\Desktop\bomdata\SSDL\Source\P_075639020A (2).DWG,Model,24/10/2018 5:16:14 PM,nithish,DWG To PDF.pc3,ISO full bleed A4 (210.00 x 297.00 MM),1:1.39109,
C:\Users\Nithish\Desktop\bomdata\SSDL\P_076056002C.dwg,Model,24/10/2018 5:20:05 PM,nithish,DWG To PDF.pc3,ISO full bleed A4 (210.00 x 297.00 MM),1:3.63396,
C:\Users\Nithish\Desktop\bomdata\SSDL\P_076056002C.dwg,Model,24/10/2018 5:23:23 PM,nithish,DWG To PDF.pc3,ISO full bleed A4 (210.00 x 297.00 MM),1:3.63385,
C:\Users\Nithish\Desktop\bomdata\SSDL\P_076056002C.dwg,Model,24/10/2018 5:26:51 PM,nithish,DWG To PDF.pc3,ISO full bleed A4 (210.00 x 297.00 MM),1:3.63385,
C:\Users\Nithish\Desktop\bomdata\SSDL\P_076056002C.dwg,Model,24/10/2018 5:44:29 PM,nithish,DWG To PDF.pc3,ISO full bleed A4 (210.00 x 297.00 MM),1:3.63385,
C:\Users\Nithish\Desktop\bomdata\SSDL\P_076056002C.dwg,Model,24/10/2018 6:07:37 PM,nithish,DWG To PDF.pc3,ISO full bleed A4 (210.00 x 297.00 MM),1:3.63385,
C:\Users\Nithish\Desktop\bomdata\SSDL\P_076056002C.dwg,Model,24/10/2018 6:10:09 PM,nithish,DWG To PDF.pc3,ISO full bleed A4 (210.00 x 297.00 MM),1:3.63385,
C:\Users\Nithish\Desktop\bomdata\SSDL\P_076056002C.dwg,Model,24/10/2018 6:12:36 PM,nithish,DWG To PDF.pc3,ISO full bleed A4 (210.00 x 297.00 MM),1:3.63385,
C:\Users\Nithish\Desktop\bomdata\SSDL\P_076056002C.dwg,Model,24/10/2018 6:17:26 PM,nithish,DWG To PDF.pc3,ISO full bleed A4 (210.00 x 297.00 MM),1:3.63385,
C:\Users\Nithish\Desktop\bomdata\SSDL\P_076056002C.dwg,Model,25/10/2018 11:16:25 AM,nithish,DWG To PDF.pc3,ISO full bleed A4 (210.00 x 297.00 MM),1:3.63385,
C:\Users\Nithish\Desktop\bomdata\SSDL\P_076056002C.dwg,Model,25/10/2018 11:18:12 AM,nithish,DWG To PDF.pc3,ISO full bleed A4 (210.00 x 297.00 MM),1:3.63385,
C:\Users\Nithish\Desktop\bomdata\SSDL\P_076056002C.dwg,Model,25/10/2018 11:20:34 AM,nithish,DWG To PDF.pc3,ISO full bleed A4 (210.00 x 297.00 MM),1:3.63385,
C:\Users\Nithish\Desktop\bomdata\SSDL\P_076056002C.dwg,Model,25/10/2018 11:25:44 AM,nithish,DWG To PDF.pc3,ISO full bleed A4 (210.00 x 297.00 MM),1:3.63396,
C:\Users\Nithish\Desktop\bomdata\SSDL\P_076056002C.dwg,Model,25/10/2018 11:27:16 AM,nithish,DWG To PDF.pc3,ISO full bleed A4 (210.00 x 297.00 MM),1:3.63396,
C:\Users\Nithish\Desktop\bomdata\SSDL\P_076056002C.dwg,Model,25/10/2018 11:28:28 AM,nithish,DWG To PDF.pc3,ISO full bleed A4 (210.00 x 297.00 MM),1:3.63396,
C:\Users\Nithish\Desktop\bomdata\SSDL\P_076056002C.dwg,Model,25/10/2018 11:30:41 AM,nithish,DWG To PDF.pc3,ISO full bleed A4 (210.00 x 297.00 MM),1:3.63396,
C:\Users\Nithish\Desktop\bomdata\SSDL\P_076056002C.dwg,Model,25/10/2018 11:32:36 AM,nithish,DWG To PDF.pc3,ISO full bleed A4 (210.00 x 297.00 MM),1:3.63396,
C:\Users\Nithish\Desktop\bomdata\SSDL\P_076056002C.dwg,Model,25/10/2018 11:39:01 AM,nithish,DWG To PDF.pc3,ISO full bleed A4 (210.00 x 297.00 MM),1:3.63379,
C:\Users\Nithish\Desktop\bomdata\SSDL\P_076056002C.dwg,Model,25/10/2018 11:43:15 AM,nithish,DWG To PDF.pc3,ISO full bleed A4 (210.00 x 297.00 MM),1:3.63385,
C:\Users\Nithish\Desktop\bomdata\SSDL\P_076056002C.dwg,Model,25/10/2018 11:46:34 AM,nithish,DWG To PDF.pc3,ISO full bleed A4 (210.00 x 297.00 MM),1:3.63385,
C:\Users\Nithish\Desktop\bomdata\SSDL\P_076056002C.dwg,Model,25/10/2018 11:49:23 AM,nithish,DWG To PDF.pc3,ISO full bleed A4 (210.00 x 297.00 MM),1:3.63385,
C:\Users\Nithish\Desktop\bomdata\SSDL\P_076056002C.dwg,Model,25/10/2018 11:51:03 AM,nithish,DWG To PDF.pc3,ISO full bleed A4 (210.00 x 297.00 MM),1:3.63385,
C:\Users\Nithish\Desktop\bomdata\SSDL\P_076056002C.dwg,Model,25/10/2018 11:54:56 AM,nithish,DWG To PDF.pc3,ISO full bleed A4 (210.00 x 297.00 MM),1:3.63396,
C:\Users\Nithish\Desktop\bomdata\SSDL\P_076056002C.dwg,Model,25/10/2018 11:59:25 AM,nithish,DWG To PDF.pc3,ISO full bleed A4 (210.00 x 297.00 MM),1:3.63385,
C:\Users\Nithish\Desktop\bomdata\SSDL\P_076056002C.dwg,Model,25/10/2018 12:02:04 PM,nithish,DWG To PDF.pc3,ISO full bleed A4 (210.00 x 297.00 MM),1:3.63385,
C:\Users\Nithish\Desktop\bomdata\SSDL\P_076056002C.dwg,Model,25/10/2018 12:04:34 PM,nithish,DWG To PDF.pc3,ISO full bleed A4 (210.00 x 297.00 MM),1:3.63385,
C:\Users\Nithish\Desktop\bomdata\SSDL\P_076056002C.dwg,Model,25/10/2018 12:08:17 PM,nithish,DWG To PDF.pc3,ISO full bleed A4 (210.00 x 297.00 MM),1:3.63385,
C:\Users\Nithish\Desktop\bomdata\SSDL\P_076056002C.dwg,Model,25/10/2018 12:12:39 PM,nithish,DWG To PDF.pc3,ISO full bleed A4 (210.00 x 297.00 MM),1:3.63385,
C:\Users\Nithish\Desktop\bomdata\SSDL\P_076056002C.dwg,Model,25/10/2018 12:15:51 PM,nithish,DWG To PDF.pc3,ISO full bleed A4 (210.00 x 297.00 MM),1:3.63385,
C:\Users\Nithish\Desktop\bomdata\SSDL\P_076056002C.dwg,Model,25/10/2018 12:22:27 PM,nithish,DWG To PDF.pc3,ISO full bleed A4 (210.00 x 297.00 MM),1:3.63385,
C:\Users\Nithish\Desktop\bomdata\SSDL\P_076056002C.dwg,Model,25/10/2018 12:25:41 PM,nithish,DWG To PDF.pc3,ISO full bleed A4 (210.00 x 297.00 MM),1:3.63385,
C:\Users\Nithish\Desktop\bomdata\SSDL\P_076056002C.dwg,Model,25/10/2018 12:28:40 PM,nithish,DWG To PDF.pc3,ISO full bleed A4 (210.00 x 297.00 MM),1:3.63385,
C:\Users\Nithish\Desktop\bomdata\SSDL\P_076056002C.dwg,Model,25/10/2018 12:31:03 PM,nithish,DWG To PDF.pc3,ISO full bleed A4 (210.00 x 297.00 MM),1:3.63385,
C:\Users\Nithish\Desktop\bomdata\SSDL\P_076056002C.dwg,Model,25/10/2018 12:33:26 PM,nithish,DWG To PDF.pc3,ISO full bleed A4 (210.00 x 297.00 MM),1:3.63385,
C:\Users\Nithish\Desktop\bomdata\SSDL\P_076056002C.dwg,Model,25/10/2018 12:35:34 PM,nithish,DWG To PDF.pc3,ISO full bleed A4 (210.00 x 297.00 MM),1:3.63396,
C:\Users\Nithish\Desktop\bomdata\SSDL\P_076056002C.dwg,Model,25/10/2018 12:44:35 PM,nithish,DWG To PDF.pc3,ISO full bleed A4 (210.00 x 297.00 MM),1:3.63385,
C:\Users\Nithish\Desktop\bomdata\SSDL\P_076056002C.dwg,Model,25/10/2018 1:55:41 PM,nithish,DWG To PDF.pc3,ISO full bleed A4 (210.00 x 297.00 MM),1:3.63385,
C:\Users\Nithish\Desktop\bomdata\SSDL\P_076056002C.dwg,Model,25/10/2018 2:32:04 PM,nithish,DWG To PDF.pc3,ISO full bleed A4 (210.00 x 297.00 MM),1:3.63385,
C:\Users\Nithish\Desktop\bomdata\SSDL\P_076056002C.dwg,Model,25/10/2018 2:42:28 PM,nithish,DWG To PDF.pc3,ISO full bleed A4 (210.00 x 297.00 MM),1:3.63385,
C:\Users\Nithish\Desktop\bomdata\SSDL\P_076056002C.dwg,Model,25/10/2018 2:45:50 PM,nithish,DWG To PDF.pc3,ISO full bleed A4 (210.00 x 297.00 MM),1:3.63385,
C:\Users\Nithish\Desktop\bomdata\SSDL\P_076056002C.dwg,Model,25/10/2018 2:50:36 PM,nithish,DWG To PDF.pc3,ISO full bleed A4 (210.00 x 297.00 MM),1:3.63385,
C:\Users\Nithish\Desktop\bomdata\SSDL\P_076056002C.dwg,Model,25/10/2018 2:52:47 PM,nithish,DWG To PDF.pc3,ISO full bleed A4 (210.00 x 297.00 MM),1:3.63385,
C:\Users\Nithish\Desktop\bomdata\SSDL\P_076056002C.dwg,Model,25/10/2018 2:57:22 PM,nithish,DWG To PDF.pc3,ISO full bleed A4 (210.00 x 297.00 MM),1:3.63385,
C:\Users\Nithish\Desktop\bomdata\SSDL\P_076056002C.dwg,Model,25/10/2018 3:04:26 PM,nithish,DWG To PDF.pc3,ISO full bleed A4 (210.00 x 297.00 MM),1:3.63385,
C:\Users\Nithish\Desktop\bomdata\SSDL\P_076056002C.dwg,Model,25/10/2018 3:45:49 PM,nithish,DWG To PDF.pc3,ISO full bleed A4 (210.00 x 297.00 MM),1:3.63385,
C:\Users\Nithish\Desktop\bomdata\SSDL\P_076056002C.dwg,Model,25/10/2018 3:49:08 PM,nithish,DWG To PDF.pc3,ISO full bleed A4 (210.00 x 297.00 MM),1:3.63385,
C:\Users\Nithish\Desktop\bomdata\SSDL\P_076056002C.dwg,Model,25/10/2018 3:58:01 PM,nithish,DWG To PDF.pc3,ISO full bleed A4 (210.00 x 297.00 MM),1:3.63385,
C:\Users\Nithish\Desktop\bomdata\SSDL\P_076056002C.dwg,Model,25/10/2018 4:31:17 PM,nithish,DWG To PDF.pc3,ISO full bleed A4 (210.00 x 297.00 MM),1:3.63385,
C:\Users\Nithish\Desktop\bomdata\SSDL\P_076056002C.dwg,Model,25/10/2018 4:34:53 PM,nithish,DWG To PDF.pc3,ISO full bleed A4 (210.00 x 297.00 MM),1:3.63396,
C:\Users\Nithish\Desktop\bomdata\SSDL\P_076056002C.dwg,Model,25/10/2018 4:47:07 PM,nithish,DWG To PDF.pc3,ISO full bleed A4 (210.00 x 297.00 MM),1:3.63385,
C:\Users\Nithish\Desktop\bomdata\SSDL\P_076056002C.dwg,Model,25/10/2018 4:59:20 PM,nithish,DWG To PDF.pc3,ISO full bleed A4 (210.00 x 297.00 MM),1:3.63385,
C:\Users\Nithish\Desktop\bomdata\SSDL\P_076056002C.dwg,Model,25/10/2018 5:19:54 PM,nithish,DWG To PDF.pc3,ISO full bleed A4 (210.00 x 297.00 MM),1:3.63385,
C:\Users\Nithish\Desktop\bomdata\SSDL\P_076056002C.dwg,Model,25/10/2018 5:37:15 PM,nithish,DWG To PDF.pc3,ISO full bleed A4 (210.00 x 297.00 MM),1:3.63385,
C:\Users\Nithish\Desktop\bomdata\SSDL\P_076056002C.dwg,Model,25/10/2018 5:42:50 PM,nithish,DWG To PDF.pc3,ISO full bleed A4 (210.00 x 297.00 MM),1:3.63385,
C:\Users\Nithish\Desktop\bomdata\SSDL\P_076056002C.dwg,Model,25/10/2018 5:49:50 PM,nithish,DWG To PDF.pc3,ISO full bleed A4 (210.00 x 297.00 MM),1:3.63385,
C:\Users\Nithish\Desktop\bomdata\SSDL\P_076056002C.dwg,Model,25/10/2018 6:01:03 PM,nithish,DWG To PDF.pc3,ISO full bleed A4 (210.00 x 297.00 MM),1:3.63385,
C:\Users\Nithish\Desktop\bomdata\SSDL\P_076056002C.dwg,Model,25/10/2018 6:06:50 PM,nithish,DWG To PDF.pc3,ISO full bleed A4 (210.00 x 297.00 MM),1:3.63385,
C:\Users\Nithish\Desktop\bomdata\SSDL\P_076056002C.dwg,Model,25/10/2018 6:08:59 PM,nithish,DWG To PDF.pc3,ISO full bleed A4 (210.00 x 297.00 MM),1:3.63385,
C:\Users\Nithish\Desktop\bomdata\SSDL\P_076056002C.dwg,Model,25/10/2018 6:16:01 PM,nithish,DWG To PDF.pc3,ISO full bleed A4 (210.00 x 297.00 MM),1:3.63396,
C:\Users\Nithish\Desktop\bomdata\SSDL\P_076056002C.dwg,Model,26/10/2018 2:27:08 PM,nithish,DWG To PDF.pc3,ISO full bleed A4 (210.00 x 297.00 MM),1:3.63385,
C:\Users\Nithish\Desktop\bomdata\SSDL\P_076056002C.dwg,Model,26/10/2018 3:16:28 PM,nithish,DWG To PDF.pc3,ISO full bleed A4 (210.00 x 297.00 MM),1:3.63385,
C:\Users\Nithish\Desktop\bomdata\SSDL\P_076056002C.dwg,Model,26/10/2018 3:26:23 PM,nithish,DWG To PDF.pc3,ISO full bleed A4 (210.00 x 297.00 MM),1:3.63385,
C:\Users\Nithish\Desktop\bomdata\SSDL\P_076056002C.dwg,Model,26/10/2018 3:56:04 PM,nithish,DWG To PDF.pc3,ISO full bleed A4 (210.00 x 297.00 MM),1:3.63396,
C:\Users\Nithish\Desktop\bomdata\SSDL\P_076056002C.dwg,Model,26/10/2018 4:12:03 PM,nithish,DWG To PDF.pc3,ISO full bleed A4 (210.00 x 297.00 MM),1:3.63385,
C:\Users\Nithish\Desktop\bomdata\SSDL\P_076056002C.dwg,Model,26/10/2018 4:16:35 PM,nithish,DWG To PDF.pc3,ISO full bleed A4 (210.00 x 297.00 MM),1:3.63385,
C:\Users\Nithish\Desktop\bomdata\SSDL\P_076056002C.dwg,Model,26/10/2018 4:28:45 PM,nithish,DWG To PDF.pc3,ISO full bleed A4 (210.00 x 297.00 MM),1:3.63385,
C:\Users\Nithish\Desktop\bomdata\SSDL\P_076056002C.dwg,Model,26/10/2018 4:36:37 PM,nithish,DWG To PDF.pc3,ISO full bleed A4 (210.00 x 297.00 MM),1:3.63385,
C:\Users\Nithish\Desktop\bomdata\SSDL\P_076056002C.dwg,Model,26/10/2018 4:46:50 PM,nithish,DWG To PDF.pc3,ISO full bleed A4 (210.00 x 297.00 MM),1:3.63385,
C:\Users\Nithish\Desktop\bomdata\SSDL\P_076056002C.dwg,Model,26/10/2018 4:50:57 PM,nithish,DWG To PDF.pc3,ISO full bleed A4 (210.00 x 297.00 MM),1:3.63385,
C:\Users\Nithish\Desktop\bomdata\SSDL\P_076056002C.dwg,Model,26/10/2018 4:57:18 PM,nithish,DWG To PDF.pc3,ISO full bleed A4 (210.00 x 297.00 MM),1:3.63385,
C:\Users\Nithish\Desktop\bomdata\SSDL\P_076056002C.dwg,Model,26/10/2018 5:08:51 PM,nithish,DWG To PDF.pc3,ISO full bleed A4 (210.00 x 297.00 MM),1:3.63396,
C:\Users\Nithish\Desktop\bomdata\SSDL\P_076056002C.dwg,Model,26/10/2018 5:19:05 PM,nithish,DWG To PDF.pc3,ISO full bleed A4 (210.00 x 297.00 MM),1:3.63385,
C:\Users\Nithish\Desktop\bomdata\SSDL\P_076056002C.dwg,Model,26/10/2018 5:24:23 PM,nithish,DWG To PDF.pc3,ISO full bleed A4 (210.00 x 297.00 MM),1:3.63385,
C:\Users\Nithish\Desktop\bomdata\SSDL\P_076056002C.dwg,Model,26/10/2018 5:27:37 PM,nithish,DWG To PDF.pc3,ISO full bleed A4 (210.00 x 297.00 MM),1:3.63385,
C:\Users\Nithish\Desktop\bomdata\SSDL\P_076056002C.dwg,Model,26/10/2018 5:30:23 PM,nithish,DWG To PDF.pc3,ISO full bleed A4 (210.00 x 297.00 MM),1:3.63385,
C:\Users\Nithish\Desktop\bomdata\SSDL\P_076056002C.dwg,Model,26/10/2018 5:32:41 PM,nithish,DWG To PDF.pc3,ISO full bleed A4 (210.00 x 297.00 MM),1:3.63385,
C:\Users\Nithish\Desktop\bomdata\SSDL\P_076056002C.dwg,Model,26/10/2018 5:43:44 PM,nithish,DWG To PDF.pc3,ISO full bleed A4 (210.00 x 297.00 MM),1:3.63385,
C:\Users\Nithish\Desktop\bomdata\SSDL\P_076056002C.dwg,Model,26/10/2018 5:49:29 PM,nithish,DWG To PDF.pc3,ISO full bleed A4 (210.00 x 297.00 MM),1:3.63385,
C:\Users\Nithish\Desktop\bomdata\SSDL\P_076056002C.dwg,Model,26/10/2018 5:59:10 PM,nithish,DWG To PDF.pc3,ISO full bleed A4 (210.00 x 297.00 MM),1:3.63385,
C:\Users\Nithish\Desktop\bomdata\SSDL\P_076056002C.dwg,Model,26/10/2018 6:05:16 PM,nithish,DWG To PDF.pc3,ISO full bleed A4 (210.00 x 297.00 MM),1:3.63385,
C:\Users\Nithish\Desktop\bomdata\SSDL\P_076056002C.dwg,Model,26/10/2018 6:33:40 PM,nithish,DWG To PDF.pc3,ISO full bleed A4 (210.00 x 297.00 MM),1:3.63385,
C:\Users\Nithish\Desktop\bomdata\SSDL\P_076056002C.dwg,Model,27/10/2018 1:31:13 PM,nithish,DWG To PDF.pc3,ISO full bleed A4 (210.00 x 297.00 MM),1:3.63385,
C:\Users\Nithish\Desktop\bomdata\SSDL\P_076056002C.dwg,Model,27/10/2018 1:37:58 PM,nithish,DWG To PDF.pc3,ISO full bleed A4 (210.00 x 297.00 MM),1:3.63385,
C:\Users\Nithish\Desktop\bomdata\SSDL\P_076056002C.dwg,Model,27/10/2018 1:49:39 PM,nithish,DWG To PDF.pc3,ISO full bleed A4 (210.00 x 297.00 MM),1:3.63385,
C:\Users\Nithish\Desktop\bomdata\SSDL\P_076056002C.dwg,Model,27/10/2018 2:29:34 PM,nithish,DWG To PDF.pc3,ISO full bleed A4 (210.00 x 297.00 MM),1:3.63385,
C:\Users\Nithish\Desktop\bomdata\SSDL\P_076056002C.dwg,Model,27/10/2018 2:43:43 PM,nithish,DWG To PDF.pc3,ISO full bleed A4 (210.00 x 297.00 MM),1:3.63385,
C:\Users\Nithish\Desktop\bomdata\SSDL\P_076056002C.dwg,Model,27/10/2018 2:47:43 PM,nithish,DWG To PDF.pc3,ISO full bleed A4 (210.00 x 297.00 MM),1:3.63385,
C:\Users\Nithish\Desktop\bomdata\SSDL\P_076056002C.dwg,Model,27/10/2018 3:06:49 PM,nithish,DWG To PDF.pc3,ISO full bleed A4 (210.00 x 297.00 MM),1:3.63385,
C:\Users\Nithish\Desktop\bomdata\SSDL\P_076056002C.dwg,Model,27/10/2018 3:21:51 PM,nithish,DWG To PDF.pc3,ISO full bleed A4 (210.00 x 297.00 MM),1:3.63385,
C:\Users\Nithish\Desktop\bomdata\SSDL\P_076056002C.dwg,Model,27/10/2018 3:38:28 PM,nithish,DWG To PDF.pc3,ISO full bleed A4 (210.00 x 297.00 MM),1:3.63385,
C:\Users\Nithish\Desktop\bomdata\SSDL\P_076056002C.dwg,Model,27/10/2018 3:41:20 PM,nithish,DWG To PDF.pc3,ISO full bleed A4 (210.00 x 297.00 MM),1:3.63385,
C:\Users\Nithish\Desktop\bomdata\SSDL\P_076056002C.dwg,Model,27/10/2018 3:46:45 PM,nithish,DWG To PDF.pc3,ISO full bleed A4 (210.00 x 297.00 MM),1:3.63385,
C:\Users\Nithish\Desktop\bomdata\SSDL\P_076056002C.dwg,Model,27/10/2018 4:20:38 PM,nithish,DWG To PDF.pc3,ISO full bleed A4 (210.00 x 297.00 MM),1:3.63385,
C:\Users\Nithish\Desktop\bomdata\SSDL\P_076056002C.dwg,Model,27/10/2018 4:23:38 PM,nithish,DWG To PDF.pc3,ISO full bleed A4 (210.00 x 297.00 MM),1:3.63385,
C:\Users\Nithish\Desktop\bomdata\SSDL\P_076056002C.dwg,Model,27/10/2018 4:32:22 PM,nithish,DWG To PDF.pc3,ISO full bleed A4 (210.00 x 297.00 MM),1:3.63385,
C:\Users\Nithish\Desktop\bomdata\SSDL\P_076056002C.dwg,Model,27/10/2018 4:39:12 PM,nithish,DWG To PDF.pc3,ISO full bleed A4 (210.00 x 297.00 MM),1:3.63385,
C:\Users\Nithish\Desktop\bomdata\SSDL\P_076056002C.dwg,Model,27/10/2018 4:44:18 PM,nithish,DWG To PDF.pc3,ISO full bleed A4 (210.00 x 297.00 MM),1:3.63385,
C:\Users\Nithish\Desktop\bomdata\SSDL\P_076056002C.dwg,Model,27/10/2018 4:49:03 PM,nithish,DWG To PDF.pc3,ISO full bleed A4 (210.00 x 297.00 MM),1:3.63385,
C:\Users\Nithish\Desktop\bomdata\SSDL\P_076056002C.dwg,Model,27/10/2018 4:52:34 PM,nithish,DWG To PDF.pc3,ISO full bleed A4 (210.00 x 297.00 MM),1:3.63385,
C:\Users\Nithish\Desktop\bomdata\SSDL\P_076056002C.dwg,Model,27/10/2018 5:01:58 PM,nithish,DWG To PDF.pc3,ISO full bleed A4 (210.00 x 297.00 MM),1:3.63385,
C:\Users\Nithish\Desktop\bomdata\SSDL\P_076056002C.dwg,Model,30/10/2018 2:50:06 PM,nithish,DWG To PDF.pc3,ISO full bleed A4 (210.00 x 297.00 MM),1:3.63385,
C:\Users\Nithish\Desktop\bomdata\SSDL\P_076056002C.dwg,Model,30/10/2018 4:04:47 PM,nithish,DWG To PDF.pc3,ISO full bleed A4 (210.00 x 297.00 MM),1:9.75778,
C:\Users\Nithish\Desktop\bomdata\SSDL\P_076056002C.dwg,Model,30/10/2018 4:23:13 PM,nithish,DWG To PDF.pc3,ISO full bleed A4 (210.00 x 297.00 MM),1:9.7583,
C:\Users\Nithish\Desktop\bomdata\SSDL\P_076056002C.dwg,Model,30/10/2018 4:39:15 PM,nithish,DWG To PDF.pc3,ISO full bleed A4 (210.00 x 297.00 MM),1:9.7583,
C:\Users\Nithish\Desktop\bomdata\SSDL\P_076056002C.dwg,Model,30/10/2018 5:10:47 PM,nithish,DWG To PDF.pc3,ISO full bleed A4 (210.00 x 297.00 MM),1:9.7583,
C:\Users\Nithish\Desktop\bomdata\SSDL\PDF\P_023597007B.DWG,Model,31/10/2018 2:09:22 PM,nithish,DWG To PDF.pc3,ISO full bleed A4 (210.00 x 297.00 MM),1:1.35414,
C:\Users\Nithish\Desktop\bomdata\SSDL\P_076056002C.dwg,Model,31/10/2018 2:19:15 PM,nithish,DWG To PDF.pc3,ISO full bleed A4 (210.00 x 297.00 MM),1:9.7583,
C:\Users\Nithish\Desktop\bomdata\SSDL\P_076056002C.dwg,Model,31/10/2018 2:25:21 PM,nithish,DWG To PDF.pc3,ISO full bleed A4 (210.00 x 297.00 MM),1:9.7583,
C:\Users\Nithish\Desktop\bomdata\SSDL\P_076056002C.dwg,Model,31/10/2018 2:58:11 PM,nithish,DWG To PDF.pc3,ISO full bleed A4 (210.00 x 297.00 MM),1:9.7583,
C:\Users\Nithish\Desktop\bomdata\SSDL\P_076056002C.dwg,Model,31/10/2018 3:04:08 PM,nithish,DWG To PDF.pc3,ISO full bleed A4 (210.00 x 297.00 MM),1:9.7583,
C:\Users\Nithish\Desktop\bomdata\SSDL\P_076056002C.dwg,Model,31/10/2018 3:08:20 PM,nithish,DWG To PDF.pc3,ISO full bleed A4 (210.00 x 297.00 MM),1:9.7583,
C:\Users\Nithish\Desktop\bomdata\SSDL\P_076056002C.dwg,Model,31/10/2018 3:30:36 PM,nithish,DWG To PDF.pc3,ISO full bleed A4 (210.00 x 297.00 MM),1:9.7583,
C:\Users\Nithish\Desktop\bomdata\SSDL\P_076056002C.dwg,Model,31/10/2018 3:40:23 PM,nithish,DWG To PDF.pc3,ISO full bleed A4 (210.00 x 297.00 MM),1:9.7583,
C:\Users\Nithish\Desktop\bomdata\SSDL\PDF\P_023597007B.DWG,Model,31/10/2018 5:29:12 PM,nithish,DWG To PDF.pc3,ISO full bleed A4 (210.00 x 297.00 MM),1:2.96402,
C:\Users\Nithish\Desktop\bomdata\SSDL\P_076056002C.dwg,Model,31/10/2018 5:32:42 PM,nithish,DWG To PDF.pc3,ISO full bleed A4 (210.00 x 297.00 MM),1:9.7583,
C:\Users\Nithish\Desktop\bomdata\SSDL\P_076056002C.dwg,Model,31/10/2018 5:49:30 PM,nithish,DWG To PDF.pc3,ISO full bleed A4 (210.00 x 297.00 MM),1:9.7583,
C:\Users\Nithish\Desktop\bomdata\SSDL\P_076056002C.dwg,Model,31/10/2018 5:53:56 PM,nithish,DWG To PDF.pc3,ISO full bleed A4 (210.00 x 297.00 MM),1:9.7583,
C:\Users\Nithish\Desktop\bomdata\SSDL\P_076056002C.dwg,Model,31/10/2018 5:59:43 PM,nithish,DWG To PDF.pc3,ISO full bleed A4 (210.00 x 297.00 MM),1:9.7583,
C:\Users\Nithish\Desktop\bomdata\SSDL\P_076056002C.dwg,Model,31/10/2018 6:02:04 PM,nithish,DWG To PDF.pc3,ISO full bleed A4 (210.00 x 297.00 MM),1:9.7583,
C:\Users\Nithish\Desktop\bomdata\SSDL\P_076056002C.dwg,Model,31/10/2018 6:04:40 PM,nithish,DWG To PDF.pc3,ISO full bleed A4 (210.00 x 297.00 MM),1:9.7586,
C:\Users\Nithish\Desktop\bomdata\SSDL\P_076056002C.dwg,Model,31/10/2018 6:08:06 PM,nithish,DWG To PDF.pc3,ISO full bleed A4 (210.00 x 297.00 MM),1:9.7583,
C:\Users\Nithish\Desktop\bomdata\SSDL\P_076056002C.dwg,Model,31/10/2018 6:11:26 PM,nithish,DWG To PDF.pc3,ISO full bleed A4 (210.00 x 297.00 MM),1:9.7583,
C:\Users\Nithish\Desktop\bomdata\SSDL\P_076056002C.dwg,Model,31/10/2018 6:15:18 PM,nithish,DWG To PDF.pc3,ISO full bleed A4 (210.00 x 297.00 MM),1:9.7583,
C:\Users\Nithish\Desktop\bomdata\SSDL\P_076056002C.dwg,Model,31/10/2018 6:18:36 PM,nithish,DWG To PDF.pc3,ISO full bleed A4 (210.00 x 297.00 MM),1:9.7583,
C:\Users\Nithish\Desktop\bomdata\SSDL\P_076056002C.dwg,Model,31/10/2018 6:22:56 PM,nithish,DWG To PDF.pc3,ISO full bleed A4 (210.00 x 297.00 MM),1:9.7583,
C:\Users\Nithish\Desktop\bomdata\SSDL\P_076056002C.dwg,Model,31/10/2018 6:25:15 PM,nithish,DWG To PDF.pc3,ISO full bleed A4 (210.00 x 297.00 MM),1:9.7583,
C:\Users\Nithish\Desktop\bomdata\SSDL\P_076056002C.dwg,Model,31/10/2018 6:27:52 PM,nithish,DWG To PDF.pc3,ISO full bleed A4 (210.00 x 297.00 MM),1:9.7583,
C:\Users\Nithish\Desktop\bomdata\SSDL\P_076056002C.dwg,Model,31/10/2018 6:30:16 PM,nithish,DWG To PDF.pc3,ISO full bleed A4 (210.00 x 297.00 MM),1:9.7583,
C:\Users\Nithish\Desktop\bomdata\SSDL\P_076056002C.dwg,Model,31/10/2018 6:33:54 PM,nithish,DWG To PDF.pc3,ISO full bleed A4 (210.00 x 297.00 MM),1:9.7583,
C:\Users\Nithish\Desktop\bomdata\SSDL\P_076056002C.dwg,Model,31/10/2018 6:36:40 PM,nithish,DWG To PDF.pc3,ISO full bleed A4 (210.00 x 297.00 MM),1:9.7583,
C:\Users\Nithish\Desktop\bomdata\SSDL\P_076056002C.dwg,Model,31/10/2018 6:37:42 PM,nithish,DWG To PDF.pc3,ISO full bleed A4 (210.00 x 297.00 MM),1:9.7583,
C:\Users\Nithish\Desktop\bomdata\SSDL\P_076056002C.dwg,Model,31/10/2018 6:56:29 PM,nithish,DWG To PDF.pc3,ISO full bleed A4 (210.00 x 297.00 MM),1:9.7586,
C:\Users\Nithish\Desktop\bomdata\SSDL\P_076197999A.dwg,Model,01/11/2018 12:27:11 PM,nithish,DWG To PDF.pc3,ISO A4 (210.00 x 297.00 MM),1:1.53051,
C:\Users\Nithish\Desktop\bomdata\SSDL\P_023536002D.dwg,Model,01/11/2018 12:46:26 PM,nithish,DWG To PDF.pc3,ISO full bleed A4 (210.00 x 297.00 MM),1:1.85937,
C:\Users\Nithish\Desktop\bomdata\SSDL\P_076197999A.dwg,Model,01/11/2018 12:49:48 PM,nithish,DWG To PDF.pc3,ISO A4 (210.00 x 297.00 MM),1:1.53051,
C:\Users\Nithish\Desktop\bomdata\SSDL\P_076197999A.dwg,Model,01/11/2018 1:00:24 PM,nithish,DWG To PDF.pc3,ISO A4 (210.00 x 297.00 MM),1:1.53051,
C:\Users\Nithish\Desktop\bomdata\SSDL\P_076197999A.dwg,Model,01/11/2018 1:58:30 PM,nithish,DWG To PDF.pc3,ISO A4 (210.00 x 297.00 MM),1:1.53051,
C:\Users\Nithish\Desktop\bomdata\SSDL\P_076197999A.dwg,Model,01/11/2018 1:58:34 PM,nithish,DWG To PDF.pc3,ISO A4 (210.00 x 297.00 MM),1:1.53051,
C:\Users\Nithish\Desktop\bomdata\SSDL\P_076197999A.dwg,Model,01/11/2018 1:58:35 PM,nithish,DWG To PDF.pc3,ISO A4 (210.00 x 297.00 MM),1:1.53051,
C:\Users\Nithish\Desktop\bomdata\SSDL\P_076197999A.dwg,Model,01/11/2018 2:08:37 PM,nithish,DWG To PDF.pc3,ISO A4 (210.00 x 297.00 MM),1:1.53051,
C:\Users\Nithish\Desktop\bomdata\SSDL\P_076197999A.dwg,Model,01/11/2018 5:05:01 PM,nithish,DWG To PDF.pc3,ISO A4 (210.00 x 297.00 MM),1:4.77873,
C:\Users\Nithish\Desktop\bomdata\SSDL\P_076197999A.dwg,Model,01/11/2018 5:07:24 PM,nithish,DWG To PDF.pc3,ISO A4 (210.00 x 297.00 MM),1:4.77873,
C:\Users\Nithish\Desktop\bomdata\SSDL\P_076197999A.dwg,Model,01/11/2018 5:14:16 PM,nithish,DWG To PDF.pc3,ISO A4 (210.00 x 297.00 MM),1:4.77888,
C:\Users\Nithish\Desktop\bomdata\SSDL\P_076197999A.dwg,Model,01/11/2018 5:20:59 PM,nithish,DWG To PDF.pc3,ISO A4 (210.00 x 297.00 MM),1:4.77873,
C:\Users\Nithish\Desktop\bomdata\SSDL\P_076197999A.dwg,Model,01/11/2018 5:25:08 PM,nithish,DWG To PDF.pc3,ISO A4 (210.00 x 297.00 MM),1:1.53187,
C:\Users\Nithish\Desktop\bomdata\SSDL\P_076197999A.dwg,Model,01/11/2018 5:26:58 PM,nithish,DWG To PDF.pc3,ISO A4 (210.00 x 297.00 MM),1:1.53187,
C:\Users\Nithish\Desktop\bomdata\SSDL\P_076197999A.dwg,Model,01/11/2018 5:29:40 PM,nithish,DWG To PDF.pc3,ISO A4 (210.00 x 297.00 MM),1:1.53186,
C:\Users\Nithish\Desktop\bomdata\SSDL\P_076197999A.dwg,Model,01/11/2018 5:31:41 PM,nithish,DWG To PDF.pc3,ISO A4 (210.00 x 297.00 MM),1:1.53186,
C:\Users\Nithish\Desktop\bomdata\SSDL\P_076197999A.dwg,Model,01/11/2018 5:33:55 PM,nithish,DWG To PDF.pc3,ISO A4 (210.00 x 297.00 MM),1:1.53186,
C:\Users\Nithish\Desktop\bomdata\SSDL\P_076197999A.dwg,Model,01/11/2018 5:35:54 PM,nithish,DWG To PDF.pc3,ISO A4 (210.00 x 297.00 MM),1:1.53186,
C:\Users\Nithish\Desktop\bomdata\SSDL\P_076197999A.dwg,Model,01/11/2018 5:41:42 PM,nithish,DWG To PDF.pc3,ISO A4 (210.00 x 297.00 MM),1:1.53186,
C:\Users\Nithish\Desktop\bomdata\SSDL\P_076056002C.dwg,Model,01/11/2018 5:44:52 PM,nithish,DWG To PDF.pc3,ISO full bleed A4 (210.00 x 297.00 MM),1:9.7583,
C:\Users\Nithish\Desktop\bomdata\SSDL\P_076056002C.dwg,Model,02/11/2018 11:22:12 AM,nithish,DWG To PDF.pc3,ISO full bleed A4 (210.00 x 297.00 MM),1:9.7583,
C:\Users\Nithish\Desktop\bomdata\SSDL\PDF\P_023536002D.dwg,Model,08/11/2018 1:51:12 PM,nithish,DWG To PDF.pc3,ISO full bleed A4 (210.00 x 297.00 MM),1:2.14807,
C:\Users\Nithish\Desktop\bomdata\SSDL\PDF\P_023536002D.dwg,Model,08/11/2018 2:49:18 PM,nithish,DWG To PDF.pc3,ISO full bleed A4 (210.00 x 297.00 MM),1:2.14807,
C:\Users\Nithish\Desktop\bomdata\SSDL\PDF\P_023536002D.dwg,Model,08/11/2018 2:51:35 PM,nithish,DWG To PDF.pc3,ISO full bleed A4 (210.00 x 297.00 MM),1:2.14807,
C:\Users\Nithish\Desktop\bomdata\SSDL\PDF\P_023536002D.dwg,Model,08/11/2018 2:53:59 PM,nithish,DWG To PDF.pc3,ISO full bleed A4 (210.00 x 297.00 MM),1:2.14807,
C:\Users\Nithish\Desktop\bomdata\SSDL\PDF\P_023536002D.dwg,Model,08/11/2018 3:00:04 PM,nithish,DWG To PDF.pc3,ISO full bleed A4 (210.00 x 297.00 MM),1:2.14807,
C:\Users\Nithish\Desktop\bomdata\SSDL\PDF\P_023536002D (1).dwg,Model,08/11/2018 3:06:09 PM,nithish,DWG To PDF.pc3,ISO full bleed A4 (210.00 x 297.00 MM),1:2.14807,
C:\Users\Nithish\Desktop\bomdata\SSDL\PDF\P_023536002D (1).dwg,Model,08/11/2018 3:53:19 PM,nithish,DWG To PDF.pc3,ISO full bleed A4 (210.00 x 297.00 MM),1:2.14813,
C:\Users\Nithish\Desktop\bomdata\SSDL\PDF\P_023536002D (1).dwg,Model,08/11/2018 3:54:11 PM,nithish,DWG To PDF.pc3,ISO full bleed A4 (210.00 x 297.00 MM),1:2.14813,
C:\Users\Nithish\Desktop\bomdata\SSDL\PDF\P_023536002D (1).dwg,Model,08/11/2018 3:55:35 PM,nithish,DWG To PDF.pc3,ISO full bleed A4 (210.00 x 297.00 MM),1:2.14813,
C:\Users\Nithish\Desktop\bomdata\SSDL\PDF\P_023536002D (1).dwg,Model,08/11/2018 3:56:10 PM,nithish,DWG To PDF.pc3,ISO full bleed A4 (210.00 x 297.00 MM),1:2.14813,
